#
# There is insufficient memory for the Java Runtime Environment to continue.
# Native memory allocation (malloc) failed to allocate 1040176 bytes for Chunk::new
# Possible reasons:
#   The system is out of physical RAM or swap space
#   The process is running with CompressedOops enabled, and the Java Heap may be blocking the growth of the native heap
# Possible solutions:
#   Reduce memory load on the system
#   Increase physical memory or swap space
#   Check if swap backing store is full
#   Decrease Java heap size (-Xmx/-Xms)
#   Decrease number of Java threads
#   Decrease Java thread stack sizes (-Xss)
#   Set larger code cache with -XX:ReservedCodeCacheSize=
#   JVM is running with Unscaled Compressed Oops mode in which the Java heap is
#     placed in the first 4GB address space. The Java Heap base address is the
#     maximum limit for the native heap growth. Please use -XX:HeapBaseMinAddress
#     to set the Java Heap base and to place the Java Heap above 4GB virtual address.
# This output file may be truncated or incomplete.
#
#  Out of Memory Error (src/hotspot/share/memory/arena.cpp:197), pid=23860, tid=31252
#
# JRE version: OpenJDK Runtime Environment (11.0.15) (build 11.0.15+0-b2043.56-9505619)
# Java VM: OpenJDK 64-Bit Server VM (11.0.15+0-b2043.56-9505619, mixed mode, tiered, compressed oops, g1 gc, windows-amd64)
# No core dump will be written. Minidumps are not enabled by default on client versions of Windows
#

---------------  S U M M A R Y ------------

Command Line: -XX:MaxMetaspaceSize=512m --add-opens=java.base/java.util=ALL-UNNAMED --add-opens=java.base/java.lang=ALL-UNNAMED --add-opens=java.base/java.lang.invoke=ALL-UNNAMED --add-opens=java.base/java.util=ALL-UNNAMED --add-opens=java.prefs/java.util.prefs=ALL-UNNAMED --add-opens=java.prefs/java.util.prefs=ALL-UNNAMED --add-opens=java.base/java.nio.charset=ALL-UNNAMED --add-opens=java.base/java.net=ALL-UNNAMED --add-opens=java.base/java.util.concurrent.atomic=ALL-UNNAMED -Xmx2048m -Dfile.encoding=windows-1252 -Duser.country=US -Duser.language=en -Duser.variant org.gradle.launcher.daemon.bootstrap.GradleDaemon 7.5.1

Host: Intel(R) Core(TM) i5-10300H CPU @ 2.50GHz, 8 cores, 7G,  Windows 11 , 64 bit Build 22621 (10.0.22621.1485)
Time: Sun Apr 23 13:01:35 2023 GTB Daylight Time elapsed time: 50.296585 seconds (0d 0h 0m 50s)

---------------  T H R E A D  ---------------

Current thread (0x0000011a68e2d800):  JavaThread "C2 CompilerThread0" daemon [_thread_in_native, id=31252, stack(0x0000001708700000,0x0000001708800000)]


Current CompileTask:
C2:  50297 5946       4       groovy.lang.MetaMethod::getMopName (105 bytes)

Stack: [0x0000001708700000,0x0000001708800000]
Native frames: (J=compiled Java code, j=interpreted, Vv=VM code, C=native code)
V  [jvm.dll+0x64135a]
V  [jvm.dll+0x7d39f9]
V  [jvm.dll+0x7d51b9]
V  [jvm.dll+0x7d58a3]
V  [jvm.dll+0x2691c5]
V  [jvm.dll+0xc1a5c]
V  [jvm.dll+0xc200c]
V  [jvm.dll+0x377462]
V  [jvm.dll+0x342495]
V  [jvm.dll+0x34186a]
V  [jvm.dll+0x2214bd]
V  [jvm.dll+0x220498]
V  [jvm.dll+0x19e851]
V  [jvm.dll+0x230479]
V  [jvm.dll+0x22e5ef]
V  [jvm.dll+0x794de1]
V  [jvm.dll+0x78dc24]
V  [jvm.dll+0x6400f6]
C  [ucrtbase.dll+0x29363]
C  [KERNEL32.DLL+0x1269d]
C  [ntdll.dll+0x5a9f8]


---------------  P R O C E S S  ---------------

Threads class SMR info:
_java_thread_list=0x0000011a716f8f50, length=78, elements={
0x0000011a4e96f800, 0x0000011a68e06000, 0x0000011a68e07800, 0x0000011a68e26800,
0x0000011a68e27000, 0x0000011a68e2c000, 0x0000011a68e2d800, 0x0000011a68e33000,
0x0000011a68e34800, 0x0000011a698e2800, 0x0000011a6a440800, 0x0000011a6a387800,
0x0000011a6b6ba000, 0x0000011a6b2c7800, 0x0000011a6a8e3000, 0x0000011a6ad77800,
0x0000011a6aa62000, 0x0000011a6b64c800, 0x0000011a6aed2800, 0x0000011a6b7c9800,
0x0000011a6b7ca000, 0x0000011a6b7c6000, 0x0000011a6b7c7000, 0x0000011a6b7c4800,
0x0000011a6b7cb000, 0x0000011a6b7c5000, 0x0000011a6b7c7800, 0x0000011a6b7c8800,
0x0000011a6bdb2800, 0x0000011a6bdb4000, 0x0000011a6bdb0000, 0x0000011a6bdb5000,
0x0000011a6bdaf000, 0x0000011a6bdb1800, 0x0000011a6bdb6000, 0x0000011a6bdb3800,
0x0000011a6deb9800, 0x0000011a6deb7000, 0x0000011a6deba800, 0x0000011a6deb8000,
0x0000011a6debb000, 0x0000011a6deb6800, 0x0000011a6debd000, 0x0000011a6debc000,
0x0000011a6debd800, 0x0000011a6debe800, 0x0000011a6deb8800, 0x0000011a6dec3800,
0x0000011a6dec1800, 0x0000011a6dec1000, 0x0000011a6dec0000, 0x0000011a6dec2800,
0x0000011a6dec4000, 0x0000011a6debf800, 0x0000011a6dec5000, 0x0000011a69b51000,
0x0000011a69b54800, 0x0000011a69b52000, 0x0000011a69b52800, 0x0000011a69b55000,
0x0000011a69b56000, 0x0000011a69b53800, 0x0000011a69b50800, 0x0000011a69b57000,
0x0000011a69b59800, 0x0000011a69b5a000, 0x0000011a69b58800, 0x0000011a69b5b000,
0x0000011a69b5b800, 0x0000011a69b5d800, 0x0000011a69b5c800, 0x0000011a69b57800,
0x0000011a69b5f000, 0x0000011a69b5e000, 0x0000011a69a7b800, 0x0000011a69a77800,
0x0000011a6ab0a000, 0x0000011a69a78000
}

Java Threads: ( => current thread )
  0x0000011a4e96f800 JavaThread "main" [_thread_blocked, id=29164, stack(0x0000001707b00000,0x0000001707c00000)]
  0x0000011a68e06000 JavaThread "Reference Handler" daemon [_thread_blocked, id=5888, stack(0x0000001708200000,0x0000001708300000)]
  0x0000011a68e07800 JavaThread "Finalizer" daemon [_thread_blocked, id=17548, stack(0x0000001708300000,0x0000001708400000)]
  0x0000011a68e26800 JavaThread "Signal Dispatcher" daemon [_thread_blocked, id=1660, stack(0x0000001708400000,0x0000001708500000)]
  0x0000011a68e27000 JavaThread "Attach Listener" daemon [_thread_blocked, id=25364, stack(0x0000001708500000,0x0000001708600000)]
  0x0000011a68e2c000 JavaThread "Service Thread" daemon [_thread_blocked, id=1052, stack(0x0000001708600000,0x0000001708700000)]
=>0x0000011a68e2d800 JavaThread "C2 CompilerThread0" daemon [_thread_in_native, id=31252, stack(0x0000001708700000,0x0000001708800000)]
  0x0000011a68e33000 JavaThread "C1 CompilerThread0" daemon [_thread_blocked, id=28344, stack(0x0000001708800000,0x0000001708900000)]
  0x0000011a68e34800 JavaThread "Sweeper thread" daemon [_thread_blocked, id=6552, stack(0x0000001708900000,0x0000001708a00000)]
  0x0000011a698e2800 JavaThread "Common-Cleaner" daemon [_thread_blocked, id=18976, stack(0x0000001708a00000,0x0000001708b00000)]
  0x0000011a6a440800 JavaThread "Daemon health stats" [_thread_blocked, id=32844, stack(0x0000001708e00000,0x0000001708f00000)]
  0x0000011a6a387800 JavaThread "Incoming local TCP Connector on port 51279" [_thread_in_native, id=26892, stack(0x0000001708f00000,0x0000001709000000)]
  0x0000011a6b6ba000 JavaThread "Daemon periodic checks" [_thread_blocked, id=30648, stack(0x0000001709000000,0x0000001709100000)]
  0x0000011a6b2c7800 JavaThread "Daemon" [_thread_blocked, id=34472, stack(0x0000001709100000,0x0000001709200000)]
  0x0000011a6a8e3000 JavaThread "Handler for socket connection from /127.0.0.1:51279 to /127.0.0.1:51280" [_thread_in_native, id=8884, stack(0x0000001709200000,0x0000001709300000)]
  0x0000011a6ad77800 JavaThread "Cancel handler" [_thread_blocked, id=30948, stack(0x0000001709300000,0x0000001709400000)]
  0x0000011a6aa62000 JavaThread "Daemon worker" [_thread_in_vm, id=15312, stack(0x0000001709400000,0x0000001709500000)]
  0x0000011a6b64c800 JavaThread "Asynchronous log dispatcher for DefaultDaemonConnection: socket connection from /127.0.0.1:51279 to /127.0.0.1:51280" [_thread_blocked, id=31332, stack(0x0000001709500000,0x0000001709600000)]
  0x0000011a6aed2800 JavaThread "Stdin handler" [_thread_blocked, id=27824, stack(0x0000001709600000,0x0000001709700000)]
  0x0000011a6b7c9800 JavaThread "Daemon client event forwarder" [_thread_blocked, id=20588, stack(0x0000001709700000,0x0000001709800000)]
  0x0000011a6b7ca000 JavaThread "Cache worker for journal cache (C:\Users\Alex\.gradle\caches\journal-1)" [_thread_blocked, id=22360, stack(0x0000001709d00000,0x0000001709e00000)]
  0x0000011a6b7c6000 JavaThread "File lock request listener" [_thread_in_native, id=288, stack(0x0000001709e00000,0x0000001709f00000)]
  0x0000011a6b7c7000 JavaThread "Cache worker for file hash cache (C:\Users\Alex\.gradle\caches\7.5.1\fileHashes)" [_thread_blocked, id=25232, stack(0x000000170a000000,0x000000170a100000)]
  0x0000011a6b7c4800 JavaThread "File watcher server" daemon [_thread_in_native, id=33740, stack(0x000000170a100000,0x000000170a200000)]
  0x0000011a6b7cb000 JavaThread "File watcher consumer" daemon [_thread_blocked, id=33468, stack(0x000000170a200000,0x000000170a300000)]
  0x0000011a6b7c5000 JavaThread "Cache worker for checksums cache (C:\Users\Alex\Desktop\AwesomeProject\android\.gradle\7.5.1\checksums)" [_thread_blocked, id=26696, stack(0x000000170a300000,0x000000170a400000)]
  0x0000011a6b7c7800 JavaThread "Cache worker for cache directory md-rule (C:\Users\Alex\.gradle\caches\7.5.1\md-rule)" [_thread_blocked, id=24724, stack(0x000000170a400000,0x000000170a500000)]
  0x0000011a6b7c8800 JavaThread "Cache worker for file content cache (C:\Users\Alex\.gradle\caches\7.5.1\fileContent)" [_thread_blocked, id=15816, stack(0x000000170a500000,0x000000170a600000)]
  0x0000011a6bdb2800 JavaThread "Cache worker for file hash cache (C:\Users\Alex\Desktop\AwesomeProject\android\.gradle\7.5.1\fileHashes)" [_thread_blocked, id=10176, stack(0x000000170a600000,0x000000170a700000)]
  0x0000011a6bdb4000 JavaThread "Cache worker for cache directory md-supplier (C:\Users\Alex\.gradle\caches\7.5.1\md-supplier)" [_thread_blocked, id=28104, stack(0x000000170a700000,0x000000170a800000)]
  0x0000011a6bdb0000 JavaThread "Cache worker for execution history cache (C:\Users\Alex\.gradle\caches\7.5.1\executionHistory)" [_thread_blocked, id=12588, stack(0x000000170a800000,0x000000170a900000)]
  0x0000011a6bdb5000 JavaThread "jar transforms" [_thread_blocked, id=12888, stack(0x000000170a900000,0x000000170aa00000)]
  0x0000011a6bdaf000 JavaThread "jar transforms Thread 2" [_thread_blocked, id=23324, stack(0x000000170aa00000,0x000000170ab00000)]
  0x0000011a6bdb1800 JavaThread "jar transforms Thread 3" [_thread_blocked, id=23980, stack(0x000000170ab00000,0x000000170ac00000)]
  0x0000011a6bdb6000 JavaThread "jar transforms Thread 4" [_thread_blocked, id=30872, stack(0x000000170ac00000,0x000000170ad00000)]
  0x0000011a6bdb3800 JavaThread "jar transforms Thread 5" [_thread_blocked, id=24548, stack(0x000000170ad00000,0x000000170ae00000)]
  0x0000011a6deb9800 JavaThread "jar transforms Thread 6" [_thread_blocked, id=28700, stack(0x000000170ae00000,0x000000170af00000)]
  0x0000011a6deb7000 JavaThread "Cache worker for kotlin-dsl (C:\Users\Alex\.gradle\caches\7.5.1\kotlin-dsl)" [_thread_blocked, id=21040, stack(0x000000170af00000,0x000000170b000000)]
  0x0000011a6deba800 JavaThread "jar transforms Thread 7" [_thread_blocked, id=5792, stack(0x000000170b000000,0x000000170b100000)]
  0x0000011a6deb8000 JavaThread "jar transforms Thread 8" [_thread_blocked, id=5796, stack(0x000000170b300000,0x000000170b400000)]
  0x0000011a6debb000 JavaThread "Cache worker for dependencies-accessors (C:\Users\Alex\Desktop\AwesomeProject\android\.gradle\7.5.1\dependencies-accessors)" [_thread_blocked, id=4480, stack(0x000000170b400000,0x000000170b500000)]
  0x0000011a6deb6800 JavaThread "Cache worker for Build Output Cleanup Cache (C:\Users\Alex\Desktop\AwesomeProject\node_modules\react-native-gradle-plugin\.gradle\buildOutputCleanup)" [_thread_blocked, id=5616, stack(0x000000170b500000,0x000000170b600000)]
  0x0000011a6debd000 JavaThread "Unconstrained build operations" [_thread_blocked, id=32340, stack(0x000000170b700000,0x000000170b800000)]
  0x0000011a6debc000 JavaThread "Unconstrained build operations Thread 2" [_thread_blocked, id=14604, stack(0x000000170b800000,0x000000170b900000)]
  0x0000011a6debd800 JavaThread "Unconstrained build operations Thread 3" [_thread_blocked, id=13508, stack(0x000000170b900000,0x000000170ba00000)]
  0x0000011a6debe800 JavaThread "Unconstrained build operations Thread 4" [_thread_blocked, id=27124, stack(0x000000170ba00000,0x000000170bb00000)]
  0x0000011a6deb8800 JavaThread "Unconstrained build operations Thread 5" [_thread_blocked, id=16332, stack(0x000000170bb00000,0x000000170bc00000)]
  0x0000011a6dec3800 JavaThread "Unconstrained build operations Thread 6" [_thread_blocked, id=31416, stack(0x000000170bc00000,0x000000170bd00000)]
  0x0000011a6dec1800 JavaThread "Unconstrained build operations Thread 7" [_thread_blocked, id=33396, stack(0x000000170bd00000,0x000000170be00000)]
  0x0000011a6dec1000 JavaThread "Unconstrained build operations Thread 8" [_thread_blocked, id=16112, stack(0x000000170be00000,0x000000170bf00000)]
  0x0000011a6dec0000 JavaThread "Unconstrained build operations Thread 9" [_thread_blocked, id=16860, stack(0x000000170bf00000,0x000000170c000000)]
  0x0000011a6dec2800 JavaThread "Unconstrained build operations Thread 10" [_thread_blocked, id=32932, stack(0x000000170c000000,0x000000170c100000)]
  0x0000011a6dec4000 JavaThread "Unconstrained build operations Thread 11" [_thread_blocked, id=25128, stack(0x000000170c100000,0x000000170c200000)]
  0x0000011a6debf800 JavaThread "Unconstrained build operations Thread 12" [_thread_blocked, id=30336, stack(0x000000170c200000,0x000000170c300000)]
  0x0000011a6dec5000 JavaThread "Unconstrained build operations Thread 13" [_thread_blocked, id=33152, stack(0x000000170c300000,0x000000170c400000)]
  0x0000011a69b51000 JavaThread "Unconstrained build operations Thread 14" [_thread_blocked, id=13012, stack(0x000000170c400000,0x000000170c500000)]
  0x0000011a69b54800 JavaThread "Unconstrained build operations Thread 15" [_thread_blocked, id=27348, stack(0x000000170c500000,0x000000170c600000)]
  0x0000011a69b52000 JavaThread "Unconstrained build operations Thread 16" [_thread_blocked, id=14596, stack(0x000000170c600000,0x000000170c700000)]
  0x0000011a69b52800 JavaThread "Unconstrained build operations Thread 17" [_thread_blocked, id=16584, stack(0x000000170c700000,0x000000170c800000)]
  0x0000011a69b55000 JavaThread "Unconstrained build operations Thread 18" [_thread_blocked, id=18128, stack(0x000000170c800000,0x000000170c900000)]
  0x0000011a69b56000 JavaThread "Unconstrained build operations Thread 19" [_thread_blocked, id=20492, stack(0x000000170c900000,0x000000170ca00000)]
  0x0000011a69b53800 JavaThread "Unconstrained build operations Thread 20" [_thread_blocked, id=15536, stack(0x000000170ca00000,0x000000170cb00000)]
  0x0000011a69b50800 JavaThread "Unconstrained build operations Thread 21" [_thread_blocked, id=22484, stack(0x000000170cb00000,0x000000170cc00000)]
  0x0000011a69b57000 JavaThread "Unconstrained build operations Thread 22" [_thread_blocked, id=2312, stack(0x000000170cc00000,0x000000170cd00000)]
  0x0000011a69b59800 JavaThread "Unconstrained build operations Thread 23" [_thread_blocked, id=24016, stack(0x000000170cd00000,0x000000170ce00000)]
  0x0000011a69b5a000 JavaThread "Unconstrained build operations Thread 24" [_thread_blocked, id=26824, stack(0x000000170ce00000,0x000000170cf00000)]
  0x0000011a69b58800 JavaThread "Unconstrained build operations Thread 25" [_thread_blocked, id=16716, stack(0x000000170cf00000,0x000000170d000000)]
  0x0000011a69b5b000 JavaThread "Unconstrained build operations Thread 26" [_thread_blocked, id=29484, stack(0x000000170d000000,0x000000170d100000)]
  0x0000011a69b5b800 JavaThread "Unconstrained build operations Thread 27" [_thread_blocked, id=23116, stack(0x000000170d100000,0x000000170d200000)]
  0x0000011a69b5d800 JavaThread "Unconstrained build operations Thread 28" [_thread_blocked, id=17616, stack(0x000000170d200000,0x000000170d300000)]
  0x0000011a69b5c800 JavaThread "Unconstrained build operations Thread 29" [_thread_blocked, id=15376, stack(0x000000170d300000,0x000000170d400000)]
  0x0000011a69b57800 JavaThread "Unconstrained build operations Thread 30" [_thread_blocked, id=19704, stack(0x000000170d400000,0x000000170d500000)]
  0x0000011a69b5f000 JavaThread "Unconstrained build operations Thread 31" [_thread_blocked, id=9480, stack(0x000000170d500000,0x000000170d600000)]
  0x0000011a69b5e000 JavaThread "Unconstrained build operations Thread 32" [_thread_blocked, id=31912, stack(0x000000170d600000,0x000000170d700000)]
  0x0000011a69a7b800 JavaThread "Unconstrained build operations Thread 33" [_thread_blocked, id=26764, stack(0x000000170d700000,0x000000170d800000)]
  0x0000011a69a77800 JavaThread "build event listener" [_thread_blocked, id=34136, stack(0x000000170d800000,0x000000170d900000)]
  0x0000011a6ab0a000 JavaThread "C2 CompilerThread1" daemon [_thread_in_native, id=34688, stack(0x000000170d900000,0x000000170da00000)]
  0x0000011a69a78000 JavaThread "Memory manager" [_thread_blocked, id=31272, stack(0x000000170da00000,0x000000170db00000)]

Other Threads:
  0x0000011a68e04800 VMThread "VM Thread" [stack: 0x0000001708100000,0x0000001708200000] [id=5620]
  0x0000011a698f7800 WatcherThread [stack: 0x0000001708b00000,0x0000001708c00000] [id=7260]
  0x0000011a4e989000 GCTaskThread "GC Thread#0" [stack: 0x0000001707c00000,0x0000001707d00000] [id=4900]
  0x0000011a6a47f800 GCTaskThread "GC Thread#1" [stack: 0x0000001708c00000,0x0000001708d00000] [id=25116]
  0x0000011a6a520800 GCTaskThread "GC Thread#2" [stack: 0x0000001708d00000,0x0000001708e00000] [id=33036]
  0x0000011a6baa4800 GCTaskThread "GC Thread#3" [stack: 0x0000001709800000,0x0000001709900000] [id=15980]
  0x0000011a6b98a000 GCTaskThread "GC Thread#4" [stack: 0x0000001709900000,0x0000001709a00000] [id=24276]
  0x0000011a6ae00000 GCTaskThread "GC Thread#5" [stack: 0x0000001709a00000,0x0000001709b00000] [id=16784]
  0x0000011a6b997000 GCTaskThread "GC Thread#6" [stack: 0x0000001709b00000,0x0000001709c00000] [id=25420]
  0x0000011a6b997800 GCTaskThread "GC Thread#7" [stack: 0x0000001709c00000,0x0000001709d00000] [id=34576]
  0x0000011a4e9bb800 ConcurrentGCThread "G1 Main Marker" [stack: 0x0000001707d00000,0x0000001707e00000] [id=33168]
  0x0000011a4e9bc800 ConcurrentGCThread "G1 Conc#0" [stack: 0x0000001707e00000,0x0000001707f00000] [id=21816]
  0x0000011a6bd69800 ConcurrentGCThread "G1 Conc#1" [stack: 0x0000001709f00000,0x000000170a000000] [id=21980]
  0x0000011a4ea3e800 ConcurrentGCThread "G1 Refine#0" [stack: 0x0000001707f00000,0x0000001708000000] [id=21540]
  0x0000011a68c72800 ConcurrentGCThread "G1 Young RemSet Sampling" [stack: 0x0000001708000000,0x0000001708100000] [id=24040]

Threads with active compile tasks:
C2 CompilerThread0    50351 5946       4       groovy.lang.MetaMethod::getMopName (105 bytes)
C2 CompilerThread1    50351 5956       4       groovy.lang.MetaClassImpl::addMetaMethodToIndex (65 bytes)

VM state:not at safepoint (normal execution)

VM Mutex/Monitor currently owned by a thread: None

Heap address: 0x0000000080000000, size: 2048 MB, Compressed Oops mode: 32-bit
Narrow klass base: 0x0000000000000000, Narrow klass shift: 3
Compressed class space size: 528482304 Address: 0x0000000100000000

Heap:
 garbage-first heap   total 155648K, used 55876K [0x0000000080000000, 0x0000000100000000)
  region size 1024K, 14 young (14336K), 5 survivors (5120K)
 Metaspace       used 64969K, capacity 66749K, committed 66896K, reserved 575488K
  class space    used 8413K, capacity 9154K, committed 9216K, reserved 516096K
Heap Regions: E=young(eden), S=young(survivor), O=old, HS=humongous(starts), HC=humongous(continues), CS=collection set, F=free, A=archive, TAMS=top-at-mark-start (previous, next)
|   0|0x0000000080000000, 0x0000000080100000, 0x0000000080100000|100%| O|  |TAMS 0x0000000080100000, 0x0000000080000000| Untracked 
|   1|0x0000000080100000, 0x0000000080200000, 0x0000000080200000|100%| O|  |TAMS 0x0000000080200000, 0x0000000080100000| Untracked 
|   2|0x0000000080200000, 0x0000000080300000, 0x0000000080300000|100%| O|  |TAMS 0x0000000080300000, 0x0000000080200000| Untracked 
|   3|0x0000000080300000, 0x0000000080400000, 0x0000000080400000|100%|HS|  |TAMS 0x0000000080400000, 0x0000000080300000| Complete 
|   4|0x0000000080400000, 0x0000000080500000, 0x0000000080500000|100%|HC|  |TAMS 0x0000000080500000, 0x0000000080400000| Complete 
|   5|0x0000000080500000, 0x0000000080600000, 0x0000000080600000|100%|HC|  |TAMS 0x0000000080600000, 0x0000000080500000| Complete 
|   6|0x0000000080600000, 0x0000000080700000, 0x0000000080700000|100%| O|  |TAMS 0x0000000080700000, 0x0000000080600000| Untracked 
|   7|0x0000000080700000, 0x0000000080800000, 0x0000000080800000|100%| O|  |TAMS 0x0000000080800000, 0x0000000080700000| Untracked 
|   8|0x0000000080800000, 0x0000000080900000, 0x0000000080900000|100%| O|  |TAMS 0x0000000080900000, 0x0000000080800000| Untracked 
|   9|0x0000000080900000, 0x0000000080a00000, 0x0000000080a00000|100%| O|  |TAMS 0x0000000080a00000, 0x0000000080900000| Untracked 
|  10|0x0000000080a00000, 0x0000000080b00000, 0x0000000080b00000|100%| O|  |TAMS 0x0000000080b00000, 0x0000000080a00000| Untracked 
|  11|0x0000000080b00000, 0x0000000080c00000, 0x0000000080c00000|100%| O|  |TAMS 0x0000000080c00000, 0x0000000080b00000| Untracked 
|  12|0x0000000080c00000, 0x0000000080d00000, 0x0000000080d00000|100%| O|  |TAMS 0x0000000080d00000, 0x0000000080c00000| Untracked 
|  13|0x0000000080d00000, 0x0000000080e00000, 0x0000000080e00000|100%| O|  |TAMS 0x0000000080e00000, 0x0000000080d00000| Untracked 
|  14|0x0000000080e00000, 0x0000000080f00000, 0x0000000080f00000|100%| O|  |TAMS 0x0000000080f00000, 0x0000000080e00000| Untracked 
|  15|0x0000000080f00000, 0x0000000081000000, 0x0000000081000000|100%| O|  |TAMS 0x0000000081000000, 0x0000000080f00000| Untracked 
|  16|0x0000000081000000, 0x0000000081100000, 0x0000000081100000|100%| O|  |TAMS 0x0000000081100000, 0x0000000081000000| Untracked 
|  17|0x0000000081100000, 0x0000000081200000, 0x0000000081200000|100%|HS|  |TAMS 0x0000000081200000, 0x0000000081100000| Complete 
|  18|0x0000000081200000, 0x0000000081300000, 0x0000000081300000|100%| O|  |TAMS 0x0000000081300000, 0x0000000081200000| Untracked 
|  19|0x0000000081300000, 0x0000000081400000, 0x0000000081400000|100%| O|  |TAMS 0x0000000081400000, 0x0000000081300000| Untracked 
|  20|0x0000000081400000, 0x0000000081500000, 0x0000000081500000|100%| O|  |TAMS 0x0000000081500000, 0x0000000081400000| Untracked 
|  21|0x0000000081500000, 0x0000000081600000, 0x0000000081600000|100%| O|  |TAMS 0x0000000081600000, 0x0000000081500000| Untracked 
|  22|0x0000000081600000, 0x0000000081700000, 0x0000000081700000|100%| O|  |TAMS 0x0000000081700000, 0x0000000081600000| Untracked 
|  23|0x0000000081700000, 0x0000000081800000, 0x0000000081800000|100%| O|  |TAMS 0x0000000081800000, 0x0000000081700000| Untracked 
|  24|0x0000000081800000, 0x0000000081900000, 0x0000000081900000|100%| O|  |TAMS 0x0000000081900000, 0x0000000081800000| Untracked 
|  25|0x0000000081900000, 0x0000000081a00000, 0x0000000081a00000|100%| O|  |TAMS 0x0000000081a00000, 0x0000000081900000| Untracked 
|  26|0x0000000081a00000, 0x0000000081b00000, 0x0000000081b00000|100%| O|  |TAMS 0x0000000081b00000, 0x0000000081a00000| Untracked 
|  27|0x0000000081b00000, 0x0000000081c00000, 0x0000000081c00000|100%| O|  |TAMS 0x0000000081c00000, 0x0000000081b00000| Untracked 
|  28|0x0000000081c00000, 0x0000000081d00000, 0x0000000081d00000|100%| O|  |TAMS 0x0000000081d00000, 0x0000000081c00000| Untracked 
|  29|0x0000000081d00000, 0x0000000081e00000, 0x0000000081e00000|100%| O|  |TAMS 0x0000000081e00000, 0x0000000081d00000| Untracked 
|  30|0x0000000081e00000, 0x0000000081f00000, 0x0000000081f00000|100%| O|  |TAMS 0x0000000081f00000, 0x0000000081e00000| Untracked 
|  31|0x0000000081f00000, 0x0000000082000000, 0x0000000082000000|100%| O|  |TAMS 0x0000000082000000, 0x0000000081f00000| Untracked 
|  32|0x0000000082000000, 0x0000000082100000, 0x0000000082100000|100%|HS|  |TAMS 0x0000000082100000, 0x0000000082000000| Complete 
|  33|0x0000000082100000, 0x0000000082200000, 0x0000000082200000|100%|HC|  |TAMS 0x0000000082200000, 0x0000000082100000| Complete 
|  34|0x0000000082200000, 0x0000000082300000, 0x0000000082300000|100%|HC|  |TAMS 0x0000000082300000, 0x0000000082200000| Complete 
|  35|0x0000000082300000, 0x0000000082400000, 0x0000000082400000|100%| O|  |TAMS 0x0000000082400000, 0x0000000082300000| Untracked 
|  36|0x0000000082400000, 0x0000000082500000, 0x0000000082500000|100%| O|  |TAMS 0x0000000082500000, 0x0000000082400000| Untracked 
|  37|0x0000000082500000, 0x0000000082600000, 0x0000000082600000|100%| O|  |TAMS 0x0000000082600000, 0x0000000082500000| Untracked 
|  38|0x0000000082600000, 0x0000000082700000, 0x0000000082700000|100%| O|  |TAMS 0x0000000082700000, 0x0000000082600000| Untracked 
|  39|0x0000000082700000, 0x0000000082800000, 0x0000000082800000|100%| O|  |TAMS 0x0000000082800000, 0x0000000082700000| Untracked 
|  40|0x0000000082800000, 0x0000000082900000, 0x0000000082900000|100%| O|  |TAMS 0x0000000082900000, 0x0000000082800000| Untracked 
|  41|0x0000000082900000, 0x00000000829ba600, 0x0000000082a00000| 72%| O|  |TAMS 0x00000000829ba600, 0x0000000082900000| Untracked 
|  42|0x0000000082a00000, 0x0000000082a00000, 0x0000000082b00000|  0%| F|  |TAMS 0x0000000082a00000, 0x0000000082a00000| Untracked 
|  43|0x0000000082b00000, 0x0000000082b00000, 0x0000000082c00000|  0%| F|  |TAMS 0x0000000082b00000, 0x0000000082b00000| Untracked 
|  44|0x0000000082c00000, 0x0000000082c00000, 0x0000000082d00000|  0%| F|  |TAMS 0x0000000082c00000, 0x0000000082c00000| Untracked 
|  45|0x0000000082d00000, 0x0000000082d00000, 0x0000000082e00000|  0%| F|  |TAMS 0x0000000082d00000, 0x0000000082d00000| Untracked 
|  46|0x0000000082e00000, 0x0000000082e00000, 0x0000000082f00000|  0%| F|  |TAMS 0x0000000082e00000, 0x0000000082e00000| Untracked 
|  47|0x0000000082f00000, 0x0000000082f00000, 0x0000000083000000|  0%| F|  |TAMS 0x0000000082f00000, 0x0000000082f00000| Untracked 
|  48|0x0000000083000000, 0x0000000083000000, 0x0000000083100000|  0%| F|  |TAMS 0x0000000083000000, 0x0000000083000000| Untracked 
|  49|0x0000000083100000, 0x0000000083100000, 0x0000000083200000|  0%| F|  |TAMS 0x0000000083100000, 0x0000000083100000| Untracked 
|  50|0x0000000083200000, 0x0000000083200000, 0x0000000083300000|  0%| F|  |TAMS 0x0000000083200000, 0x0000000083200000| Untracked 
|  51|0x0000000083300000, 0x0000000083300000, 0x0000000083400000|  0%| F|  |TAMS 0x0000000083300000, 0x0000000083300000| Untracked 
|  52|0x0000000083400000, 0x0000000083400000, 0x0000000083500000|  0%| F|  |TAMS 0x0000000083400000, 0x0000000083400000| Untracked 
|  53|0x0000000083500000, 0x0000000083500000, 0x0000000083600000|  0%| F|  |TAMS 0x0000000083500000, 0x0000000083500000| Untracked 
|  54|0x0000000083600000, 0x0000000083600000, 0x0000000083700000|  0%| F|  |TAMS 0x0000000083600000, 0x0000000083600000| Untracked 
|  55|0x0000000083700000, 0x0000000083700000, 0x0000000083800000|  0%| F|  |TAMS 0x0000000083700000, 0x0000000083700000| Untracked 
|  56|0x0000000083800000, 0x0000000083800000, 0x0000000083900000|  0%| F|  |TAMS 0x0000000083800000, 0x0000000083800000| Untracked 
|  57|0x0000000083900000, 0x0000000083900000, 0x0000000083a00000|  0%| F|  |TAMS 0x0000000083900000, 0x0000000083900000| Untracked 
|  58|0x0000000083a00000, 0x0000000083a00000, 0x0000000083b00000|  0%| F|  |TAMS 0x0000000083a00000, 0x0000000083a00000| Untracked 
|  59|0x0000000083b00000, 0x0000000083b00000, 0x0000000083c00000|  0%| F|  |TAMS 0x0000000083b00000, 0x0000000083b00000| Untracked 
|  60|0x0000000083c00000, 0x0000000083c00000, 0x0000000083d00000|  0%| F|  |TAMS 0x0000000083c00000, 0x0000000083c00000| Untracked 
|  61|0x0000000083d00000, 0x0000000083d00000, 0x0000000083e00000|  0%| F|  |TAMS 0x0000000083d00000, 0x0000000083d00000| Untracked 
|  62|0x0000000083e00000, 0x0000000083e00000, 0x0000000083f00000|  0%| F|  |TAMS 0x0000000083e00000, 0x0000000083e00000| Untracked 
|  63|0x0000000083f00000, 0x0000000083f00000, 0x0000000084000000|  0%| F|  |TAMS 0x0000000083f00000, 0x0000000083f00000| Untracked 
|  64|0x0000000084000000, 0x0000000084000000, 0x0000000084100000|  0%| F|  |TAMS 0x0000000084000000, 0x0000000084000000| Untracked 
|  65|0x0000000084100000, 0x0000000084100000, 0x0000000084200000|  0%| F|  |TAMS 0x0000000084100000, 0x0000000084100000| Untracked 
|  66|0x0000000084200000, 0x0000000084200000, 0x0000000084300000|  0%| F|  |TAMS 0x0000000084200000, 0x0000000084200000| Untracked 
|  67|0x0000000084300000, 0x0000000084300000, 0x0000000084400000|  0%| F|  |TAMS 0x0000000084300000, 0x0000000084300000| Untracked 
|  68|0x0000000084400000, 0x0000000084400000, 0x0000000084500000|  0%| F|  |TAMS 0x0000000084400000, 0x0000000084400000| Untracked 
|  69|0x0000000084500000, 0x0000000084500000, 0x0000000084600000|  0%| F|  |TAMS 0x0000000084500000, 0x0000000084500000| Untracked 
|  70|0x0000000084600000, 0x0000000084600000, 0x0000000084700000|  0%| F|  |TAMS 0x0000000084600000, 0x0000000084600000| Untracked 
|  71|0x0000000084700000, 0x0000000084700000, 0x0000000084800000|  0%| F|  |TAMS 0x0000000084700000, 0x0000000084700000| Untracked 
|  72|0x0000000084800000, 0x0000000084800000, 0x0000000084900000|  0%| F|  |TAMS 0x0000000084800000, 0x0000000084800000| Untracked 
|  73|0x0000000084900000, 0x0000000084900000, 0x0000000084a00000|  0%| F|  |TAMS 0x0000000084900000, 0x0000000084900000| Untracked 
|  74|0x0000000084a00000, 0x0000000084a00000, 0x0000000084b00000|  0%| F|  |TAMS 0x0000000084a00000, 0x0000000084a00000| Untracked 
|  75|0x0000000084b00000, 0x0000000084b00000, 0x0000000084c00000|  0%| F|  |TAMS 0x0000000084b00000, 0x0000000084b00000| Untracked 
|  76|0x0000000084c00000, 0x0000000084c00000, 0x0000000084d00000|  0%| F|  |TAMS 0x0000000084c00000, 0x0000000084c00000| Untracked 
|  77|0x0000000084d00000, 0x0000000084d00000, 0x0000000084e00000|  0%| F|  |TAMS 0x0000000084d00000, 0x0000000084d00000| Untracked 
|  78|0x0000000084e00000, 0x0000000084e00000, 0x0000000084f00000|  0%| F|  |TAMS 0x0000000084e00000, 0x0000000084e00000| Untracked 
|  79|0x0000000084f00000, 0x0000000084f00000, 0x0000000085000000|  0%| F|  |TAMS 0x0000000084f00000, 0x0000000084f00000| Untracked 
|  80|0x0000000085000000, 0x0000000085000000, 0x0000000085100000|  0%| F|  |TAMS 0x0000000085000000, 0x0000000085000000| Untracked 
|  81|0x0000000085100000, 0x0000000085100000, 0x0000000085200000|  0%| F|  |TAMS 0x0000000085100000, 0x0000000085100000| Untracked 
|  82|0x0000000085200000, 0x0000000085200000, 0x0000000085300000|  0%| F|  |TAMS 0x0000000085200000, 0x0000000085200000| Untracked 
|  83|0x0000000085300000, 0x0000000085300000, 0x0000000085400000|  0%| F|  |TAMS 0x0000000085300000, 0x0000000085300000| Untracked 
|  84|0x0000000085400000, 0x0000000085400000, 0x0000000085500000|  0%| F|  |TAMS 0x0000000085400000, 0x0000000085400000| Untracked 
|  85|0x0000000085500000, 0x0000000085500000, 0x0000000085600000|  0%| F|  |TAMS 0x0000000085500000, 0x0000000085500000| Untracked 
|  86|0x0000000085600000, 0x0000000085600000, 0x0000000085700000|  0%| F|  |TAMS 0x0000000085600000, 0x0000000085600000| Untracked 
|  87|0x0000000085700000, 0x0000000085700000, 0x0000000085800000|  0%| F|  |TAMS 0x0000000085700000, 0x0000000085700000| Untracked 
|  88|0x0000000085800000, 0x0000000085800000, 0x0000000085900000|  0%| F|  |TAMS 0x0000000085800000, 0x0000000085800000| Untracked 
|  89|0x0000000085900000, 0x0000000085900000, 0x0000000085a00000|  0%| F|  |TAMS 0x0000000085900000, 0x0000000085900000| Untracked 
|  90|0x0000000085a00000, 0x0000000085ad6a40, 0x0000000085b00000| 83%| S|CS|TAMS 0x0000000085a00000, 0x0000000085a00000| Complete 
|  91|0x0000000085b00000, 0x0000000085c00000, 0x0000000085c00000|100%| S|CS|TAMS 0x0000000085b00000, 0x0000000085b00000| Complete 
|  92|0x0000000085c00000, 0x0000000085d00000, 0x0000000085d00000|100%| S|CS|TAMS 0x0000000085c00000, 0x0000000085c00000| Complete 
|  93|0x0000000085d00000, 0x0000000085e00000, 0x0000000085e00000|100%| S|CS|TAMS 0x0000000085d00000, 0x0000000085d00000| Complete 
|  94|0x0000000085e00000, 0x0000000085f00000, 0x0000000085f00000|100%| S|CS|TAMS 0x0000000085e00000, 0x0000000085e00000| Complete 
|  95|0x0000000085f00000, 0x0000000085f00000, 0x0000000086000000|  0%| F|  |TAMS 0x0000000085f00000, 0x0000000085f00000| Untracked 
|  96|0x0000000086000000, 0x0000000086000000, 0x0000000086100000|  0%| F|  |TAMS 0x0000000086000000, 0x0000000086000000| Untracked 
|  97|0x0000000086100000, 0x0000000086100000, 0x0000000086200000|  0%| F|  |TAMS 0x0000000086100000, 0x0000000086100000| Untracked 
|  98|0x0000000086200000, 0x0000000086200000, 0x0000000086300000|  0%| F|  |TAMS 0x0000000086200000, 0x0000000086200000| Untracked 
|  99|0x0000000086300000, 0x0000000086300000, 0x0000000086400000|  0%| F|  |TAMS 0x0000000086300000, 0x0000000086300000| Untracked 
| 100|0x0000000086400000, 0x0000000086400000, 0x0000000086500000|  0%| F|  |TAMS 0x0000000086400000, 0x0000000086400000| Untracked 
| 101|0x0000000086500000, 0x0000000086500000, 0x0000000086600000|  0%| F|  |TAMS 0x0000000086500000, 0x0000000086500000| Untracked 
| 102|0x0000000086600000, 0x0000000086600000, 0x0000000086700000|  0%| F|  |TAMS 0x0000000086600000, 0x0000000086600000| Untracked 
| 103|0x0000000086700000, 0x0000000086700000, 0x0000000086800000|  0%| F|  |TAMS 0x0000000086700000, 0x0000000086700000| Untracked 
| 104|0x0000000086800000, 0x0000000086800000, 0x0000000086900000|  0%| F|  |TAMS 0x0000000086800000, 0x0000000086800000| Untracked 
| 105|0x0000000086900000, 0x0000000086900000, 0x0000000086a00000|  0%| F|  |TAMS 0x0000000086900000, 0x0000000086900000| Untracked 
| 106|0x0000000086a00000, 0x0000000086a00000, 0x0000000086b00000|  0%| F|  |TAMS 0x0000000086a00000, 0x0000000086a00000| Untracked 
| 107|0x0000000086b00000, 0x0000000086b00000, 0x0000000086c00000|  0%| F|  |TAMS 0x0000000086b00000, 0x0000000086b00000| Untracked 
| 108|0x0000000086c00000, 0x0000000086c00000, 0x0000000086d00000|  0%| F|  |TAMS 0x0000000086c00000, 0x0000000086c00000| Untracked 
| 109|0x0000000086d00000, 0x0000000086d00000, 0x0000000086e00000|  0%| F|  |TAMS 0x0000000086d00000, 0x0000000086d00000| Untracked 
| 110|0x0000000086e00000, 0x0000000086e00000, 0x0000000086f00000|  0%| F|  |TAMS 0x0000000086e00000, 0x0000000086e00000| Untracked 
| 111|0x0000000086f00000, 0x0000000086f00000, 0x0000000087000000|  0%| F|  |TAMS 0x0000000086f00000, 0x0000000086f00000| Untracked 
| 112|0x0000000087000000, 0x0000000087000000, 0x0000000087100000|  0%| F|  |TAMS 0x0000000087000000, 0x0000000087000000| Untracked 
| 113|0x0000000087100000, 0x0000000087100000, 0x0000000087200000|  0%| F|  |TAMS 0x0000000087100000, 0x0000000087100000| Untracked 
| 114|0x0000000087200000, 0x0000000087200000, 0x0000000087300000|  0%| F|  |TAMS 0x0000000087200000, 0x0000000087200000| Untracked 
| 115|0x0000000087300000, 0x0000000087300000, 0x0000000087400000|  0%| F|  |TAMS 0x0000000087300000, 0x0000000087300000| Untracked 
| 116|0x0000000087400000, 0x0000000087400000, 0x0000000087500000|  0%| F|  |TAMS 0x0000000087400000, 0x0000000087400000| Untracked 
| 117|0x0000000087500000, 0x0000000087500000, 0x0000000087600000|  0%| F|  |TAMS 0x0000000087500000, 0x0000000087500000| Untracked 
| 118|0x0000000087600000, 0x0000000087600000, 0x0000000087700000|  0%| F|  |TAMS 0x0000000087600000, 0x0000000087600000| Untracked 
| 119|0x0000000087700000, 0x0000000087700000, 0x0000000087800000|  0%| F|  |TAMS 0x0000000087700000, 0x0000000087700000| Untracked 
| 120|0x0000000087800000, 0x0000000087800000, 0x0000000087900000|  0%| F|  |TAMS 0x0000000087800000, 0x0000000087800000| Untracked 
| 121|0x0000000087900000, 0x0000000087900000, 0x0000000087a00000|  0%| F|  |TAMS 0x0000000087900000, 0x0000000087900000| Untracked 
| 122|0x0000000087a00000, 0x0000000087a00000, 0x0000000087b00000|  0%| F|  |TAMS 0x0000000087a00000, 0x0000000087a00000| Untracked 
| 123|0x0000000087b00000, 0x0000000087b00000, 0x0000000087c00000|  0%| F|  |TAMS 0x0000000087b00000, 0x0000000087b00000| Untracked 
| 124|0x0000000087c00000, 0x0000000087c00000, 0x0000000087d00000|  0%| F|  |TAMS 0x0000000087c00000, 0x0000000087c00000| Untracked 
| 125|0x0000000087d00000, 0x0000000087d00000, 0x0000000087e00000|  0%| F|  |TAMS 0x0000000087d00000, 0x0000000087d00000| Untracked 
| 126|0x0000000087e00000, 0x0000000087e00000, 0x0000000087f00000|  0%| F|  |TAMS 0x0000000087e00000, 0x0000000087e00000| Untracked 
| 127|0x0000000087f00000, 0x0000000087f00000, 0x0000000088000000|  0%| F|  |TAMS 0x0000000087f00000, 0x0000000087f00000| Untracked 
| 128|0x0000000088000000, 0x0000000088000000, 0x0000000088100000|  0%| F|  |TAMS 0x0000000088000000, 0x0000000088000000| Untracked 
| 129|0x0000000088100000, 0x0000000088100000, 0x0000000088200000|  0%| F|  |TAMS 0x0000000088100000, 0x0000000088100000| Untracked 
| 130|0x0000000088200000, 0x0000000088200000, 0x0000000088300000|  0%| F|  |TAMS 0x0000000088200000, 0x0000000088200000| Untracked 
| 131|0x0000000088300000, 0x0000000088300000, 0x0000000088400000|  0%| F|  |TAMS 0x0000000088300000, 0x0000000088300000| Untracked 
| 132|0x0000000088400000, 0x0000000088400000, 0x0000000088500000|  0%| F|  |TAMS 0x0000000088400000, 0x0000000088400000| Untracked 
| 133|0x0000000088500000, 0x0000000088500000, 0x0000000088600000|  0%| F|  |TAMS 0x0000000088500000, 0x0000000088500000| Untracked 
| 134|0x0000000088600000, 0x0000000088600000, 0x0000000088700000|  0%| F|  |TAMS 0x0000000088600000, 0x0000000088600000| Untracked 
| 135|0x0000000088700000, 0x0000000088700000, 0x0000000088800000|  0%| F|  |TAMS 0x0000000088700000, 0x0000000088700000| Untracked 
| 136|0x0000000088800000, 0x0000000088800000, 0x0000000088900000|  0%| F|  |TAMS 0x0000000088800000, 0x0000000088800000| Untracked 
| 137|0x0000000088900000, 0x0000000088900000, 0x0000000088a00000|  0%| F|  |TAMS 0x0000000088900000, 0x0000000088900000| Untracked 
| 138|0x0000000088a00000, 0x0000000088a00000, 0x0000000088b00000|  0%| F|  |TAMS 0x0000000088a00000, 0x0000000088a00000| Untracked 
| 139|0x0000000088b00000, 0x0000000088b00000, 0x0000000088c00000|  0%| F|  |TAMS 0x0000000088b00000, 0x0000000088b00000| Untracked 
| 140|0x0000000088c00000, 0x0000000088c00000, 0x0000000088d00000|  0%| F|  |TAMS 0x0000000088c00000, 0x0000000088c00000| Untracked 
| 141|0x0000000088d00000, 0x0000000088d00000, 0x0000000088e00000|  0%| F|  |TAMS 0x0000000088d00000, 0x0000000088d00000| Untracked 
| 142|0x0000000088e00000, 0x0000000088e00000, 0x0000000088f00000|  0%| F|  |TAMS 0x0000000088e00000, 0x0000000088e00000| Untracked 
| 143|0x0000000088f00000, 0x0000000089000000, 0x0000000089000000|100%| E|  |TAMS 0x0000000088f00000, 0x0000000088f00000| Complete 
| 144|0x0000000089000000, 0x0000000089100000, 0x0000000089100000|100%| E|CS|TAMS 0x0000000089000000, 0x0000000089000000| Complete 
| 145|0x0000000089100000, 0x0000000089200000, 0x0000000089200000|100%| E|CS|TAMS 0x0000000089100000, 0x0000000089100000| Complete 
| 146|0x0000000089200000, 0x0000000089300000, 0x0000000089300000|100%| E|CS|TAMS 0x0000000089200000, 0x0000000089200000| Complete 
| 147|0x0000000089300000, 0x0000000089400000, 0x0000000089400000|100%| E|CS|TAMS 0x0000000089300000, 0x0000000089300000| Complete 
| 148|0x0000000089400000, 0x0000000089500000, 0x0000000089500000|100%| E|CS|TAMS 0x0000000089400000, 0x0000000089400000| Complete 
| 149|0x0000000089500000, 0x0000000089600000, 0x0000000089600000|100%| E|CS|TAMS 0x0000000089500000, 0x0000000089500000| Complete 
| 150|0x0000000089600000, 0x0000000089700000, 0x0000000089700000|100%| E|CS|TAMS 0x0000000089600000, 0x0000000089600000| Complete 
| 151|0x0000000089700000, 0x0000000089800000, 0x0000000089800000|100%| E|CS|TAMS 0x0000000089700000, 0x0000000089700000| Complete 

Card table byte_map: [0x0000011a61bc0000,0x0000011a61fc0000] _byte_map_base: 0x0000011a617c0000

Marking Bits (Prev, Next): (CMBitMap*) 0x0000011a4e9b29e8, (CMBitMap*) 0x0000011a4e9b2a20
 Prev Bits: [0x0000011a623c0000, 0x0000011a643c0000)
 Next Bits: [0x0000011a643c0000, 0x0000011a663c0000)

Polling page: 0x0000011a4e140000

Metaspace:

Usage:
  Non-class:     56.31 MB capacity,    55.25 MB ( 98%) used,   895.20 KB (  2%) free+waste,   192.31 KB ( <1%) overhead. 
      Class:      8.94 MB capacity,     8.22 MB ( 92%) used,   645.95 KB (  7%) free+waste,    93.31 KB (  1%) overhead. 
       Both:     65.25 MB capacity,    63.46 MB ( 97%) used,     1.51 MB (  2%) free+waste,   285.62 KB ( <1%) overhead. 

Virtual space:
  Non-class space:       58.00 MB reserved,      56.33 MB ( 97%) committed 
      Class space:      504.00 MB reserved,       9.00 MB (  2%) committed 
             Both:      562.00 MB reserved,      65.33 MB ( 12%) committed 

Chunk freelists:
   Non-Class:  21.00 KB
       Class:  30.00 KB
        Both:  51.00 KB

MaxMetaspaceSize: 512.00 MB
CompressedClassSpaceSize: 504.00 MB
Initial GC threshold: 20.80 MB
Current GC threshold: 108.26 MB
CDS: off

CodeHeap 'non-profiled nmethods': size=120000Kb used=3232Kb max_used=3232Kb free=116767Kb
 bounds [0x0000011a59f60000, 0x0000011a5a290000, 0x0000011a61490000]
CodeHeap 'profiled nmethods': size=120000Kb used=12491Kb max_used=12491Kb free=107508Kb
 bounds [0x0000011a52a30000, 0x0000011a53670000, 0x0000011a59f60000]
CodeHeap 'non-nmethods': size=5760Kb used=2356Kb max_used=2410Kb free=3403Kb
 bounds [0x0000011a52490000, 0x0000011a52700000, 0x0000011a52a30000]
 total_blobs=6732 nmethods=5854 adapters=790
 compilation: enabled
              stopped_count=0, restarted_count=0
 full_count=0

Compilation events (20 events):
Event: 50.272 Thread 0x0000011a68e33000 5966       3       com.google.common.collect.AbstractIterator::<init> (12 bytes)
Event: 50.272 Thread 0x0000011a68e33000 nmethod 5966 0x0000011a53650190 code [0x0000011a53650360, 0x0000011a53650598]
Event: 50.274 Thread 0x0000011a68e33000 5967       3       org.gradle.api.internal.artifacts.configurations.DefaultConfiguration::validateMutation (16 bytes)
Event: 50.274 Thread 0x0000011a68e33000 nmethod 5967 0x0000011a53650690 code [0x0000011a53650860, 0x0000011a53650ad8]
Event: 50.274 Thread 0x0000011a68e33000 5969       3       org.gradle.api.internal.DefaultDomainObjectCollection$IteratorImpl::next (18 bytes)
Event: 50.275 Thread 0x0000011a68e33000 nmethod 5969 0x0000011a53650c10 code [0x0000011a53650de0, 0x0000011a53651008]
Event: 50.275 Thread 0x0000011a68e33000 5968       3       org.gradle.api.internal.artifacts.configurations.DefaultConfiguration::preventIllegalMutation (174 bytes)
Event: 50.277 Thread 0x0000011a68e33000 nmethod 5968 0x0000011a53651110 code [0x0000011a53651620, 0x0000011a53654108]
Event: 50.277 Thread 0x0000011a68e33000 5971       3       java.util.concurrent.atomic.AtomicBoolean::<init> (5 bytes)
Event: 50.277 Thread 0x0000011a68e33000 nmethod 5971 0x0000011a53654d10 code [0x0000011a53654ec0, 0x0000011a53655018]
Event: 50.278 Thread 0x0000011a68e33000 5970       3       org.gradle.internal.operations.DefaultBuildOperationRunner::getCurrentBuildOperation (11 bytes)
Event: 50.278 Thread 0x0000011a68e33000 nmethod 5970 0x0000011a53655110 code [0x0000011a536552e0, 0x0000011a536556e8]
Event: 50.279 Thread 0x0000011a68e33000 5973   !   3       org.objectweb.asm.ClassWriter::getCommonSuperClass (141 bytes)
Event: 50.281 Thread 0x0000011a68e33000 nmethod 5973 0x0000011a53655810 code [0x0000011a53655b00, 0x0000011a53656618]
Event: 50.281 Thread 0x0000011a68e33000 5975       3       org.gradle.internal.instantiation.generator.AsmBackedClassGenerator$ClassBuilderImpl::access$4800 (4 bytes)
Event: 50.281 Thread 0x0000011a68e33000 nmethod 5975 0x0000011a53656c10 code [0x0000011a53656dc0, 0x0000011a53656eb8]
Event: 50.281 Thread 0x0000011a68e33000 5974       3       org.objectweb.asm.ClassWriter::getClassLoader (8 bytes)
Event: 50.282 Thread 0x0000011a68e33000 nmethod 5974 0x0000011a53656f90 code [0x0000011a536571c0, 0x0000011a53657ad8]
Event: 50.283 Thread 0x0000011a68e33000 5976       1       org.gradle.internal.instantiation.generator.AbstractClassGenerator::getRoleHandler (5 bytes)
Event: 50.283 Thread 0x0000011a68e33000 nmethod 5976 0x0000011a5a283510 code [0x0000011a5a2836c0, 0x0000011a5a283778]

GC Heap History (20 events):
Event: 5.186 GC heap before
{Heap before GC invocations=3 (full 0):
 garbage-first heap   total 129024K, used 43161K [0x0000000080000000, 0x0000000100000000)
  region size 1024K, 34 young (34816K), 7 survivors (7168K)
 Metaspace       used 20813K, capacity 21193K, committed 21296K, reserved 536576K
  class space    used 2519K, capacity 2683K, committed 2688K, reserved 516096K
}
Event: 5.196 GC heap after
{Heap after GC invocations=4 (full 0):
 garbage-first heap   total 129024K, used 17298K [0x0000000080000000, 0x0000000100000000)
  region size 1024K, 1 young (1024K), 1 survivors (1024K)
 Metaspace       used 20813K, capacity 21193K, committed 21296K, reserved 536576K
  class space    used 2519K, capacity 2683K, committed 2688K, reserved 516096K
}
Event: 6.120 GC heap before
{Heap before GC invocations=5 (full 0):
 garbage-first heap   total 129024K, used 67474K [0x0000000080000000, 0x0000000100000000)
  region size 1024K, 51 young (52224K), 1 survivors (1024K)
 Metaspace       used 26081K, capacity 26704K, committed 26928K, reserved 540672K
  class space    used 3380K, capacity 3614K, committed 3712K, reserved 516096K
}
Event: 6.125 GC heap after
{Heap after GC invocations=6 (full 0):
 garbage-first heap   total 129024K, used 19083K [0x0000000080000000, 0x0000000100000000)
  region size 1024K, 3 young (3072K), 3 survivors (3072K)
 Metaspace       used 26081K, capacity 26704K, committed 26928K, reserved 540672K
  class space    used 3380K, capacity 3614K, committed 3712K, reserved 516096K
}
Event: 7.062 GC heap before
{Heap before GC invocations=6 (full 0):
 garbage-first heap   total 129024K, used 73355K [0x0000000080000000, 0x0000000100000000)
  region size 1024K, 56 young (57344K), 3 survivors (3072K)
 Metaspace       used 30921K, capacity 31657K, committed 31792K, reserved 544768K
  class space    used 4121K, capacity 4420K, committed 4480K, reserved 516096K
}
Event: 7.067 GC heap after
{Heap after GC invocations=7 (full 0):
 garbage-first heap   total 129024K, used 20658K [0x0000000080000000, 0x0000000100000000)
  region size 1024K, 5 young (5120K), 5 survivors (5120K)
 Metaspace       used 30921K, capacity 31657K, committed 31792K, reserved 544768K
  class space    used 4121K, capacity 4420K, committed 4480K, reserved 516096K
}
Event: 7.741 GC heap before
{Heap before GC invocations=7 (full 0):
 garbage-first heap   total 129024K, used 39090K [0x0000000080000000, 0x0000000100000000)
  region size 1024K, 24 young (24576K), 5 survivors (5120K)
 Metaspace       used 34841K, capacity 35736K, committed 35888K, reserved 548864K
  class space    used 4546K, capacity 4885K, committed 4992K, reserved 516096K
}
Event: 7.751 GC heap after
{Heap after GC invocations=8 (full 0):
 garbage-first heap   total 129024K, used 22601K [0x0000000080000000, 0x0000000100000000)
  region size 1024K, 6 young (6144K), 6 survivors (6144K)
 Metaspace       used 34841K, capacity 35736K, committed 35888K, reserved 548864K
  class space    used 4546K, capacity 4885K, committed 4992K, reserved 516096K
}
Event: 9.053 GC heap before
{Heap before GC invocations=9 (full 0):
 garbage-first heap   total 129024K, used 83017K [0x0000000080000000, 0x0000000100000000)
  region size 1024K, 63 young (64512K), 6 survivors (6144K)
 Metaspace       used 40985K, capacity 41935K, committed 42160K, reserved 552960K
  class space    used 5184K, capacity 5559K, committed 5632K, reserved 516096K
}
Event: 9.065 GC heap after
{Heap after GC invocations=10 (full 0):
 garbage-first heap   total 129024K, used 28120K [0x0000000080000000, 0x0000000100000000)
  region size 1024K, 8 young (8192K), 8 survivors (8192K)
 Metaspace       used 40985K, capacity 41935K, committed 42160K, reserved 552960K
  class space    used 5184K, capacity 5559K, committed 5632K, reserved 516096K
}
Event: 32.512 GC heap before
{Heap before GC invocations=10 (full 0):
 garbage-first heap   total 129024K, used 87512K [0x0000000080000000, 0x0000000100000000)
  region size 1024K, 66 young (67584K), 8 survivors (8192K)
 Metaspace       used 44204K, capacity 45377K, committed 45488K, reserved 557056K
  class space    used 5567K, capacity 6038K, committed 6144K, reserved 516096K
}
Event: 32.531 GC heap after
{Heap after GC invocations=11 (full 0):
 garbage-first heap   total 155648K, used 31896K [0x0000000080000000, 0x0000000100000000)
  region size 1024K, 4 young (4096K), 4 survivors (4096K)
 Metaspace       used 44204K, capacity 45377K, committed 45488K, reserved 557056K
  class space    used 5567K, capacity 6038K, committed 6144K, reserved 516096K
}
Event: 36.755 GC heap before
{Heap before GC invocations=11 (full 0):
 garbage-first heap   total 155648K, used 98456K [0x0000000080000000, 0x0000000100000000)
  region size 1024K, 69 young (70656K), 4 survivors (4096K)
 Metaspace       used 49192K, capacity 50533K, committed 50608K, reserved 561152K
  class space    used 6342K, capacity 6891K, committed 6912K, reserved 516096K
}
Event: 36.764 GC heap after
{Heap after GC invocations=12 (full 0):
 garbage-first heap   total 155648K, used 34067K [0x0000000080000000, 0x0000000100000000)
  region size 1024K, 6 young (6144K), 6 survivors (6144K)
 Metaspace       used 49192K, capacity 50533K, committed 50608K, reserved 561152K
  class space    used 6342K, capacity 6891K, committed 6912K, reserved 516096K
}
Event: 47.047 GC heap before
{Heap before GC invocations=12 (full 0):
 garbage-first heap   total 155648K, used 105747K [0x0000000080000000, 0x0000000100000000)
  region size 1024K, 75 young (76800K), 6 survivors (6144K)
 Metaspace       used 57727K, capacity 59265K, committed 59440K, reserved 569344K
  class space    used 7400K, capacity 8043K, committed 8064K, reserved 516096K
}
Event: 47.061 GC heap after
{Heap after GC invocations=13 (full 0):
 garbage-first heap   total 155648K, used 39520K [0x0000000080000000, 0x0000000100000000)
  region size 1024K, 7 young (7168K), 7 survivors (7168K)
 Metaspace       used 57727K, capacity 59265K, committed 59440K, reserved 569344K
  class space    used 7400K, capacity 8043K, committed 8064K, reserved 516096K
}
Event: 47.649 GC heap before
{Heap before GC invocations=13 (full 0):
 garbage-first heap   total 155648K, used 53856K [0x0000000080000000, 0x0000000100000000)
  region size 1024K, 19 young (19456K), 7 survivors (7168K)
 Metaspace       used 58636K, capacity 60138K, committed 60240K, reserved 569344K
  class space    used 7507K, capacity 8163K, committed 8192K, reserved 516096K
}
Event: 47.666 GC heap after
{Heap after GC invocations=14 (full 0):
 garbage-first heap   total 155648K, used 45137K [0x0000000080000000, 0x0000000100000000)
  region size 1024K, 7 young (7168K), 7 survivors (7168K)
 Metaspace       used 58636K, capacity 60138K, committed 60240K, reserved 569344K
  class space    used 7507K, capacity 8163K, committed 8192K, reserved 516096K
}
Event: 50.041 GC heap before
{Heap before GC invocations=15 (full 0):
 garbage-first heap   total 155648K, used 96337K [0x0000000080000000, 0x0000000100000000)
  region size 1024K, 57 young (58368K), 7 survivors (7168K)
 Metaspace       used 64289K, capacity 66012K, committed 66256K, reserved 573440K
  class space    used 8318K, capacity 9015K, committed 9088K, reserved 516096K
}
Event: 50.058 GC heap after
{Heap after GC invocations=16 (full 0):
 garbage-first heap   total 155648K, used 47684K [0x0000000080000000, 0x0000000100000000)
  region size 1024K, 5 young (5120K), 5 survivors (5120K)
 Metaspace       used 64289K, capacity 66012K, committed 66256K, reserved 573440K
  class space    used 8318K, capacity 9015K, committed 9088K, reserved 516096K
}

Deoptimization events (20 events):
Event: 49.790 Thread 0x0000011a6aa62000 Uncommon trap: trap_request=0xffffffbe fr.pc=0x0000011a5a1e8ea0 relative=0x0000000000000b00
Event: 49.790 Thread 0x0000011a6aa62000 Uncommon trap: reason=profile_predicate action=maybe_recompile pc=0x0000011a5a1e8ea0 method=java.util.TreeMap.getEntryUsingComparator(Ljava/lang/Object;)Ljava/util/TreeMap$Entry; @ 19 c2
Event: 49.790 Thread 0x0000011a6aa62000 DEOPT PACKING pc=0x0000011a5a1e8ea0 sp=0x00000017094f5e90
Event: 49.790 Thread 0x0000011a6aa62000 DEOPT UNPACKING pc=0x0000011a524da1af sp=0x00000017094f5db0 mode 2
Event: 49.805 Thread 0x0000011a6aa62000 Uncommon trap: trap_request=0xffffffbe fr.pc=0x0000011a5a1e8ea0 relative=0x0000000000000b00
Event: 49.805 Thread 0x0000011a6aa62000 Uncommon trap: reason=profile_predicate action=maybe_recompile pc=0x0000011a5a1e8ea0 method=java.util.TreeMap.getEntryUsingComparator(Ljava/lang/Object;)Ljava/util/TreeMap$Entry; @ 19 c2
Event: 49.805 Thread 0x0000011a6aa62000 DEOPT PACKING pc=0x0000011a5a1e8ea0 sp=0x00000017094f6570
Event: 49.805 Thread 0x0000011a6aa62000 DEOPT UNPACKING pc=0x0000011a524da1af sp=0x00000017094f6490 mode 2
Event: 49.805 Thread 0x0000011a6aa62000 Uncommon trap: trap_request=0xffffffbe fr.pc=0x0000011a5a1e8ea0 relative=0x0000000000000b00
Event: 49.805 Thread 0x0000011a6aa62000 Uncommon trap: reason=profile_predicate action=maybe_recompile pc=0x0000011a5a1e8ea0 method=java.util.TreeMap.getEntryUsingComparator(Ljava/lang/Object;)Ljava/util/TreeMap$Entry; @ 19 c2
Event: 49.805 Thread 0x0000011a6aa62000 DEOPT PACKING pc=0x0000011a5a1e8ea0 sp=0x00000017094f6570
Event: 49.805 Thread 0x0000011a6aa62000 DEOPT UNPACKING pc=0x0000011a524da1af sp=0x00000017094f6490 mode 2
Event: 49.806 Thread 0x0000011a6aa62000 Uncommon trap: trap_request=0xffffffbe fr.pc=0x0000011a5a1e7478 relative=0x0000000000000678
Event: 49.806 Thread 0x0000011a6aa62000 Uncommon trap: reason=profile_predicate action=maybe_recompile pc=0x0000011a5a1e7478 method=java.util.TreeMap.getEntryUsingComparator(Ljava/lang/Object;)Ljava/util/TreeMap$Entry; @ 19 c2
Event: 49.806 Thread 0x0000011a6aa62000 DEOPT PACKING pc=0x0000011a5a1e7478 sp=0x00000017094f64d0
Event: 49.806 Thread 0x0000011a6aa62000 DEOPT UNPACKING pc=0x0000011a524da1af sp=0x00000017094f6480 mode 2
Event: 49.879 Thread 0x0000011a6aa62000 Uncommon trap: trap_request=0xffffff4d fr.pc=0x0000011a5a19f784 relative=0x0000000000000324
Event: 49.879 Thread 0x0000011a6aa62000 Uncommon trap: reason=unstable_if action=reinterpret pc=0x0000011a5a19f784 method=org.gradle.internal.instantiation.generator.AbstractClassGenerator$InjectionAnnotationValidator.validateMethod(Ljava/lang/reflect/Method;Lorg/gradle/internal/reflect/Propert
Event: 49.879 Thread 0x0000011a6aa62000 DEOPT PACKING pc=0x0000011a5a19f784 sp=0x00000017094f65a0
Event: 49.879 Thread 0x0000011a6aa62000 DEOPT UNPACKING pc=0x0000011a524da1af sp=0x00000017094f6550 mode 2

Classes redefined (0 events):
No events

Internal exceptions (20 events):
Event: 49.464 Thread 0x0000011a6aa62000 Exception <a 'java/lang/ClassNotFoundException'{0x0000000086b3fbf8}: org/gradle/api/plugins/BasePluginConventionBeanInfo> (0x0000000086b3fbf8) thrown at [src/hotspot/share/classfile/systemDictionary.cpp, line 230]
Event: 49.467 Thread 0x0000011a6aa62000 Exception <a 'java/lang/ClassNotFoundException'{0x0000000086b7a5d8}: org/gradle/api/plugins/BasePluginConventionCustomizer> (0x0000000086b7a5d8) thrown at [src/hotspot/share/classfile/systemDictionary.cpp, line 230]
Event: 49.472 Thread 0x0000011a6aa62000 Exception <a 'java/lang/ClassNotFoundException'{0x0000000086bc5218}: org/gradle/api/plugins/internal/DefaultBasePluginConventionCustomizer> (0x0000000086bc5218) thrown at [src/hotspot/share/classfile/systemDictionary.cpp, line 230]
Event: 49.482 Thread 0x0000011a6aa62000 Exception <a 'java/lang/ClassNotFoundException'{0x0000000086a46410}: org/gradle/api/plugins/internal/DefaultJavaPluginConventionBeanInfo> (0x0000000086a46410) thrown at [src/hotspot/share/classfile/systemDictionary.cpp, line 230]
Event: 49.484 Thread 0x0000011a6aa62000 Exception <a 'java/lang/ClassNotFoundException'{0x0000000086a816b8}: org/gradle/api/plugins/JavaPluginConventionBeanInfo> (0x0000000086a816b8) thrown at [src/hotspot/share/classfile/systemDictionary.cpp, line 230]
Event: 49.490 Thread 0x0000011a6aa62000 Exception <a 'java/lang/ClassNotFoundException'{0x0000000086abc098}: org/gradle/api/plugins/JavaPluginConventionCustomizer> (0x0000000086abc098) thrown at [src/hotspot/share/classfile/systemDictionary.cpp, line 230]
Event: 49.496 Thread 0x0000011a6aa62000 Exception <a 'java/lang/ClassNotFoundException'{0x0000000086910bd8}: org/gradle/api/plugins/internal/DefaultJavaPluginConventionCustomizer> (0x0000000086910bd8) thrown at [src/hotspot/share/classfile/systemDictionary.cpp, line 230]
Event: 49.798 Thread 0x0000011a6aa62000 Exception <a 'java/lang/NoSuchMethodError'{0x00000000862e1468}: 'int java.lang.invoke.DirectMethodHandle$Holder.invokeInterface(java.lang.Object, java.lang.Object, java.lang.Object, java.lang.Object)'> (0x00000000862e1468) thrown at [src/hotspot/share/interpreter/linkResolver.cpp, line 773]
Event: 50.202 Thread 0x0000011a6aa62000 Exception <a 'java/lang/ClassNotFoundException'{0x000000008942acf0}: org/jetbrains/kotlin/gradle/targets/js/npm/DefaultNpmDependencyExtensionBeanInfo> (0x000000008942acf0) thrown at [src/hotspot/share/classfile/systemDictionary.cpp, line 230]
Event: 50.203 Thread 0x0000011a6aa62000 Exception <a 'java/lang/ClassNotFoundException'{0x0000000089438970}: org/jetbrains/kotlin/gradle/targets/js/npm/DefaultNpmDependencyExtensionCustomizer> (0x0000000089438970) thrown at [src/hotspot/share/classfile/systemDictionary.cpp, line 230]
Event: 50.212 Thread 0x0000011a6aa62000 Exception <a 'java/lang/ClassNotFoundException'{0x00000000894bb578}: org/jetbrains/kotlin/gradle/targets/js/npm/NpmDependencyExtensionKt$defaultNpmDependencyDelegate$1BeanInfo> (0x00000000894bb578) thrown at [src/hotspot/share/classfile/systemDictionary.cpp, line 230]
Event: 50.220 Thread 0x0000011a6aa62000 Exception <a 'java/lang/ClassNotFoundException'{0x00000000894ca020}: org/jetbrains/kotlin/gradle/targets/js/npm/NpmDependencyExtensionDelegateBeanInfo> (0x00000000894ca020) thrown at [src/hotspot/share/classfile/systemDictionary.cpp, line 230]
Event: 50.221 Thread 0x0000011a6aa62000 Exception <a 'java/lang/ClassNotFoundException'{0x00000000894d9158}: org/jetbrains/kotlin/gradle/targets/js/npm/NpmDependencyExtensionDelegateCustomizer> (0x00000000894d9158) thrown at [src/hotspot/share/classfile/systemDictionary.cpp, line 230]
Event: 50.222 Thread 0x0000011a6aa62000 Exception <a 'java/lang/ClassNotFoundException'{0x0000000089300d70}: org/jetbrains/kotlin/gradle/targets/js/npm/NpmDependencyExtensionKt$defaultNpmDependencyDelegate$1Customizer> (0x0000000089300d70) thrown at [src/hotspot/share/classfile/systemDictionary.cpp, line 230]
Event: 50.229 Thread 0x0000011a6aa62000 Exception <a 'java/lang/ClassNotFoundException'{0x0000000089346ae0}: org/jetbrains/kotlin/gradle/targets/js/npm/DefaultDevNpmDependencyExtensionBeanInfo> (0x0000000089346ae0) thrown at [src/hotspot/share/classfile/systemDictionary.cpp, line 230]
Event: 50.229 Thread 0x0000011a6aa62000 Exception <a 'java/lang/ClassNotFoundException'{0x0000000089354988}: org/jetbrains/kotlin/gradle/targets/js/npm/DefaultDevNpmDependencyExtensionCustomizer> (0x0000000089354988) thrown at [src/hotspot/share/classfile/systemDictionary.cpp, line 230]
Event: 50.236 Thread 0x0000011a6aa62000 Exception <a 'java/lang/ClassNotFoundException'{0x000000008939e370}: org/jetbrains/kotlin/gradle/targets/js/npm/DefaultPeerNpmDependencyExtensionBeanInfo> (0x000000008939e370) thrown at [src/hotspot/share/classfile/systemDictionary.cpp, line 230]
Event: 50.236 Thread 0x0000011a6aa62000 Exception <a 'java/lang/ClassNotFoundException'{0x00000000893ac228}: org/jetbrains/kotlin/gradle/targets/js/npm/DefaultPeerNpmDependencyExtensionCustomizer> (0x00000000893ac228) thrown at [src/hotspot/share/classfile/systemDictionary.cpp, line 230]
Event: 50.244 Thread 0x0000011a6aa62000 Exception <a 'java/lang/ClassNotFoundException'{0x00000000893fd898}: org/jetbrains/kotlin/gradle/targets/js/npm/DefaultPeerNpmDependencyExtension$delegate$1BeanInfo> (0x00000000893fd898) thrown at [src/hotspot/share/classfile/systemDictionary.cpp, line 230]
Event: 50.245 Thread 0x0000011a6aa62000 Exception <a 'java/lang/ClassNotFoundException'{0x000000008920c3f8}: org/jetbrains/kotlin/gradle/targets/js/npm/DefaultPeerNpmDependencyExtension$delegate$1Customizer> (0x000000008920c3f8) thrown at [src/hotspot/share/classfile/systemDictionary.cpp, line 230]

Events (20 events):
Event: 50.284 loading class org/gradle/api/Project
Event: 50.284 loading class org/gradle/api/Project done
Event: 50.285 loading class org/gradle/api/Project
Event: 50.285 loading class org/gradle/api/Project done
Event: 50.285 loading class org/gradle/plugin/devel/tasks/PluginUnderTestMetadata
Event: 50.285 loading class org/gradle/plugin/devel/tasks/PluginUnderTestMetadata done
Event: 50.285 loading class org/gradle/api/Project
Event: 50.285 loading class org/gradle/api/Project done
Event: 50.286 loading class org/gradle/api/Project
Event: 50.286 loading class org/gradle/api/Project done
Event: 50.286 loading class org/gradle/api/plugins/AppliedPlugin
Event: 50.286 loading class org/gradle/api/plugins/AppliedPlugin done
Event: 50.286 loading class org/gradle/api/Project
Event: 50.286 loading class org/gradle/api/Project done
Event: 50.286 loading class org/gradle/api/Project
Event: 50.286 loading class org/gradle/api/Project done
Event: 50.286 loading class org/gradle/api/Project
Event: 50.286 loading class org/gradle/api/Project done
Event: 50.289 loading class org/gradle/api/publish/ivy/plugins/IvyPublishPlugin
Event: 50.289 loading class org/gradle/api/publish/ivy/plugins/IvyPublishPlugin done


Dynamic libraries:
0x00007ff6b5260000 - 0x00007ff6b526a000 	D:\AndroidStudio\jbr\bin\java.exe
0x00007ffd0a6f0000 - 0x00007ffd0a904000 	C:\Windows\SYSTEM32\ntdll.dll
0x00007ffd092f0000 - 0x00007ffd093b2000 	C:\Windows\System32\KERNEL32.DLL
0x00007ffd07b30000 - 0x00007ffd07ecc000 	C:\Windows\System32\KERNELBASE.dll
0x00007ffd08150000 - 0x00007ffd08261000 	C:\Windows\System32\ucrtbase.dll
0x00007ffce2770000 - 0x00007ffce278b000 	D:\AndroidStudio\jbr\bin\VCRUNTIME140.dll
0x00007ffce1750000 - 0x00007ffce1767000 	D:\AndroidStudio\jbr\bin\jli.dll
0x00007ffd093d0000 - 0x00007ffd0957b000 	C:\Windows\System32\USER32.dll
0x00007ffd08030000 - 0x00007ffd08056000 	C:\Windows\System32\win32u.dll
0x00007ffd09580000 - 0x00007ffd095a9000 	C:\Windows\System32\GDI32.dll
0x00007ffd08270000 - 0x00007ffd08383000 	C:\Windows\System32\gdi32full.dll
0x00007ffd07ed0000 - 0x00007ffd07f6a000 	C:\Windows\System32\msvcp_win.dll
0x00007ffcf28e0000 - 0x00007ffcf2b6e000 	C:\Windows\WinSxS\amd64_microsoft.windows.common-controls_6595b64144ccf1df_6.0.22621.608_none_a9444ca7c10bb01d\COMCTL32.dll
0x00007ffd0a4e0000 - 0x00007ffd0a587000 	C:\Windows\System32\msvcrt.dll
0x00007ffd095b0000 - 0x00007ffd095e1000 	C:\Windows\System32\IMM32.DLL
0x00007ffce2630000 - 0x00007ffce263c000 	D:\AndroidStudio\jbr\bin\vcruntime140_1.dll
0x00007ffcb8720000 - 0x00007ffcb87ad000 	D:\AndroidStudio\jbr\bin\msvcp140.dll
0x00007ffc93fc0000 - 0x00007ffc94b7c000 	D:\AndroidStudio\jbr\bin\server\jvm.dll
0x00007ffd0a430000 - 0x00007ffd0a4de000 	C:\Windows\System32\ADVAPI32.dll
0x00007ffd08550000 - 0x00007ffd085f4000 	C:\Windows\System32\sechost.dll
0x00007ffd091b0000 - 0x00007ffd092c7000 	C:\Windows\System32\RPCRT4.dll
0x00007ffd093c0000 - 0x00007ffd093c8000 	C:\Windows\System32\PSAPI.DLL
0x00007ffc9b100000 - 0x00007ffc9b109000 	C:\Windows\SYSTEM32\WSOCK32.dll
0x00007ffd099b0000 - 0x00007ffd09a21000 	C:\Windows\System32\WS2_32.dll
0x00007ffd009a0000 - 0x00007ffd009aa000 	C:\Windows\SYSTEM32\VERSION.dll
0x00007ffd00a50000 - 0x00007ffd00a84000 	C:\Windows\SYSTEM32\WINMM.dll
0x00007ffd06c30000 - 0x00007ffd06c48000 	C:\Windows\SYSTEM32\kernel.appcore.dll
0x00007ffd008e0000 - 0x00007ffd008f0000 	D:\AndroidStudio\jbr\bin\verify.dll
0x00007ffd054e0000 - 0x00007ffd0570e000 	C:\Windows\SYSTEM32\DBGHELP.DLL
0x00007ffd09f10000 - 0x00007ffd0a299000 	C:\Windows\System32\combase.dll
0x00007ffd08600000 - 0x00007ffd086d7000 	C:\Windows\System32\OLEAUT32.dll
0x00007ffcff960000 - 0x00007ffcff992000 	C:\Windows\SYSTEM32\dbgcore.DLL
0x00007ffd08060000 - 0x00007ffd080db000 	C:\Windows\System32\bcryptPrimitives.dll
0x00007ffce7c50000 - 0x00007ffce7c78000 	D:\AndroidStudio\jbr\bin\java.dll
0x00007ffd00480000 - 0x00007ffd0048a000 	D:\AndroidStudio\jbr\bin\jimage.dll
0x00007ffcff360000 - 0x00007ffcff378000 	D:\AndroidStudio\jbr\bin\zip.dll
0x00007ffd089a0000 - 0x00007ffd09190000 	C:\Windows\System32\SHELL32.dll
0x00007ffd05b00000 - 0x00007ffd063cd000 	C:\Windows\SYSTEM32\windows.storage.dll
0x00007ffd059c0000 - 0x00007ffd05afe000 	C:\Windows\SYSTEM32\wintypes.dll
0x00007ffd0a2a0000 - 0x00007ffd0a391000 	C:\Windows\System32\SHCORE.dll
0x00007ffd09eb0000 - 0x00007ffd09f0e000 	C:\Windows\System32\shlwapi.dll
0x00007ffd07a60000 - 0x00007ffd07a81000 	C:\Windows\SYSTEM32\profapi.dll
0x00007ffcfecb0000 - 0x00007ffcfecc9000 	D:\AndroidStudio\jbr\bin\net.dll
0x00007ffd01f60000 - 0x00007ffd02097000 	C:\Windows\SYSTEM32\WINHTTP.dll
0x00007ffd07090000 - 0x00007ffd070f9000 	C:\Windows\system32\mswsock.dll
0x00007ffcfeab0000 - 0x00007ffcfeac3000 	D:\AndroidStudio\jbr\bin\nio.dll
0x00007ffcd32e0000 - 0x00007ffcd3307000 	C:\Users\Alex\.gradle\native\e1d6ef7f7dcc3fd88c89a11ec53ec762bb8ba0a96d01ffa2cd45eb1d1d8dd5c5\windows-amd64\native-platform.dll
0x00007ffcb8110000 - 0x00007ffcb8254000 	C:\Users\Alex\.gradle\native\0d407fdbe67a94daf76414ababcb853783967236a71b16ec16e742cd7a986fd3\windows-amd64\native-platform-file-events.dll
0x00007ffcff3e0000 - 0x00007ffcff3ea000 	D:\AndroidStudio\jbr\bin\management.dll
0x00007ffcfec60000 - 0x00007ffcfec6b000 	D:\AndroidStudio\jbr\bin\management_ext.dll
0x00007ffd073b0000 - 0x00007ffd073cb000 	C:\Windows\SYSTEM32\CRYPTSP.dll
0x00007ffd06ba0000 - 0x00007ffd06bd5000 	C:\Windows\system32\rsaenh.dll
0x00007ffd07130000 - 0x00007ffd07158000 	C:\Windows\SYSTEM32\USERENV.dll
0x00007ffd07500000 - 0x00007ffd07528000 	C:\Windows\SYSTEM32\bcrypt.dll
0x00007ffd07390000 - 0x00007ffd0739c000 	C:\Windows\SYSTEM32\CRYPTBASE.dll
0x00007ffd06690000 - 0x00007ffd066bd000 	C:\Windows\SYSTEM32\IPHLPAPI.DLL
0x00007ffd08820000 - 0x00007ffd08829000 	C:\Windows\System32\NSI.dll
0x00007ffd01c70000 - 0x00007ffd01c89000 	C:\Windows\SYSTEM32\dhcpcsvc6.DLL
0x00007ffd01c30000 - 0x00007ffd01c4f000 	C:\Windows\SYSTEM32\dhcpcsvc.DLL
0x00007ffd06700000 - 0x00007ffd067f3000 	C:\Windows\SYSTEM32\DNSAPI.dll
0x00007ffce7b70000 - 0x00007ffce7b97000 	D:\AndroidStudio\jbr\bin\sunec.dll
0x00007ffcffee0000 - 0x00007ffcffeea000 	C:\Windows\System32\rasadhlp.dll
0x00007ffd00c80000 - 0x00007ffd00d03000 	C:\Windows\System32\fwpuclnt.dll

dbghelp: loaded successfully - version: 4.0.5 - missing functions: none
symbol engine: initialized successfully - sym options: 0x614 - pdb path: .;D:\AndroidStudio\jbr\bin;C:\Windows\SYSTEM32;C:\Windows\WinSxS\amd64_microsoft.windows.common-controls_6595b64144ccf1df_6.0.22621.608_none_a9444ca7c10bb01d;D:\AndroidStudio\jbr\bin\server;C:\Users\Alex\.gradle\native\e1d6ef7f7dcc3fd88c89a11ec53ec762bb8ba0a96d01ffa2cd45eb1d1d8dd5c5\windows-amd64;C:\Users\Alex\.gradle\native\0d407fdbe67a94daf76414ababcb853783967236a71b16ec16e742cd7a986fd3\windows-amd64

VM Arguments:
jvm_args: -XX:MaxMetaspaceSize=512m --add-opens=java.base/java.util=ALL-UNNAMED --add-opens=java.base/java.lang=ALL-UNNAMED --add-opens=java.base/java.lang.invoke=ALL-UNNAMED --add-opens=java.base/java.util=ALL-UNNAMED --add-opens=java.prefs/java.util.prefs=ALL-UNNAMED --add-opens=java.prefs/java.util.prefs=ALL-UNNAMED --add-opens=java.base/java.nio.charset=ALL-UNNAMED --add-opens=java.base/java.net=ALL-UNNAMED --add-opens=java.base/java.util.concurrent.atomic=ALL-UNNAMED -Xmx2048m -Dfile.encoding=windows-1252 -Duser.country=US -Duser.language=en -Duser.variant 
java_command: org.gradle.launcher.daemon.bootstrap.GradleDaemon 7.5.1
java_class_path (initial): C:\Users\Alex\.gradle\wrapper\dists\gradle-7.5.1-all\1ehga6e77gqps5uk2kc5kf1vc\gradle-7.5.1\lib\gradle-launcher-7.5.1.jar
Launcher Type: SUN_STANDARD

[Global flags]
     intx CICompilerCount                          = 4                                         {product} {ergonomic}
   size_t CompressedClassSpaceSize                 = 528482304                                 {product} {ergonomic}
     uint ConcGCThreads                            = 2                                         {product} {ergonomic}
     uint G1ConcRefinementThreads                  = 8                                         {product} {ergonomic}
   size_t G1HeapRegionSize                         = 1048576                                   {product} {ergonomic}
    uintx GCDrainStackTargetSize                   = 64                                        {product} {ergonomic}
   size_t InitialHeapSize                          = 132120576                                 {product} {ergonomic}
   size_t MarkStackSize                            = 4194304                                   {product} {ergonomic}
   size_t MaxHeapSize                              = 2147483648                                {product} {command line}
   size_t MaxMetaspaceSize                         = 536870912                                 {product} {command line}
   size_t MaxNewSize                               = 1287651328                                {product} {ergonomic}
   size_t MinHeapDeltaBytes                        = 1048576                                   {product} {ergonomic}
    uintx NonNMethodCodeHeapSize                   = 5836300                                {pd product} {ergonomic}
    uintx NonProfiledCodeHeapSize                  = 122910970                              {pd product} {ergonomic}
    uintx ProfiledCodeHeapSize                     = 122910970                              {pd product} {ergonomic}
    uintx ReservedCodeCacheSize                    = 251658240                              {pd product} {ergonomic}
     bool SegmentedCodeCache                       = true                                      {product} {ergonomic}
     bool UseCompressedClassPointers               = true                                 {lp64_product} {ergonomic}
     bool UseCompressedOops                        = true                                 {lp64_product} {ergonomic}
     bool UseG1GC                                  = true                                      {product} {ergonomic}
     bool UseLargePagesIndividualAllocation        = false                                  {pd product} {ergonomic}

Logging:
Log output configuration:
 #0: stdout all=warning uptime,level,tags
 #1: stderr all=off uptime,level,tags

Environment Variables:
JAVA_HOME=C:\Program Files\Microsoft\jdk-11.0.18.10-hotspot\
PATH=C:\Program Files\Microsoft\jdk-11.0.18.10-hotspot\bin;C:\Program Files (x86)\Common Files\Oracle\Java\javapath;C:\Windows\system32;C:\Windows;C:\Windows\System32\Wbem;C:\Windows\System32\WindowsPowerShell\v1.0\;C:\Windows\System32\OpenSSH\;C:\ProgramData\chocolatey\bin;C:\Program Files\PuTTY\;C:\Program Files\nodejs\;C:\Program Files\Git\bin\;C:\Program Files\Git\cmd\;C:\Users\Alex\AppData\Roaming\Python\Scripts;C:\Users\Alex\AppData\Local\Android\Sdk\platform-tools;C:\MinGW;C:\Users\Alex\AppData\Local\Programs\Python\Python311\Scripts\;C:\Users\Alex\AppData\Local\Programs\Python\Python311\;C:\Users\Alex\AppData\Local\Microsoft\WindowsApps;D:\CLion 2022.3.1\bin;;C:\Users\Alex\AppData\Local\Programs\Microsoft VS Code\bin;D:\psn\modelsim_ase\win32aloem;C:\Users\Alex\AppData\Local\GitHubDesktop\bin;C:\Users\Alex\AppData\Roaming\npm
USERNAME=Alex
OS=Windows_NT
PROCESSOR_IDENTIFIER=Intel64 Family 6 Model 165 Stepping 2, GenuineIntel



---------------  S Y S T E M  ---------------

OS: Windows 11 , 64 bit Build 22621 (10.0.22621.1485)
OS uptime: 9 days 7:45 hours
Hyper-V role detected

CPU:total 8 (initial active 8) (4 cores per cpu, 2 threads per core) family 6 model 165 stepping 2 microcode 0xe0, cmov, cx8, fxsr, mmx, sse, sse2, sse3, ssse3, sse4.1, sse4.2, popcnt, avx, avx2, aes, clmul, erms, 3dnowpref, lzcnt, ht, tsc, tscinvbit, bmi1, bmi2, adx, fma

Memory: 4k page, system-wide physical 8029M (283M free)
TotalPageFile size 32605M (AvailPageFile size 2M)
current process WorkingSet (physical memory assigned to process): 269M, peak: 275M
current process commit charge ("private bytes"): 388M, peak: 389M

vm_info: OpenJDK 64-Bit Server VM (11.0.15+0-b2043.56-9505619) for windows-amd64 JRE (11.0.15+0-b2043.56-9505619), built on Jan 19 2023 02:48:00 by "builduser" with unknown MS VC++:1929

END.
