#
# There is insufficient memory for the Java Runtime Environment to continue.
# Native memory allocation (mmap) failed to map 55574528 bytes for Failed to commit area from 0x0000000090800000 to 0x0000000093d00000 of length 55574528.
# Possible reasons:
#   The system is out of physical RAM or swap space
#   The process is running with CompressedOops enabled, and the Java Heap may be blocking the growth of the native heap
# Possible solutions:
#   Reduce memory load on the system
#   Increase physical memory or swap space
#   Check if swap backing store is full
#   Decrease Java heap size (-Xmx/-Xms)
#   Decrease number of Java threads
#   Decrease Java thread stack sizes (-Xss)
#   Set larger code cache with -XX:ReservedCodeCacheSize=
#   JVM is running with Unscaled Compressed Oops mode in which the Java heap is
#     placed in the first 4GB address space. The Java Heap base address is the
#     maximum limit for the native heap growth. Please use -XX:HeapBaseMinAddress
#     to set the Java Heap base and to place the Java Heap above 4GB virtual address.
# This output file may be truncated or incomplete.
#
#  Out of Memory Error (src/hotspot/os/windows/os_windows.cpp:3627), pid=26776, tid=11760
#
# JRE version: OpenJDK Runtime Environment (11.0.15) (build 11.0.15+0-b2043.56-9505619)
# Java VM: OpenJDK 64-Bit Server VM (11.0.15+0-b2043.56-9505619, mixed mode, tiered, compressed oops, g1 gc, windows-amd64)
# No core dump will be written. Minidumps are not enabled by default on client versions of Windows
#

---------------  S U M M A R Y ------------

Command Line: -XX:MaxMetaspaceSize=512m --add-opens=java.base/java.util=ALL-UNNAMED --add-opens=java.base/java.lang=ALL-UNNAMED --add-opens=java.base/java.lang.invoke=ALL-UNNAMED --add-opens=java.base/java.util=ALL-UNNAMED --add-opens=java.prefs/java.util.prefs=ALL-UNNAMED --add-opens=java.prefs/java.util.prefs=ALL-UNNAMED --add-opens=java.base/java.nio.charset=ALL-UNNAMED --add-opens=java.base/java.net=ALL-UNNAMED --add-opens=java.base/java.util.concurrent.atomic=ALL-UNNAMED -Xmx2048m -Dfile.encoding=windows-1252 -Duser.country=US -Duser.language=en -Duser.variant org.gradle.launcher.daemon.bootstrap.GradleDaemon 7.5.1

Host: Intel(R) Core(TM) i5-10300H CPU @ 2.50GHz, 8 cores, 7G,  Windows 11 , 64 bit Build 22621 (10.0.22621.1485)
Time: Sun Apr 23 13:04:36 2023 GTB Daylight Time elapsed time: 97.838983 seconds (0d 0h 1m 37s)

---------------  T H R E A D  ---------------

Current thread (0x000001ddc6ff4800):  VMThread "VM Thread" [stack: 0x0000004c9f700000,0x0000004c9f800000] [id=11760]

Stack: [0x0000004c9f700000,0x0000004c9f800000]
[error occurred during error reporting (printing stack bounds), id 0xc0000005, EXCEPTION_ACCESS_VIOLATION (0xc0000005) at pc=0x000001ddb069112d]

Native frames: (J=compiled Java code, j=interpreted, Vv=VM code, C=native code)
V  [jvm.dll+0x64135a]
V  [jvm.dll+0x7d39f9]
V  [jvm.dll+0x7d51b9]
V  [jvm.dll+0x7d5805]
V  [jvm.dll+0x7d57bb]
V  [jvm.dll+0x640655]
V  [jvm.dll+0x640d68]
C  [ntdll.dll+0xa3cff]
C  [ntdll.dll+0x1e456]
C  [ntdll.dll+0xa2cee]
C  0x000001ddb069112d

VM_Operation (0x0000004ca94fde60): G1CollectForAllocation, mode: safepoint, requested by thread 0x000001ddd5a9a000


---------------  P R O C E S S  ---------------

Threads class SMR info:
_java_thread_list=0x000001ddd1a5d850, length=159, elements={
0x000001ddacb70000, 0x000001ddc6ff8800, 0x000001ddc7003800, 0x000001ddc7014800,
0x000001ddc7015800, 0x000001ddc701a800, 0x000001ddc7021000, 0x000001ddc7028000,
0x000001ddc7029000, 0x000001ddc7ace800, 0x000001ddc9d68000, 0x000001ddc7d9c800,
0x000001ddca96a800, 0x000001ddc89f8000, 0x000001ddc9af4000, 0x000001ddc98f5800,
0x000001ddc9254800, 0x000001ddc9255800, 0x000001ddc9352800, 0x000001ddca86c000,
0x000001ddca86d000, 0x000001ddca86d800, 0x000001ddca86a800, 0x000001ddca86e800,
0x000001ddca86f000, 0x000001ddca871000, 0x000001ddca870000, 0x000001ddca86b000,
0x000001ddcb624000, 0x000001ddcb625000, 0x000001ddcb626800, 0x000001ddcb627800,
0x000001ddcb623800, 0x000001ddcb62a000, 0x000001ddcb62a800, 0x000001ddcb62b800,
0x000001ddcb626000, 0x000001ddcb62e000, 0x000001ddcb631800, 0x000001ddcb62c800,
0x000001ddcb62f800, 0x000001ddcb630800, 0x000001ddcb62d000, 0x000001ddcb62f000,
0x000001ddcd27b800, 0x000001ddcd27c800, 0x000001ddcd278800, 0x000001ddcd27d800,
0x000001ddcd27a000, 0x000001ddcd279000, 0x000001ddcd280800, 0x000001ddcd27e000,
0x000001ddcd27b000, 0x000001ddcd27f000, 0x000001ddcd282000, 0x000001ddcd284800,
0x000001ddcd284000, 0x000001ddcd283000, 0x000001ddcd285800, 0x000001ddcd27f800,
0x000001ddcd286800, 0x000001ddcd281800, 0x000001ddcd287000, 0x000001ddcd70e800,
0x000001ddcd715000, 0x000001ddcd712800, 0x000001ddcd70f000, 0x000001ddcd710000,
0x000001ddcd713000, 0x000001ddcd716800, 0x000001ddcd711800, 0x000001ddcd714000,
0x000001ddcd715800, 0x000001ddcd710800, 0x000001ddcd71b800, 0x000001ddcd718000,
0x000001ddcd719000, 0x000001ddcd719800, 0x000001ddcd71a800, 0x000001ddcd71c000,
0x000001ddcd71d000, 0x000001ddcd717000, 0x000001ddcf1ce800, 0x000001ddcf1d5000,
0x000001ddcf1d2800, 0x000001ddcf1d0800, 0x000001ddcf1d3000, 0x000001ddcf1d4000,
0x000001ddcf1d1800, 0x000001ddcf1cf000, 0x000001ddcf1d5800, 0x000001ddcf1d0000,
0x000001ddcf1d9000, 0x000001ddcf1d9800, 0x000001ddcf1db800, 0x000001ddcf1da800,
0x000001ddcf1dc000, 0x000001ddcf1d6800, 0x000001ddcf1dd000, 0x000001ddcf1d7800,
0x000001ddcf1d8000, 0x000001ddc9ab8000, 0x000001ddc9abe800, 0x000001ddc9abb800,
0x000001ddc9ab9000, 0x000001ddc9abc000, 0x000001ddc9abd000, 0x000001ddc9abd800,
0x000001ddc9ab9800, 0x000001ddc9abf800, 0x000001ddc9ac0000, 0x000001ddc9aba800,
0x000001ddc9ac6800, 0x000001ddc9ac3800, 0x000001ddc9ac6000, 0x000001ddc9ac5000,
0x000001ddc9ac1000, 0x000001ddc9ac4800, 0x000001ddc9ac2800, 0x000001ddc9ac2000,
0x000001ddccc05000, 0x000001ddccc01000, 0x000001ddccc04800, 0x000001ddccc07800,
0x000001ddccc06000, 0x000001ddccc02000, 0x000001ddccc07000, 0x000001ddccc08800,
0x000001ddccc02800, 0x000001ddccc09000, 0x000001ddccc03800, 0x000001ddccc0b000,
0x000001ddccc0f000, 0x000001ddccc0b800, 0x000001ddccc0c800, 0x000001ddccc0d800,
0x000001ddccc0e000, 0x000001ddd5a9b000, 0x000001ddd5a95800, 0x000001ddd5a9c000,
0x000001ddd5a99800, 0x000001ddd5a96000, 0x000001ddd5a9c800, 0x000001ddd5a97800,
0x000001ddd5a98800, 0x000001ddd5a97000, 0x000001ddd5a9e800, 0x000001ddd5a9f000,
0x000001ddd5aa0000, 0x000001ddd5a9a000, 0x000001ddd5aa4000, 0x000001ddd5aa1800,
0x000001ddd5aa3000, 0x000001ddd5aa2800, 0x000001ddd1c22000, 0x000001ddd1c1e800,
0x000001ddd1c1e000, 0x000001ddd1c1d000, 0x000001ddd44b2000
}

Java Threads: ( => current thread )
  0x000001ddacb70000 JavaThread "main" [_thread_blocked, id=1624, stack(0x0000004c9f100000,0x0000004c9f200000)]
  0x000001ddc6ff8800 JavaThread "Reference Handler" daemon [_thread_blocked, id=31020, stack(0x0000004c9f800000,0x0000004c9f900000)]
  0x000001ddc7003800 JavaThread "Finalizer" daemon [_thread_blocked, id=18644, stack(0x0000004c9f900000,0x0000004c9fa00000)]
  0x000001ddc7014800 JavaThread "Signal Dispatcher" daemon [_thread_blocked, id=19128, stack(0x0000004c9fa00000,0x0000004c9fb00000)]
  0x000001ddc7015800 JavaThread "Attach Listener" daemon [_thread_blocked, id=33288, stack(0x0000004c9fb00000,0x0000004c9fc00000)]
  0x000001ddc701a800 JavaThread "Service Thread" daemon [_thread_blocked, id=23152, stack(0x0000004c9fc00000,0x0000004c9fd00000)]
  0x000001ddc7021000 JavaThread "C2 CompilerThread0" daemon [_thread_blocked, id=3972, stack(0x0000004c9fd00000,0x0000004c9fe00000)]
  0x000001ddc7028000 JavaThread "C1 CompilerThread0" daemon [_thread_blocked, id=22708, stack(0x0000004c9fe00000,0x0000004c9ff00000)]
  0x000001ddc7029000 JavaThread "Sweeper thread" daemon [_thread_blocked, id=19624, stack(0x0000004c9ff00000,0x0000004ca0000000)]
  0x000001ddc7ace800 JavaThread "Common-Cleaner" daemon [_thread_blocked, id=21244, stack(0x0000004ca0000000,0x0000004ca0100000)]
  0x000001ddc9d68000 JavaThread "Daemon health stats" [_thread_blocked, id=29420, stack(0x0000004ca0500000,0x0000004ca0600000)]
  0x000001ddc7d9c800 JavaThread "Incoming local TCP Connector on port 51420" [_thread_in_native, id=19340, stack(0x0000004ca0200000,0x0000004ca0300000)]
  0x000001ddca96a800 JavaThread "Daemon periodic checks" [_thread_blocked, id=34760, stack(0x0000004ca0600000,0x0000004ca0700000)]
  0x000001ddc89f8000 JavaThread "Daemon" [_thread_blocked, id=31636, stack(0x0000004ca0700000,0x0000004ca0800000)]
  0x000001ddc9af4000 JavaThread "Handler for socket connection from /127.0.0.1:51420 to /127.0.0.1:51421" [_thread_in_native, id=18548, stack(0x0000004ca0800000,0x0000004ca0900000)]
  0x000001ddc98f5800 JavaThread "Cancel handler" [_thread_blocked, id=12648, stack(0x0000004ca0900000,0x0000004ca0a00000)]
  0x000001ddc9254800 JavaThread "Daemon worker" [_thread_blocked, id=13464, stack(0x0000004ca0a00000,0x0000004ca0b00000)]
  0x000001ddc9255800 JavaThread "Asynchronous log dispatcher for DefaultDaemonConnection: socket connection from /127.0.0.1:51420 to /127.0.0.1:51421" [_thread_blocked, id=15004, stack(0x0000004ca0b00000,0x0000004ca0c00000)]
  0x000001ddc9352800 JavaThread "Daemon client event forwarder" [_thread_blocked, id=33540, stack(0x0000004ca0d00000,0x0000004ca0e00000)]
  0x000001ddca86c000 JavaThread "Cache worker for journal cache (C:\Users\Alex\.gradle\caches\journal-1)" [_thread_blocked, id=16248, stack(0x0000004ca0f00000,0x0000004ca1000000)]
  0x000001ddca86d000 JavaThread "File lock request listener" [_thread_in_native, id=17512, stack(0x0000004ca1500000,0x0000004ca1600000)]
  0x000001ddca86d800 JavaThread "Cache worker for file hash cache (C:\Users\Alex\.gradle\caches\7.5.1\fileHashes)" [_thread_blocked, id=27656, stack(0x0000004ca1600000,0x0000004ca1700000)]
  0x000001ddca86a800 JavaThread "File watcher server" daemon [_thread_blocked, id=30744, stack(0x0000004ca1800000,0x0000004ca1900000)]
  0x000001ddca86e800 JavaThread "File watcher consumer" daemon [_thread_blocked, id=23400, stack(0x0000004ca1900000,0x0000004ca1a00000)]
  0x000001ddca86f000 JavaThread "Cache worker for checksums cache (C:\Users\Alex\Desktop\AwesomeProject\android\.gradle\7.5.1\checksums)" [_thread_blocked, id=22736, stack(0x0000004ca1a00000,0x0000004ca1b00000)]
  0x000001ddca871000 JavaThread "Cache worker for cache directory md-rule (C:\Users\Alex\.gradle\caches\7.5.1\md-rule)" [_thread_blocked, id=16872, stack(0x0000004ca1b00000,0x0000004ca1c00000)]
  0x000001ddca870000 JavaThread "Cache worker for file content cache (C:\Users\Alex\.gradle\caches\7.5.1\fileContent)" [_thread_blocked, id=34780, stack(0x0000004ca1c00000,0x0000004ca1d00000)]
  0x000001ddca86b000 JavaThread "Cache worker for file hash cache (C:\Users\Alex\Desktop\AwesomeProject\android\.gradle\7.5.1\fileHashes)" [_thread_blocked, id=7676, stack(0x0000004ca1d00000,0x0000004ca1e00000)]
  0x000001ddcb624000 JavaThread "Cache worker for cache directory md-supplier (C:\Users\Alex\.gradle\caches\7.5.1\md-supplier)" [_thread_blocked, id=21456, stack(0x0000004ca1e00000,0x0000004ca1f00000)]
  0x000001ddcb625000 JavaThread "Cache worker for execution history cache (C:\Users\Alex\.gradle\caches\7.5.1\executionHistory)" [_thread_blocked, id=27076, stack(0x0000004ca1f00000,0x0000004ca2000000)]
  0x000001ddcb626800 JavaThread "jar transforms" [_thread_blocked, id=2364, stack(0x0000004ca2000000,0x0000004ca2100000)]
  0x000001ddcb627800 JavaThread "jar transforms Thread 2" [_thread_blocked, id=17336, stack(0x0000004ca2100000,0x0000004ca2200000)]
  0x000001ddcb623800 JavaThread "jar transforms Thread 3" [_thread_blocked, id=20652, stack(0x0000004ca2200000,0x0000004ca2300000)]
  0x000001ddcb62a000 JavaThread "jar transforms Thread 4" [_thread_blocked, id=25560, stack(0x0000004ca2300000,0x0000004ca2400000)]
  0x000001ddcb62a800 JavaThread "jar transforms Thread 5" [_thread_blocked, id=9248, stack(0x0000004ca2400000,0x0000004ca2500000)]
  0x000001ddcb62b800 JavaThread "jar transforms Thread 6" [_thread_blocked, id=26888, stack(0x0000004ca2500000,0x0000004ca2600000)]
  0x000001ddcb626000 JavaThread "Cache worker for kotlin-dsl (C:\Users\Alex\.gradle\caches\7.5.1\kotlin-dsl)" [_thread_blocked, id=25980, stack(0x0000004ca0e00000,0x0000004ca0f00000)]
  0x000001ddcb62e000 JavaThread "jar transforms Thread 7" [_thread_blocked, id=8920, stack(0x0000004ca2600000,0x0000004ca2700000)]
  0x000001ddcb631800 JavaThread "jar transforms Thread 8" [_thread_blocked, id=4476, stack(0x0000004ca2700000,0x0000004ca2800000)]
  0x000001ddcb62c800 JavaThread "Cache worker for dependencies-accessors (C:\Users\Alex\Desktop\AwesomeProject\android\.gradle\7.5.1\dependencies-accessors)" [_thread_blocked, id=25720, stack(0x0000004ca2800000,0x0000004ca2900000)]
  0x000001ddcb62f800 JavaThread "Cache worker for Build Output Cleanup Cache (C:\Users\Alex\Desktop\AwesomeProject\node_modules\react-native-gradle-plugin\.gradle\buildOutputCleanup)" [_thread_blocked, id=28676, stack(0x0000004ca2900000,0x0000004ca2a00000)]
  0x000001ddcb630800 JavaThread "Unconstrained build operations" [_thread_blocked, id=17520, stack(0x0000004ca2a00000,0x0000004ca2b00000)]
  0x000001ddcb62d000 JavaThread "Unconstrained build operations Thread 2" [_thread_blocked, id=1396, stack(0x0000004ca2b00000,0x0000004ca2c00000)]
  0x000001ddcb62f000 JavaThread "Unconstrained build operations Thread 3" [_thread_blocked, id=28504, stack(0x0000004ca2c00000,0x0000004ca2d00000)]
  0x000001ddcd27b800 JavaThread "Unconstrained build operations Thread 4" [_thread_blocked, id=34552, stack(0x0000004ca2d00000,0x0000004ca2e00000)]
  0x000001ddcd27c800 JavaThread "Unconstrained build operations Thread 5" [_thread_blocked, id=4224, stack(0x0000004ca2e00000,0x0000004ca2f00000)]
  0x000001ddcd278800 JavaThread "Unconstrained build operations Thread 6" [_thread_blocked, id=17128, stack(0x0000004ca2f00000,0x0000004ca3000000)]
  0x000001ddcd27d800 JavaThread "Unconstrained build operations Thread 7" [_thread_blocked, id=21732, stack(0x0000004ca3000000,0x0000004ca3100000)]
  0x000001ddcd27a000 JavaThread "Unconstrained build operations Thread 8" [_thread_blocked, id=13528, stack(0x0000004ca3100000,0x0000004ca3200000)]
  0x000001ddcd279000 JavaThread "Unconstrained build operations Thread 9" [_thread_blocked, id=32004, stack(0x0000004ca3200000,0x0000004ca3300000)]
  0x000001ddcd280800 JavaThread "Unconstrained build operations Thread 10" [_thread_blocked, id=8064, stack(0x0000004ca3300000,0x0000004ca3400000)]
  0x000001ddcd27e000 JavaThread "Unconstrained build operations Thread 11" [_thread_blocked, id=26372, stack(0x0000004ca3400000,0x0000004ca3500000)]
  0x000001ddcd27b000 JavaThread "Unconstrained build operations Thread 12" [_thread_blocked, id=11372, stack(0x0000004ca3500000,0x0000004ca3600000)]
  0x000001ddcd27f000 JavaThread "Unconstrained build operations Thread 13" [_thread_blocked, id=34628, stack(0x0000004ca3600000,0x0000004ca3700000)]
  0x000001ddcd282000 JavaThread "Unconstrained build operations Thread 14" [_thread_blocked, id=7672, stack(0x0000004ca3700000,0x0000004ca3800000)]
  0x000001ddcd284800 JavaThread "Unconstrained build operations Thread 15" [_thread_blocked, id=12884, stack(0x0000004ca3800000,0x0000004ca3900000)]
  0x000001ddcd284000 JavaThread "Unconstrained build operations Thread 16" [_thread_blocked, id=20872, stack(0x0000004ca3900000,0x0000004ca3a00000)]
  0x000001ddcd283000 JavaThread "Unconstrained build operations Thread 17" [_thread_blocked, id=8988, stack(0x0000004ca3a00000,0x0000004ca3b00000)]
  0x000001ddcd285800 JavaThread "Unconstrained build operations Thread 18" [_thread_blocked, id=1000, stack(0x0000004ca3b00000,0x0000004ca3c00000)]
  0x000001ddcd27f800 JavaThread "Unconstrained build operations Thread 19" [_thread_blocked, id=6864, stack(0x0000004ca3c00000,0x0000004ca3d00000)]
  0x000001ddcd286800 JavaThread "Unconstrained build operations Thread 20" [_thread_blocked, id=18952, stack(0x0000004ca3d00000,0x0000004ca3e00000)]
  0x000001ddcd281800 JavaThread "Unconstrained build operations Thread 21" [_thread_blocked, id=2944, stack(0x0000004ca3e00000,0x0000004ca3f00000)]
  0x000001ddcd287000 JavaThread "Unconstrained build operations Thread 22" [_thread_blocked, id=26768, stack(0x0000004ca3f00000,0x0000004ca4000000)]
  0x000001ddcd70e800 JavaThread "Unconstrained build operations Thread 23" [_thread_blocked, id=23408, stack(0x0000004ca4000000,0x0000004ca4100000)]
  0x000001ddcd715000 JavaThread "Unconstrained build operations Thread 24" [_thread_blocked, id=26416, stack(0x0000004ca4100000,0x0000004ca4200000)]
  0x000001ddcd712800 JavaThread "Unconstrained build operations Thread 25" [_thread_blocked, id=20700, stack(0x0000004ca4200000,0x0000004ca4300000)]
  0x000001ddcd70f000 JavaThread "Unconstrained build operations Thread 26" [_thread_blocked, id=1468, stack(0x0000004ca4300000,0x0000004ca4400000)]
  0x000001ddcd710000 JavaThread "Unconstrained build operations Thread 27" [_thread_blocked, id=11696, stack(0x0000004ca4400000,0x0000004ca4500000)]
  0x000001ddcd713000 JavaThread "Unconstrained build operations Thread 28" [_thread_blocked, id=19724, stack(0x0000004ca4500000,0x0000004ca4600000)]
  0x000001ddcd716800 JavaThread "Unconstrained build operations Thread 29" [_thread_blocked, id=21668, stack(0x0000004ca4600000,0x0000004ca4700000)]
  0x000001ddcd711800 JavaThread "Unconstrained build operations Thread 30" [_thread_blocked, id=32564, stack(0x0000004ca4700000,0x0000004ca4800000)]
  0x000001ddcd714000 JavaThread "Unconstrained build operations Thread 31" [_thread_blocked, id=32392, stack(0x0000004ca4800000,0x0000004ca4900000)]
  0x000001ddcd715800 JavaThread "Unconstrained build operations Thread 32" [_thread_blocked, id=17368, stack(0x0000004ca4900000,0x0000004ca4a00000)]
  0x000001ddcd710800 JavaThread "Unconstrained build operations Thread 33" [_thread_blocked, id=15452, stack(0x0000004ca4a00000,0x0000004ca4b00000)]
  0x000001ddcd71b800 JavaThread "build event listener" [_thread_blocked, id=25652, stack(0x0000004ca4b00000,0x0000004ca4c00000)]
  0x000001ddcd718000 JavaThread "Memory manager" [_thread_blocked, id=31384, stack(0x0000004ca4c00000,0x0000004ca4d00000)]
  0x000001ddcd719000 JavaThread "Cache worker for Build Output Cleanup Cache (C:\Users\Alex\Desktop\AwesomeProject\android\.gradle\buildOutputCleanup)" [_thread_blocked, id=12620, stack(0x0000004ca4d00000,0x0000004ca4e00000)]
  0x000001ddcd719800 JavaThread "included builds" [_thread_blocked, id=31364, stack(0x0000004ca4f00000,0x0000004ca5000000)]
  0x000001ddcd71a800 JavaThread "Execution worker" [_thread_blocked, id=6588, stack(0x0000004ca5000000,0x0000004ca5100000)]
  0x000001ddcd71c000 JavaThread "Execution worker Thread 2" [_thread_blocked, id=21360, stack(0x0000004ca5100000,0x0000004ca5200000)]
  0x000001ddcd71d000 JavaThread "Execution worker Thread 3" [_thread_blocked, id=21584, stack(0x0000004ca5200000,0x0000004ca5300000)]
  0x000001ddcd717000 JavaThread "Execution worker Thread 4" [_thread_blocked, id=2816, stack(0x0000004ca5300000,0x0000004ca5400000)]
  0x000001ddcf1ce800 JavaThread "Execution worker Thread 5" [_thread_blocked, id=13676, stack(0x0000004ca5400000,0x0000004ca5500000)]
  0x000001ddcf1d5000 JavaThread "Execution worker Thread 6" [_thread_blocked, id=8352, stack(0x0000004ca5500000,0x0000004ca5600000)]
  0x000001ddcf1d2800 JavaThread "Execution worker Thread 7" [_thread_blocked, id=10424, stack(0x0000004ca5600000,0x0000004ca5700000)]
  0x000001ddcf1d0800 JavaThread "Cache worker for execution history cache (C:\Users\Alex\Desktop\AwesomeProject\node_modules\react-native-gradle-plugin\.gradle\7.5.1\executionHistory)" [_thread_blocked, id=24920, stack(0x0000004ca5700000,0x0000004ca5800000)]
  0x000001ddcf1d3000 JavaThread "Unconstrained build operations Thread 34" [_thread_blocked, id=33044, stack(0x0000004ca5800000,0x0000004ca5900000)]
  0x000001ddcf1d4000 JavaThread "Unconstrained build operations Thread 35" [_thread_blocked, id=12672, stack(0x0000004ca5900000,0x0000004ca5a00000)]
  0x000001ddcf1d1800 JavaThread "Unconstrained build operations Thread 36" [_thread_blocked, id=1752, stack(0x0000004ca5a00000,0x0000004ca5b00000)]
  0x000001ddcf1cf000 JavaThread "Unconstrained build operations Thread 37" [_thread_blocked, id=2368, stack(0x0000004ca5b00000,0x0000004ca5c00000)]
  0x000001ddcf1d5800 JavaThread "Unconstrained build operations Thread 38" [_thread_blocked, id=27560, stack(0x0000004ca5c00000,0x0000004ca5d00000)]
  0x000001ddcf1d0000 JavaThread "Unconstrained build operations Thread 39" [_thread_blocked, id=27416, stack(0x0000004ca5d00000,0x0000004ca5e00000)]
  0x000001ddcf1d9000 JavaThread "Unconstrained build operations Thread 40" [_thread_blocked, id=30368, stack(0x0000004ca5e00000,0x0000004ca5f00000)]
  0x000001ddcf1d9800 JavaThread "Unconstrained build operations Thread 41" [_thread_blocked, id=16276, stack(0x0000004ca5f00000,0x0000004ca6000000)]
  0x000001ddcf1db800 JavaThread "Unconstrained build operations Thread 42" [_thread_blocked, id=22752, stack(0x0000004ca6000000,0x0000004ca6100000)]
  0x000001ddcf1da800 JavaThread "Unconstrained build operations Thread 43" [_thread_blocked, id=23592, stack(0x0000004ca6100000,0x0000004ca6200000)]
  0x000001ddcf1dc000 JavaThread "Unconstrained build operations Thread 44" [_thread_blocked, id=14772, stack(0x0000004ca6200000,0x0000004ca6300000)]
  0x000001ddcf1d6800 JavaThread "Unconstrained build operations Thread 45" [_thread_blocked, id=31016, stack(0x0000004ca6300000,0x0000004ca6400000)]
  0x000001ddcf1dd000 JavaThread "Unconstrained build operations Thread 46" [_thread_blocked, id=6580, stack(0x0000004ca6400000,0x0000004ca6500000)]
  0x000001ddcf1d7800 JavaThread "Unconstrained build operations Thread 47" [_thread_blocked, id=23876, stack(0x0000004ca6500000,0x0000004ca6600000)]
  0x000001ddcf1d8000 JavaThread "Unconstrained build operations Thread 48" [_thread_blocked, id=24668, stack(0x0000004ca6600000,0x0000004ca6700000)]
  0x000001ddc9ab8000 JavaThread "Unconstrained build operations Thread 49" [_thread_blocked, id=25592, stack(0x0000004ca6700000,0x0000004ca6800000)]
  0x000001ddc9abe800 JavaThread "Unconstrained build operations Thread 50" [_thread_blocked, id=29708, stack(0x0000004ca6800000,0x0000004ca6900000)]
  0x000001ddc9abb800 JavaThread "Unconstrained build operations Thread 51" [_thread_blocked, id=1184, stack(0x0000004ca6900000,0x0000004ca6a00000)]
  0x000001ddc9ab9000 JavaThread "Unconstrained build operations Thread 52" [_thread_blocked, id=29820, stack(0x0000004ca6a00000,0x0000004ca6b00000)]
  0x000001ddc9abc000 JavaThread "Unconstrained build operations Thread 53" [_thread_blocked, id=16180, stack(0x0000004ca6b00000,0x0000004ca6c00000)]
  0x000001ddc9abd000 JavaThread "Unconstrained build operations Thread 54" [_thread_blocked, id=34540, stack(0x0000004ca6c00000,0x0000004ca6d00000)]
  0x000001ddc9abd800 JavaThread "Unconstrained build operations Thread 55" [_thread_blocked, id=19236, stack(0x0000004ca6d00000,0x0000004ca6e00000)]
  0x000001ddc9ab9800 JavaThread "Unconstrained build operations Thread 56" [_thread_blocked, id=2140, stack(0x0000004ca6e00000,0x0000004ca6f00000)]
  0x000001ddc9abf800 JavaThread "Unconstrained build operations Thread 57" [_thread_blocked, id=7828, stack(0x0000004ca6f00000,0x0000004ca7000000)]
  0x000001ddc9ac0000 JavaThread "Unconstrained build operations Thread 58" [_thread_blocked, id=8528, stack(0x0000004ca7000000,0x0000004ca7100000)]
  0x000001ddc9aba800 JavaThread "Unconstrained build operations Thread 59" [_thread_blocked, id=31936, stack(0x0000004ca7100000,0x0000004ca7200000)]
  0x000001ddc9ac6800 JavaThread "Unconstrained build operations Thread 60" [_thread_blocked, id=26948, stack(0x0000004ca7200000,0x0000004ca7300000)]
  0x000001ddc9ac3800 JavaThread "Unconstrained build operations Thread 61" [_thread_blocked, id=30132, stack(0x0000004ca7300000,0x0000004ca7400000)]
  0x000001ddc9ac6000 JavaThread "Unconstrained build operations Thread 62" [_thread_blocked, id=32216, stack(0x0000004ca7400000,0x0000004ca7500000)]
  0x000001ddc9ac5000 JavaThread "Unconstrained build operations Thread 63" [_thread_blocked, id=28264, stack(0x0000004ca7500000,0x0000004ca7600000)]
  0x000001ddc9ac1000 JavaThread "Unconstrained build operations Thread 64" [_thread_blocked, id=21332, stack(0x0000004ca7600000,0x0000004ca7700000)]
  0x000001ddc9ac4800 JavaThread "Unconstrained build operations Thread 65" [_thread_blocked, id=14888, stack(0x0000004ca7700000,0x0000004ca7800000)]
  0x000001ddc9ac2800 JavaThread "Unconstrained build operations Thread 66" [_thread_blocked, id=20232, stack(0x0000004ca7800000,0x0000004ca7900000)]
  0x000001ddc9ac2000 JavaThread "Unconstrained build operations Thread 67" [_thread_blocked, id=34244, stack(0x0000004ca7900000,0x0000004ca7a00000)]
  0x000001ddccc05000 JavaThread "Unconstrained build operations Thread 68" [_thread_blocked, id=9128, stack(0x0000004ca7a00000,0x0000004ca7b00000)]
  0x000001ddccc01000 JavaThread "Unconstrained build operations Thread 69" [_thread_blocked, id=32276, stack(0x0000004ca7b00000,0x0000004ca7c00000)]
  0x000001ddccc04800 JavaThread "Unconstrained build operations Thread 70" [_thread_blocked, id=1176, stack(0x0000004ca7c00000,0x0000004ca7d00000)]
  0x000001ddccc07800 JavaThread "Unconstrained build operations Thread 71" [_thread_blocked, id=7900, stack(0x0000004ca7d00000,0x0000004ca7e00000)]
  0x000001ddccc06000 JavaThread "Unconstrained build operations Thread 72" [_thread_blocked, id=20964, stack(0x0000004ca7e00000,0x0000004ca7f00000)]
  0x000001ddccc02000 JavaThread "Unconstrained build operations Thread 73" [_thread_blocked, id=12024, stack(0x0000004ca7f00000,0x0000004ca8000000)]
  0x000001ddccc07000 JavaThread "Unconstrained build operations Thread 74" [_thread_blocked, id=23696, stack(0x0000004ca8000000,0x0000004ca8100000)]
  0x000001ddccc08800 JavaThread "Unconstrained build operations Thread 75" [_thread_blocked, id=27792, stack(0x0000004ca8100000,0x0000004ca8200000)]
  0x000001ddccc02800 JavaThread "Unconstrained build operations Thread 76" [_thread_blocked, id=28508, stack(0x0000004ca8200000,0x0000004ca8300000)]
  0x000001ddccc09000 JavaThread "Unconstrained build operations Thread 77" [_thread_blocked, id=7884, stack(0x0000004ca8300000,0x0000004ca8400000)]
  0x000001ddccc03800 JavaThread "Unconstrained build operations Thread 78" [_thread_blocked, id=2832, stack(0x0000004ca8400000,0x0000004ca8500000)]
  0x000001ddccc0b000 JavaThread "Unconstrained build operations Thread 79" [_thread_blocked, id=33772, stack(0x0000004ca8500000,0x0000004ca8600000)]
  0x000001ddccc0f000 JavaThread "Unconstrained build operations Thread 80" [_thread_blocked, id=33032, stack(0x0000004ca8600000,0x0000004ca8700000)]
  0x000001ddccc0b800 JavaThread "build event listener" [_thread_blocked, id=14352, stack(0x0000004c9ef00000,0x0000004c9f000000)]
  0x000001ddccc0c800 JavaThread "pool-3-thread-1" [_thread_blocked, id=24180, stack(0x0000004c9f000000,0x0000004c9f100000)]
  0x000001ddccc0d800 JavaThread "build event listener" [_thread_blocked, id=13600, stack(0x0000004ca0c00000,0x0000004ca0d00000)]
  0x000001ddccc0e000 JavaThread "included builds Thread 2" [_thread_blocked, id=25568, stack(0x0000004ca8800000,0x0000004ca8900000)]
  0x000001ddd5a9b000 JavaThread "Cache worker for execution history cache (C:\Users\Alex\Desktop\AwesomeProject\android\.gradle\7.5.1\executionHistory)" [_thread_blocked, id=28988, stack(0x0000004ca8900000,0x0000004ca8a00000)]
  0x000001ddd5a95800 JavaThread "WorkerExecutor Queue" [_thread_blocked, id=17176, stack(0x0000004c9ee00000,0x0000004c9ef00000)]
  0x000001ddd5a9c000 JavaThread "WorkerExecutor Queue Thread 2" [_thread_blocked, id=13108, stack(0x0000004ca8a00000,0x0000004ca8b00000)]
  0x000001ddd5a99800 JavaThread "WorkerExecutor Queue Thread 3" [_thread_blocked, id=30600, stack(0x0000004ca8b00000,0x0000004ca8c00000)]
  0x000001ddd5a96000 JavaThread "WorkerExecutor Queue Thread 4" [_thread_blocked, id=15800, stack(0x0000004ca8c00000,0x0000004ca8d00000)]
  0x000001ddd5a9c800 JavaThread "WorkerExecutor Queue Thread 5" [_thread_blocked, id=8792, stack(0x0000004ca8d00000,0x0000004ca8e00000)]
  0x000001ddd5a97800 JavaThread "WorkerExecutor Queue Thread 6" [_thread_blocked, id=17764, stack(0x0000004ca8e00000,0x0000004ca8f00000)]
  0x000001ddd5a98800 JavaThread "WorkerExecutor Queue Thread 7" [_thread_blocked, id=13200, stack(0x0000004ca8f00000,0x0000004ca9000000)]
  0x000001ddd5a97000 JavaThread "WorkerExecutor Queue Thread 8" [_thread_blocked, id=31992, stack(0x0000004ca9000000,0x0000004ca9100000)]
  0x000001ddd5a9e800 JavaThread "pool-4-thread-1" [_thread_blocked, id=16820, stack(0x0000004ca9100000,0x0000004ca9200000)]
  0x000001ddd5a9f000 JavaThread "stderr" [_thread_in_native, id=31064, stack(0x0000004ca9200000,0x0000004ca9300000)]
  0x000001ddd5aa0000 JavaThread "stdout" [_thread_in_native, id=30116, stack(0x0000004ca9300000,0x0000004ca9400000)]
  0x000001ddd5a9a000 JavaThread "Cache worker for Java compile cache (C:\Users\Alex\.gradle\caches\7.5.1\javaCompile)" [_thread_blocked, id=17528, stack(0x0000004ca9400000,0x0000004ca9500000)]
  0x000001ddd5aa4000 JavaThread "Build operations" [_thread_blocked, id=34584, stack(0x0000004ca9500000,0x0000004ca9600000)]
  0x000001ddd5aa1800 JavaThread "Build operations Thread 2" [_thread_blocked, id=15188, stack(0x0000004ca9600000,0x0000004ca9700000)]
  0x000001ddd5aa3000 JavaThread "Build operations Thread 3" [_thread_blocked, id=26808, stack(0x0000004ca9700000,0x0000004ca9800000)]
  0x000001ddd5aa2800 JavaThread "Build operations Thread 4" [_thread_blocked, id=30180, stack(0x0000004ca9800000,0x0000004ca9900000)]
  0x000001ddd1c22000 JavaThread "Build operations Thread 5" [_thread_blocked, id=14192, stack(0x0000004ca9900000,0x0000004ca9a00000)]
  0x000001ddd1c1e800 JavaThread "Build operations Thread 6" [_thread_blocked, id=22988, stack(0x0000004ca9a00000,0x0000004ca9b00000)]
  0x000001ddd1c1e000 JavaThread "Build operations Thread 7" [_thread_blocked, id=32712, stack(0x0000004ca9b00000,0x0000004ca9c00000)]
  0x000001ddd1c1d000 JavaThread "Build operations Thread 8" [_thread_blocked, id=528, stack(0x0000004ca9c00000,0x0000004ca9d00000)]
  0x000001ddd44b2000 JavaThread "C2 CompilerThread1" daemon [_thread_blocked, id=12780, stack(0x0000004ca9d00000,0x0000004ca9e00000)]

Other Threads:
=>0x000001ddc6ff4800 VMThread "VM Thread" [stack: 0x0000004c9f700000,0x0000004c9f800000] [id=11760]
  0x000001ddc7af3800 WatcherThread [stack: 0x0000004ca0100000,0x0000004ca0200000] [id=16708]
  0x000001ddacb8a000 GCTaskThread "GC Thread#0" [stack: 0x0000004c9f200000,0x0000004c9f300000] [id=29440]
  0x000001ddc8202000 GCTaskThread "GC Thread#1" [stack: 0x0000004ca0300000,0x0000004ca0400000] [id=20012]
  0x000001ddc8843800 GCTaskThread "GC Thread#2" [stack: 0x0000004ca0400000,0x0000004ca0500000] [id=32404]
  0x000001ddc9a6e800 GCTaskThread "GC Thread#3" [stack: 0x0000004ca1000000,0x0000004ca1100000] [id=29340]
  0x000001ddc87df000 GCTaskThread "GC Thread#4" [stack: 0x0000004ca1100000,0x0000004ca1200000] [id=31732]
  0x000001ddca51c000 GCTaskThread "GC Thread#5" [stack: 0x0000004ca1200000,0x0000004ca1300000] [id=9972]
  0x000001ddc9fb6000 GCTaskThread "GC Thread#6" [stack: 0x0000004ca1300000,0x0000004ca1400000] [id=20948]
  0x000001ddcaf8b800 GCTaskThread "GC Thread#7" [stack: 0x0000004ca1400000,0x0000004ca1500000] [id=31096]
  0x000001ddacbbc000 ConcurrentGCThread "G1 Main Marker" [stack: 0x0000004c9f300000,0x0000004c9f400000] [id=25036]
  0x000001ddacbbd000 ConcurrentGCThread "G1 Conc#0" [stack: 0x0000004c9f400000,0x0000004c9f500000] [id=4728]
  0x000001ddca9ed800 ConcurrentGCThread "G1 Conc#1" [stack: 0x0000004ca1700000,0x0000004ca1800000] [id=30564]
  0x000001ddc6e60800 ConcurrentGCThread "G1 Refine#0" [stack: 0x0000004c9f500000,0x0000004c9f600000] [id=26296]
  0x000001ddc6e61800 ConcurrentGCThread "G1 Young RemSet Sampling" [stack: 0x0000004c9f600000,0x0000004c9f700000] [id=28688]

Threads with active compile tasks:

VM state:at safepoint (normal execution)

VM Mutex/Monitor currently owned by a thread:  ([mutex/lock_event])
[0x000001ddacb6ca40] Threads_lock - owner thread: 0x000001ddc6ff4800
[0x000001ddacb6bf90] Heap_lock - owner thread: 0x000001ddd5a9a000

Heap address: 0x0000000080000000, size: 2048 MB, Compressed Oops mode: 32-bit
Narrow klass base: 0x0000000000000000, Narrow klass shift: 3
Compressed class space size: 528482304 Address: 0x0000000100000000

Heap:
 garbage-first heap   total 324608K, used 242309K [0x0000000080000000, 0x0000000100000000)
  region size 1024K, 2 young (2048K), 2 survivors (2048K)
 Metaspace       used 143046K, capacity 147849K, committed 148176K, reserved 645120K
  class space    used 18109K, capacity 19941K, committed 20044K, reserved 516096K
Heap Regions: E=young(eden), S=young(survivor), O=old, HS=humongous(starts), HC=humongous(continues), CS=collection set, F=free, A=archive, TAMS=top-at-mark-start (previous, next)
|   0|0x0000000080000000, 0x0000000080100000, 0x0000000080100000|100%| O|  |TAMS 0x0000000080100000, 0x0000000080100000| Untracked 
|   1|0x0000000080100000, 0x0000000080200000, 0x0000000080200000|100%| O|  |TAMS 0x0000000080200000, 0x0000000080200000| Untracked 
|   2|0x0000000080200000, 0x0000000080300000, 0x0000000080300000|100%| O|  |TAMS 0x0000000080300000, 0x0000000080300000| Untracked 
|   3|0x0000000080300000, 0x0000000080400000, 0x0000000080400000|100%|HS|  |TAMS 0x0000000080400000, 0x0000000080400000| Complete 
|   4|0x0000000080400000, 0x0000000080500000, 0x0000000080500000|100%|HC|  |TAMS 0x0000000080500000, 0x0000000080500000| Complete 
|   5|0x0000000080500000, 0x0000000080600000, 0x0000000080600000|100%|HC|  |TAMS 0x0000000080600000, 0x0000000080600000| Complete 
|   6|0x0000000080600000, 0x0000000080600000, 0x0000000080700000|  0%| F|  |TAMS 0x0000000080600000, 0x0000000080600000| Untracked 
|   7|0x0000000080700000, 0x0000000080800000, 0x0000000080800000|100%| O|  |TAMS 0x0000000080800000, 0x0000000080800000| Untracked 
|   8|0x0000000080800000, 0x0000000080900000, 0x0000000080900000|100%| O|  |TAMS 0x0000000080900000, 0x0000000080900000| Untracked 
|   9|0x0000000080900000, 0x0000000080a00000, 0x0000000080a00000|100%| O|  |TAMS 0x0000000080a00000, 0x0000000080a00000| Untracked 
|  10|0x0000000080a00000, 0x0000000080b00000, 0x0000000080b00000|100%| O|  |TAMS 0x0000000080b00000, 0x0000000080b00000| Untracked 
|  11|0x0000000080b00000, 0x0000000080c00000, 0x0000000080c00000|100%| O|  |TAMS 0x0000000080c00000, 0x0000000080c00000| Untracked 
|  12|0x0000000080c00000, 0x0000000080d00000, 0x0000000080d00000|100%| O|  |TAMS 0x0000000080d00000, 0x0000000080d00000| Untracked 
|  13|0x0000000080d00000, 0x0000000080e00000, 0x0000000080e00000|100%| O|  |TAMS 0x0000000080e00000, 0x0000000080e00000| Untracked 
|  14|0x0000000080e00000, 0x0000000080f00000, 0x0000000080f00000|100%| O|  |TAMS 0x0000000080f00000, 0x0000000080f00000| Untracked 
|  15|0x0000000080f00000, 0x0000000081000000, 0x0000000081000000|100%| O|  |TAMS 0x0000000081000000, 0x0000000081000000| Untracked 
|  16|0x0000000081000000, 0x0000000081100000, 0x0000000081100000|100%| O|  |TAMS 0x0000000081100000, 0x0000000081100000| Untracked 
|  17|0x0000000081100000, 0x0000000081200000, 0x0000000081200000|100%|HS|  |TAMS 0x0000000081200000, 0x0000000081200000| Complete 
|  18|0x0000000081200000, 0x0000000081300000, 0x0000000081300000|100%| O|  |TAMS 0x0000000081300000, 0x0000000081300000| Untracked 
|  19|0x0000000081300000, 0x0000000081400000, 0x0000000081400000|100%| O|  |TAMS 0x0000000081400000, 0x0000000081400000| Untracked 
|  20|0x0000000081400000, 0x0000000081500000, 0x0000000081500000|100%| O|  |TAMS 0x0000000081500000, 0x0000000081500000| Untracked 
|  21|0x0000000081500000, 0x0000000081600000, 0x0000000081600000|100%| O|  |TAMS 0x0000000081600000, 0x0000000081600000| Untracked 
|  22|0x0000000081600000, 0x0000000081700000, 0x0000000081700000|100%| O|  |TAMS 0x0000000081700000, 0x0000000081700000| Untracked 
|  23|0x0000000081700000, 0x0000000081800000, 0x0000000081800000|100%| O|  |TAMS 0x0000000081800000, 0x0000000081800000| Untracked 
|  24|0x0000000081800000, 0x0000000081900000, 0x0000000081900000|100%| O|  |TAMS 0x0000000081900000, 0x0000000081900000| Untracked 
|  25|0x0000000081900000, 0x0000000081a00000, 0x0000000081a00000|100%| O|  |TAMS 0x0000000081a00000, 0x0000000081a00000| Untracked 
|  26|0x0000000081a00000, 0x0000000081b00000, 0x0000000081b00000|100%| O|  |TAMS 0x0000000081b00000, 0x0000000081b00000| Untracked 
|  27|0x0000000081b00000, 0x0000000081c00000, 0x0000000081c00000|100%| O|  |TAMS 0x0000000081c00000, 0x0000000081c00000| Untracked 
|  28|0x0000000081c00000, 0x0000000081d00000, 0x0000000081d00000|100%| O|  |TAMS 0x0000000081d00000, 0x0000000081d00000| Untracked 
|  29|0x0000000081d00000, 0x0000000081e00000, 0x0000000081e00000|100%|HS|  |TAMS 0x0000000081e00000, 0x0000000081e00000| Complete 
|  30|0x0000000081e00000, 0x0000000081f00000, 0x0000000081f00000|100%|HC|  |TAMS 0x0000000081f00000, 0x0000000081f00000| Complete 
|  31|0x0000000081f00000, 0x0000000082000000, 0x0000000082000000|100%|HC|  |TAMS 0x0000000082000000, 0x0000000082000000| Complete 
|  32|0x0000000082000000, 0x0000000082100000, 0x0000000082100000|100%| O|  |TAMS 0x0000000082100000, 0x0000000082100000| Untracked 
|  33|0x0000000082100000, 0x0000000082200000, 0x0000000082200000|100%| O|  |TAMS 0x0000000082200000, 0x0000000082200000| Untracked 
|  34|0x0000000082200000, 0x0000000082300000, 0x0000000082300000|100%| O|  |TAMS 0x0000000082300000, 0x0000000082300000| Untracked 
|  35|0x0000000082300000, 0x0000000082400000, 0x0000000082400000|100%| O|  |TAMS 0x0000000082400000, 0x0000000082400000| Untracked 
|  36|0x0000000082400000, 0x0000000082500000, 0x0000000082500000|100%| O|  |TAMS 0x0000000082500000, 0x0000000082500000| Untracked 
|  37|0x0000000082500000, 0x0000000082600000, 0x0000000082600000|100%| O|  |TAMS 0x0000000082600000, 0x0000000082600000| Untracked 
|  38|0x0000000082600000, 0x0000000082700000, 0x0000000082700000|100%| O|  |TAMS 0x0000000082700000, 0x0000000082700000| Untracked 
|  39|0x0000000082700000, 0x0000000082800000, 0x0000000082800000|100%| O|  |TAMS 0x0000000082800000, 0x0000000082800000| Untracked 
|  40|0x0000000082800000, 0x0000000082900000, 0x0000000082900000|100%| O|  |TAMS 0x0000000082900000, 0x0000000082900000| Untracked 
|  41|0x0000000082900000, 0x0000000082a00000, 0x0000000082a00000|100%| O|  |TAMS 0x0000000082a00000, 0x0000000082a00000| Untracked 
|  42|0x0000000082a00000, 0x0000000082b00000, 0x0000000082b00000|100%| O|  |TAMS 0x0000000082b00000, 0x0000000082b00000| Untracked 
|  43|0x0000000082b00000, 0x0000000082c00000, 0x0000000082c00000|100%| O|  |TAMS 0x0000000082c00000, 0x0000000082c00000| Untracked 
|  44|0x0000000082c00000, 0x0000000082d00000, 0x0000000082d00000|100%| O|  |TAMS 0x0000000082d00000, 0x0000000082d00000| Untracked 
|  45|0x0000000082d00000, 0x0000000082e00000, 0x0000000082e00000|100%|HS|  |TAMS 0x0000000082e00000, 0x0000000082e00000| Complete 
|  46|0x0000000082e00000, 0x0000000082f00000, 0x0000000082f00000|100%|HS|  |TAMS 0x0000000082f00000, 0x0000000082f00000| Complete 
|  47|0x0000000082f00000, 0x0000000083000000, 0x0000000083000000|100%| O|  |TAMS 0x0000000083000000, 0x0000000083000000| Untracked 
|  48|0x0000000083000000, 0x0000000083100000, 0x0000000083100000|100%| O|  |TAMS 0x0000000083100000, 0x0000000083100000| Untracked 
|  49|0x0000000083100000, 0x0000000083200000, 0x0000000083200000|100%| O|  |TAMS 0x0000000083200000, 0x0000000083200000| Untracked 
|  50|0x0000000083200000, 0x0000000083300000, 0x0000000083300000|100%| O|  |TAMS 0x0000000083300000, 0x0000000083300000| Untracked 
|  51|0x0000000083300000, 0x0000000083400000, 0x0000000083400000|100%| O|  |TAMS 0x0000000083400000, 0x0000000083400000| Untracked 
|  52|0x0000000083400000, 0x0000000083500000, 0x0000000083500000|100%| O|  |TAMS 0x0000000083500000, 0x0000000083500000| Untracked 
|  53|0x0000000083500000, 0x0000000083600000, 0x0000000083600000|100%|HS|  |TAMS 0x0000000083600000, 0x0000000083600000| Complete 
|  54|0x0000000083600000, 0x0000000083700000, 0x0000000083700000|100%|HC|  |TAMS 0x0000000083700000, 0x0000000083700000| Complete 
|  55|0x0000000083700000, 0x0000000083800000, 0x0000000083800000|100%| O|  |TAMS 0x0000000083800000, 0x0000000083800000| Untracked 
|  56|0x0000000083800000, 0x0000000083900000, 0x0000000083900000|100%| O|  |TAMS 0x0000000083900000, 0x0000000083900000| Untracked 
|  57|0x0000000083900000, 0x0000000083a00000, 0x0000000083a00000|100%| O|  |TAMS 0x0000000083a00000, 0x0000000083a00000| Untracked 
|  58|0x0000000083a00000, 0x0000000083b00000, 0x0000000083b00000|100%| O|  |TAMS 0x0000000083b00000, 0x0000000083b00000| Untracked 
|  59|0x0000000083b00000, 0x0000000083c00000, 0x0000000083c00000|100%| O|  |TAMS 0x0000000083c00000, 0x0000000083c00000| Untracked 
|  60|0x0000000083c00000, 0x0000000083d00000, 0x0000000083d00000|100%| O|  |TAMS 0x0000000083d00000, 0x0000000083d00000| Untracked 
|  61|0x0000000083d00000, 0x0000000083e00000, 0x0000000083e00000|100%| O|  |TAMS 0x0000000083e00000, 0x0000000083e00000| Untracked 
|  62|0x0000000083e00000, 0x0000000083f00000, 0x0000000083f00000|100%| O|  |TAMS 0x0000000083f00000, 0x0000000083f00000| Untracked 
|  63|0x0000000083f00000, 0x0000000084000000, 0x0000000084000000|100%| O|  |TAMS 0x0000000084000000, 0x0000000084000000| Untracked 
|  64|0x0000000084000000, 0x0000000084100000, 0x0000000084100000|100%| O|  |TAMS 0x0000000084100000, 0x0000000084100000| Untracked 
|  65|0x0000000084100000, 0x0000000084200000, 0x0000000084200000|100%| O|  |TAMS 0x0000000084200000, 0x0000000084200000| Untracked 
|  66|0x0000000084200000, 0x0000000084300000, 0x0000000084300000|100%| O|  |TAMS 0x0000000084300000, 0x0000000084300000| Untracked 
|  67|0x0000000084300000, 0x0000000084400000, 0x0000000084400000|100%| O|  |TAMS 0x0000000084400000, 0x0000000084400000| Untracked 
|  68|0x0000000084400000, 0x0000000084500000, 0x0000000084500000|100%| O|  |TAMS 0x0000000084500000, 0x0000000084500000| Untracked 
|  69|0x0000000084500000, 0x0000000084600000, 0x0000000084600000|100%| O|  |TAMS 0x0000000084600000, 0x0000000084600000| Untracked 
|  70|0x0000000084600000, 0x0000000084700000, 0x0000000084700000|100%| O|  |TAMS 0x0000000084700000, 0x0000000084700000| Untracked 
|  71|0x0000000084700000, 0x0000000084800000, 0x0000000084800000|100%| O|  |TAMS 0x0000000084800000, 0x0000000084800000| Untracked 
|  72|0x0000000084800000, 0x0000000084900000, 0x0000000084900000|100%| O|  |TAMS 0x0000000084900000, 0x0000000084900000| Untracked 
|  73|0x0000000084900000, 0x0000000084a00000, 0x0000000084a00000|100%| O|  |TAMS 0x0000000084a00000, 0x0000000084a00000| Untracked 
|  74|0x0000000084a00000, 0x0000000084b00000, 0x0000000084b00000|100%| O|  |TAMS 0x0000000084b00000, 0x0000000084b00000| Untracked 
|  75|0x0000000084b00000, 0x0000000084c00000, 0x0000000084c00000|100%| O|  |TAMS 0x0000000084c00000, 0x0000000084c00000| Untracked 
|  76|0x0000000084c00000, 0x0000000084d00000, 0x0000000084d00000|100%| O|  |TAMS 0x0000000084d00000, 0x0000000084d00000| Untracked 
|  77|0x0000000084d00000, 0x0000000084e00000, 0x0000000084e00000|100%| O|  |TAMS 0x0000000084e00000, 0x0000000084e00000| Untracked 
|  78|0x0000000084e00000, 0x0000000084f00000, 0x0000000084f00000|100%| O|  |TAMS 0x0000000084f00000, 0x0000000084f00000| Untracked 
|  79|0x0000000084f00000, 0x0000000085000000, 0x0000000085000000|100%| O|  |TAMS 0x0000000085000000, 0x0000000085000000| Untracked 
|  80|0x0000000085000000, 0x0000000085100000, 0x0000000085100000|100%| O|  |TAMS 0x0000000085100000, 0x0000000085100000| Untracked 
|  81|0x0000000085100000, 0x0000000085200000, 0x0000000085200000|100%| O|  |TAMS 0x0000000085200000, 0x0000000085200000| Untracked 
|  82|0x0000000085200000, 0x0000000085300000, 0x0000000085300000|100%| O|  |TAMS 0x0000000085300000, 0x0000000085300000| Untracked 
|  83|0x0000000085300000, 0x0000000085400000, 0x0000000085400000|100%| O|  |TAMS 0x0000000085400000, 0x0000000085400000| Untracked 
|  84|0x0000000085400000, 0x0000000085500000, 0x0000000085500000|100%| O|  |TAMS 0x0000000085500000, 0x0000000085500000| Untracked 
|  85|0x0000000085500000, 0x0000000085600000, 0x0000000085600000|100%| O|  |TAMS 0x0000000085600000, 0x0000000085600000| Untracked 
|  86|0x0000000085600000, 0x0000000085700000, 0x0000000085700000|100%| O|  |TAMS 0x0000000085700000, 0x0000000085700000| Untracked 
|  87|0x0000000085700000, 0x0000000085800000, 0x0000000085800000|100%| O|  |TAMS 0x0000000085800000, 0x0000000085800000| Untracked 
|  88|0x0000000085800000, 0x0000000085900000, 0x0000000085900000|100%| O|  |TAMS 0x0000000085900000, 0x0000000085900000| Untracked 
|  89|0x0000000085900000, 0x0000000085a00000, 0x0000000085a00000|100%|HS|  |TAMS 0x0000000085a00000, 0x0000000085a00000| Complete 
|  90|0x0000000085a00000, 0x0000000085b00000, 0x0000000085b00000|100%|HS|  |TAMS 0x0000000085b00000, 0x0000000085b00000| Complete 
|  91|0x0000000085b00000, 0x0000000085c00000, 0x0000000085c00000|100%| O|  |TAMS 0x0000000085c00000, 0x0000000085c00000| Untracked 
|  92|0x0000000085c00000, 0x0000000085d00000, 0x0000000085d00000|100%| O|  |TAMS 0x0000000085d00000, 0x0000000085d00000| Untracked 
|  93|0x0000000085d00000, 0x0000000085e00000, 0x0000000085e00000|100%| O|  |TAMS 0x0000000085e00000, 0x0000000085e00000| Untracked 
|  94|0x0000000085e00000, 0x0000000085f00000, 0x0000000085f00000|100%|HS|  |TAMS 0x0000000085f00000, 0x0000000085f00000| Complete 
|  95|0x0000000085f00000, 0x0000000086000000, 0x0000000086000000|100%| O|  |TAMS 0x0000000086000000, 0x0000000086000000| Untracked 
|  96|0x0000000086000000, 0x0000000086100000, 0x0000000086100000|100%|HS|  |TAMS 0x0000000086100000, 0x0000000086100000| Complete 
|  97|0x0000000086100000, 0x0000000086200000, 0x0000000086200000|100%|HC|  |TAMS 0x0000000086200000, 0x0000000086200000| Complete 
|  98|0x0000000086200000, 0x0000000086300000, 0x0000000086300000|100%|HC|  |TAMS 0x0000000086300000, 0x0000000086300000| Complete 
|  99|0x0000000086300000, 0x0000000086400000, 0x0000000086400000|100%| O|  |TAMS 0x0000000086400000, 0x0000000086400000| Untracked 
| 100|0x0000000086400000, 0x0000000086500000, 0x0000000086500000|100%| O|  |TAMS 0x0000000086500000, 0x0000000086500000| Untracked 
| 101|0x0000000086500000, 0x0000000086600000, 0x0000000086600000|100%| O|  |TAMS 0x0000000086600000, 0x0000000086600000| Untracked 
| 102|0x0000000086600000, 0x0000000086700000, 0x0000000086700000|100%| O|  |TAMS 0x0000000086700000, 0x0000000086700000| Untracked 
| 103|0x0000000086700000, 0x0000000086800000, 0x0000000086800000|100%| O|  |TAMS 0x0000000086800000, 0x0000000086800000| Untracked 
| 104|0x0000000086800000, 0x0000000086900000, 0x0000000086900000|100%| O|  |TAMS 0x0000000086900000, 0x0000000086900000| Untracked 
| 105|0x0000000086900000, 0x0000000086a00000, 0x0000000086a00000|100%| O|  |TAMS 0x0000000086a00000, 0x0000000086a00000| Untracked 
| 106|0x0000000086a00000, 0x0000000086b00000, 0x0000000086b00000|100%| O|  |TAMS 0x0000000086b00000, 0x0000000086b00000| Untracked 
| 107|0x0000000086b00000, 0x0000000086c00000, 0x0000000086c00000|100%| O|  |TAMS 0x0000000086c00000, 0x0000000086c00000| Untracked 
| 108|0x0000000086c00000, 0x0000000086d00000, 0x0000000086d00000|100%| O|  |TAMS 0x0000000086d00000, 0x0000000086d00000| Untracked 
| 109|0x0000000086d00000, 0x0000000086e00000, 0x0000000086e00000|100%| O|  |TAMS 0x0000000086e00000, 0x0000000086e00000| Untracked 
| 110|0x0000000086e00000, 0x0000000086f00000, 0x0000000086f00000|100%| O|  |TAMS 0x0000000086f00000, 0x0000000086f00000| Untracked 
| 111|0x0000000086f00000, 0x0000000087000000, 0x0000000087000000|100%|HS|  |TAMS 0x0000000087000000, 0x0000000087000000| Complete 
| 112|0x0000000087000000, 0x0000000087100000, 0x0000000087100000|100%|HS|  |TAMS 0x0000000087100000, 0x0000000087100000| Complete 
| 113|0x0000000087100000, 0x0000000087200000, 0x0000000087200000|100%| O|  |TAMS 0x0000000087200000, 0x0000000087200000| Untracked 
| 114|0x0000000087200000, 0x0000000087300000, 0x0000000087300000|100%| O|  |TAMS 0x0000000087300000, 0x0000000087300000| Untracked 
| 115|0x0000000087300000, 0x0000000087400000, 0x0000000087400000|100%|HS|  |TAMS 0x0000000087400000, 0x0000000087400000| Complete 
| 116|0x0000000087400000, 0x0000000087500000, 0x0000000087500000|100%|HC|  |TAMS 0x0000000087500000, 0x0000000087500000| Complete 
| 117|0x0000000087500000, 0x0000000087600000, 0x0000000087600000|100%|HC|  |TAMS 0x0000000087600000, 0x0000000087600000| Complete 
| 118|0x0000000087600000, 0x0000000087700000, 0x0000000087700000|100%| O|  |TAMS 0x0000000087700000, 0x0000000087700000| Untracked 
| 119|0x0000000087700000, 0x0000000087800000, 0x0000000087800000|100%| O|  |TAMS 0x0000000087800000, 0x0000000087800000| Untracked 
| 120|0x0000000087800000, 0x0000000087900000, 0x0000000087900000|100%| O|  |TAMS 0x0000000087900000, 0x0000000087900000| Untracked 
| 121|0x0000000087900000, 0x0000000087a00000, 0x0000000087a00000|100%| O|  |TAMS 0x0000000087a00000, 0x0000000087a00000| Untracked 
| 122|0x0000000087a00000, 0x0000000087b00000, 0x0000000087b00000|100%| O|  |TAMS 0x0000000087b00000, 0x0000000087b00000| Untracked 
| 123|0x0000000087b00000, 0x0000000087c00000, 0x0000000087c00000|100%| O|  |TAMS 0x0000000087c00000, 0x0000000087c00000| Untracked 
| 124|0x0000000087c00000, 0x0000000087d00000, 0x0000000087d00000|100%|HS|  |TAMS 0x0000000087d00000, 0x0000000087d00000| Complete 
| 125|0x0000000087d00000, 0x0000000087e00000, 0x0000000087e00000|100%| O|  |TAMS 0x0000000087e00000, 0x0000000087e00000| Untracked 
| 126|0x0000000087e00000, 0x0000000087f00000, 0x0000000087f00000|100%|HS|  |TAMS 0x0000000087f00000, 0x0000000087f00000| Complete 
| 127|0x0000000087f00000, 0x0000000088000000, 0x0000000088000000|100%|HC|  |TAMS 0x0000000088000000, 0x0000000088000000| Complete 
| 128|0x0000000088000000, 0x0000000088100000, 0x0000000088100000|100%|HC|  |TAMS 0x0000000088100000, 0x0000000088100000| Complete 
| 129|0x0000000088100000, 0x0000000088200000, 0x0000000088200000|100%| O|  |TAMS 0x0000000088200000, 0x0000000088200000| Untracked 
| 130|0x0000000088200000, 0x0000000088300000, 0x0000000088300000|100%| O|  |TAMS 0x0000000088300000, 0x0000000088300000| Untracked 
| 131|0x0000000088300000, 0x0000000088400000, 0x0000000088400000|100%| O|  |TAMS 0x0000000088400000, 0x0000000088400000| Untracked 
| 132|0x0000000088400000, 0x0000000088400000, 0x0000000088500000|  0%| F|  |TAMS 0x0000000088400000, 0x0000000088400000| Untracked 
| 133|0x0000000088500000, 0x0000000088600000, 0x0000000088600000|100%| O|  |TAMS 0x0000000088600000, 0x0000000088600000| Untracked 
| 134|0x0000000088600000, 0x0000000088700000, 0x0000000088700000|100%| O|  |TAMS 0x0000000088700000, 0x0000000088700000| Untracked 
| 135|0x0000000088700000, 0x0000000088800000, 0x0000000088800000|100%| O|  |TAMS 0x0000000088800000, 0x0000000088800000| Untracked 
| 136|0x0000000088800000, 0x0000000088900000, 0x0000000088900000|100%| O|  |TAMS 0x0000000088900000, 0x0000000088900000| Untracked 
| 137|0x0000000088900000, 0x0000000088a00000, 0x0000000088a00000|100%| O|  |TAMS 0x0000000088a00000, 0x0000000088a00000| Untracked 
| 138|0x0000000088a00000, 0x0000000088b00000, 0x0000000088b00000|100%| O|  |TAMS 0x0000000088b00000, 0x0000000088b00000| Untracked 
| 139|0x0000000088b00000, 0x0000000088c00000, 0x0000000088c00000|100%| O|  |TAMS 0x0000000088c00000, 0x0000000088c00000| Untracked 
| 140|0x0000000088c00000, 0x0000000088d00000, 0x0000000088d00000|100%| O|  |TAMS 0x0000000088d00000, 0x0000000088d00000| Untracked 
| 141|0x0000000088d00000, 0x0000000088e00000, 0x0000000088e00000|100%| O|  |TAMS 0x0000000088e00000, 0x0000000088e00000| Untracked 
| 142|0x0000000088e00000, 0x0000000088f00000, 0x0000000088f00000|100%| O|  |TAMS 0x0000000088f00000, 0x0000000088f00000| Untracked 
| 143|0x0000000088f00000, 0x0000000089000000, 0x0000000089000000|100%| O|  |TAMS 0x0000000089000000, 0x0000000089000000| Untracked 
| 144|0x0000000089000000, 0x0000000089100000, 0x0000000089100000|100%| O|  |TAMS 0x0000000089100000, 0x0000000089100000| Untracked 
| 145|0x0000000089100000, 0x0000000089200000, 0x0000000089200000|100%| O|  |TAMS 0x0000000089200000, 0x0000000089200000| Untracked 
| 146|0x0000000089200000, 0x0000000089300000, 0x0000000089300000|100%| O|  |TAMS 0x0000000089300000, 0x0000000089300000| Untracked 
| 147|0x0000000089300000, 0x0000000089400000, 0x0000000089400000|100%| O|  |TAMS 0x0000000089400000, 0x0000000089400000| Untracked 
| 148|0x0000000089400000, 0x0000000089500000, 0x0000000089500000|100%| O|  |TAMS 0x0000000089500000, 0x0000000089500000| Untracked 
| 149|0x0000000089500000, 0x0000000089600000, 0x0000000089600000|100%| O|  |TAMS 0x0000000089600000, 0x0000000089600000| Untracked 
| 150|0x0000000089600000, 0x0000000089700000, 0x0000000089700000|100%| O|  |TAMS 0x0000000089700000, 0x0000000089700000| Untracked 
| 151|0x0000000089700000, 0x0000000089800000, 0x0000000089800000|100%| O|  |TAMS 0x0000000089800000, 0x0000000089800000| Untracked 
| 152|0x0000000089800000, 0x0000000089900000, 0x0000000089900000|100%| O|  |TAMS 0x0000000089900000, 0x0000000089900000| Untracked 
| 153|0x0000000089900000, 0x0000000089a00000, 0x0000000089a00000|100%| O|  |TAMS 0x0000000089a00000, 0x0000000089a00000| Untracked 
| 154|0x0000000089a00000, 0x0000000089b00000, 0x0000000089b00000|100%| O|  |TAMS 0x0000000089b00000, 0x0000000089b00000| Untracked 
| 155|0x0000000089b00000, 0x0000000089c00000, 0x0000000089c00000|100%| O|  |TAMS 0x0000000089c00000, 0x0000000089c00000| Untracked 
| 156|0x0000000089c00000, 0x0000000089d00000, 0x0000000089d00000|100%| O|  |TAMS 0x0000000089d00000, 0x0000000089d00000| Untracked 
| 157|0x0000000089d00000, 0x0000000089e00000, 0x0000000089e00000|100%| O|  |TAMS 0x0000000089e00000, 0x0000000089e00000| Untracked 
| 158|0x0000000089e00000, 0x0000000089e00000, 0x0000000089f00000|  0%| F|  |TAMS 0x0000000089e00000, 0x0000000089e00000| Untracked 
| 159|0x0000000089f00000, 0x000000008a000000, 0x000000008a000000|100%| O|  |TAMS 0x000000008a000000, 0x000000008a000000| Untracked 
| 160|0x000000008a000000, 0x000000008a100000, 0x000000008a100000|100%| O|  |TAMS 0x000000008a100000, 0x000000008a100000| Untracked 
| 161|0x000000008a100000, 0x000000008a200000, 0x000000008a200000|100%| O|  |TAMS 0x000000008a200000, 0x000000008a200000| Untracked 
| 162|0x000000008a200000, 0x000000008a200000, 0x000000008a300000|  0%| F|  |TAMS 0x000000008a200000, 0x000000008a200000| Untracked 
| 163|0x000000008a300000, 0x000000008a400000, 0x000000008a400000|100%| O|  |TAMS 0x000000008a400000, 0x000000008a400000| Untracked 
| 164|0x000000008a400000, 0x000000008a500000, 0x000000008a500000|100%| O|  |TAMS 0x000000008a500000, 0x000000008a500000| Untracked 
| 165|0x000000008a500000, 0x000000008a600000, 0x000000008a600000|100%| O|  |TAMS 0x000000008a600000, 0x000000008a600000| Untracked 
| 166|0x000000008a600000, 0x000000008a700000, 0x000000008a700000|100%| O|  |TAMS 0x000000008a700000, 0x000000008a700000| Untracked 
| 167|0x000000008a700000, 0x000000008a700000, 0x000000008a800000|  0%| F|  |TAMS 0x000000008a700000, 0x000000008a700000| Untracked 
| 168|0x000000008a800000, 0x000000008a900000, 0x000000008a900000|100%| O|  |TAMS 0x000000008a900000, 0x000000008a900000| Untracked 
| 169|0x000000008a900000, 0x000000008aa00000, 0x000000008aa00000|100%| O|  |TAMS 0x000000008aa00000, 0x000000008aa00000| Untracked 
| 170|0x000000008aa00000, 0x000000008ab00000, 0x000000008ab00000|100%| O|  |TAMS 0x000000008ab00000, 0x000000008ab00000| Untracked 
| 171|0x000000008ab00000, 0x000000008ac00000, 0x000000008ac00000|100%| O|  |TAMS 0x000000008ac00000, 0x000000008ac00000| Untracked 
| 172|0x000000008ac00000, 0x000000008ad00000, 0x000000008ad00000|100%| O|  |TAMS 0x000000008ad00000, 0x000000008ad00000| Untracked 
| 173|0x000000008ad00000, 0x000000008ae00000, 0x000000008ae00000|100%| O|  |TAMS 0x000000008ae00000, 0x000000008ae00000| Untracked 
| 174|0x000000008ae00000, 0x000000008af00000, 0x000000008af00000|100%| O|  |TAMS 0x000000008af00000, 0x000000008af00000| Untracked 
| 175|0x000000008af00000, 0x000000008b000000, 0x000000008b000000|100%| O|  |TAMS 0x000000008b000000, 0x000000008b000000| Untracked 
| 176|0x000000008b000000, 0x000000008b100000, 0x000000008b100000|100%| O|  |TAMS 0x000000008b100000, 0x000000008b100000| Untracked 
| 177|0x000000008b100000, 0x000000008b200000, 0x000000008b200000|100%| O|  |TAMS 0x000000008b200000, 0x000000008b200000| Untracked 
| 178|0x000000008b200000, 0x000000008b300000, 0x000000008b300000|100%| O|  |TAMS 0x000000008b300000, 0x000000008b300000| Untracked 
| 179|0x000000008b300000, 0x000000008b400000, 0x000000008b400000|100%| O|  |TAMS 0x000000008b400000, 0x000000008b400000| Untracked 
| 180|0x000000008b400000, 0x000000008b500000, 0x000000008b500000|100%| O|  |TAMS 0x000000008b500000, 0x000000008b500000| Untracked 
| 181|0x000000008b500000, 0x000000008b600000, 0x000000008b600000|100%| O|  |TAMS 0x000000008b600000, 0x000000008b600000| Untracked 
| 182|0x000000008b600000, 0x000000008b700000, 0x000000008b700000|100%| O|  |TAMS 0x000000008b700000, 0x000000008b700000| Untracked 
| 183|0x000000008b700000, 0x000000008b800000, 0x000000008b800000|100%| O|  |TAMS 0x000000008b800000, 0x000000008b800000| Untracked 
| 184|0x000000008b800000, 0x000000008b900000, 0x000000008b900000|100%| O|  |TAMS 0x000000008b900000, 0x000000008b900000| Untracked 
| 185|0x000000008b900000, 0x000000008ba00000, 0x000000008ba00000|100%| O|  |TAMS 0x000000008ba00000, 0x000000008ba00000| Untracked 
| 186|0x000000008ba00000, 0x000000008bb00000, 0x000000008bb00000|100%| O|  |TAMS 0x000000008bb00000, 0x000000008bb00000| Untracked 
| 187|0x000000008bb00000, 0x000000008bc00000, 0x000000008bc00000|100%| O|  |TAMS 0x000000008bc00000, 0x000000008bc00000| Untracked 
| 188|0x000000008bc00000, 0x000000008bd00000, 0x000000008bd00000|100%| O|  |TAMS 0x000000008bd00000, 0x000000008bd00000| Untracked 
| 189|0x000000008bd00000, 0x000000008be00000, 0x000000008be00000|100%| O|  |TAMS 0x000000008be00000, 0x000000008be00000| Untracked 
| 190|0x000000008be00000, 0x000000008bf00000, 0x000000008bf00000|100%| O|  |TAMS 0x000000008bf00000, 0x000000008bf00000| Untracked 
| 191|0x000000008bf00000, 0x000000008c000000, 0x000000008c000000|100%| O|  |TAMS 0x000000008c000000, 0x000000008c000000| Untracked 
| 192|0x000000008c000000, 0x000000008c100000, 0x000000008c100000|100%| O|  |TAMS 0x000000008c100000, 0x000000008c100000| Untracked 
| 193|0x000000008c100000, 0x000000008c200000, 0x000000008c200000|100%| O|  |TAMS 0x000000008c200000, 0x000000008c200000| Untracked 
| 194|0x000000008c200000, 0x000000008c300000, 0x000000008c300000|100%| O|  |TAMS 0x000000008c300000, 0x000000008c300000| Untracked 
| 195|0x000000008c300000, 0x000000008c400000, 0x000000008c400000|100%| O|  |TAMS 0x000000008c400000, 0x000000008c400000| Untracked 
| 196|0x000000008c400000, 0x000000008c500000, 0x000000008c500000|100%| O|  |TAMS 0x000000008c500000, 0x000000008c500000| Untracked 
| 197|0x000000008c500000, 0x000000008c600000, 0x000000008c600000|100%| O|  |TAMS 0x000000008c600000, 0x000000008c600000| Untracked 
| 198|0x000000008c600000, 0x000000008c600000, 0x000000008c700000|  0%| F|  |TAMS 0x000000008c600000, 0x000000008c600000| Untracked 
| 199|0x000000008c700000, 0x000000008c800000, 0x000000008c800000|100%| O|  |TAMS 0x000000008c800000, 0x000000008c800000| Untracked 
| 200|0x000000008c800000, 0x000000008c900000, 0x000000008c900000|100%| O|  |TAMS 0x000000008c900000, 0x000000008c900000| Untracked 
| 201|0x000000008c900000, 0x000000008ca00000, 0x000000008ca00000|100%| O|  |TAMS 0x000000008ca00000, 0x000000008ca00000| Untracked 
| 202|0x000000008ca00000, 0x000000008cb00000, 0x000000008cb00000|100%| O|  |TAMS 0x000000008cb00000, 0x000000008cb00000| Untracked 
| 203|0x000000008cb00000, 0x000000008cc00000, 0x000000008cc00000|100%| O|  |TAMS 0x000000008cc00000, 0x000000008cc00000| Untracked 
| 204|0x000000008cc00000, 0x000000008cd00000, 0x000000008cd00000|100%| O|  |TAMS 0x000000008cd00000, 0x000000008cd00000| Untracked 
| 205|0x000000008cd00000, 0x000000008ce00000, 0x000000008ce00000|100%| O|  |TAMS 0x000000008ce00000, 0x000000008ce00000| Untracked 
| 206|0x000000008ce00000, 0x000000008cf00000, 0x000000008cf00000|100%| O|  |TAMS 0x000000008cf00000, 0x000000008cf00000| Untracked 
| 207|0x000000008cf00000, 0x000000008d000000, 0x000000008d000000|100%| O|  |TAMS 0x000000008d000000, 0x000000008d000000| Untracked 
| 208|0x000000008d000000, 0x000000008d100000, 0x000000008d100000|100%| O|  |TAMS 0x000000008d100000, 0x000000008d100000| Untracked 
| 209|0x000000008d100000, 0x000000008d200000, 0x000000008d200000|100%| O|  |TAMS 0x000000008d200000, 0x000000008d200000| Untracked 
| 210|0x000000008d200000, 0x000000008d300000, 0x000000008d300000|100%| O|  |TAMS 0x000000008d300000, 0x000000008d300000| Untracked 
| 211|0x000000008d300000, 0x000000008d400000, 0x000000008d400000|100%| O|  |TAMS 0x000000008d400000, 0x000000008d400000| Untracked 
| 212|0x000000008d400000, 0x000000008d500000, 0x000000008d500000|100%| O|  |TAMS 0x000000008d500000, 0x000000008d500000| Untracked 
| 213|0x000000008d500000, 0x000000008d600000, 0x000000008d600000|100%| O|  |TAMS 0x000000008d600000, 0x000000008d600000| Untracked 
| 214|0x000000008d600000, 0x000000008d700000, 0x000000008d700000|100%| O|  |TAMS 0x000000008d700000, 0x000000008d700000| Untracked 
| 215|0x000000008d700000, 0x000000008d800000, 0x000000008d800000|100%| O|  |TAMS 0x000000008d800000, 0x000000008d800000| Untracked 
| 216|0x000000008d800000, 0x000000008d900000, 0x000000008d900000|100%| O|  |TAMS 0x000000008d900000, 0x000000008d900000| Untracked 
| 217|0x000000008d900000, 0x000000008d900000, 0x000000008da00000|  0%| F|  |TAMS 0x000000008d900000, 0x000000008d900000| Untracked 
| 218|0x000000008da00000, 0x000000008db00000, 0x000000008db00000|100%| O|  |TAMS 0x000000008db00000, 0x000000008db00000| Untracked 
| 219|0x000000008db00000, 0x000000008dc00000, 0x000000008dc00000|100%| O|  |TAMS 0x000000008dc00000, 0x000000008dc00000| Untracked 
| 220|0x000000008dc00000, 0x000000008dd00000, 0x000000008dd00000|100%| O|  |TAMS 0x000000008dd00000, 0x000000008dd00000| Untracked 
| 221|0x000000008dd00000, 0x000000008de00000, 0x000000008de00000|100%| O|  |TAMS 0x000000008de00000, 0x000000008de00000| Untracked 
| 222|0x000000008de00000, 0x000000008df00000, 0x000000008df00000|100%| O|  |TAMS 0x000000008df00000, 0x000000008df00000| Untracked 
| 223|0x000000008df00000, 0x000000008e000000, 0x000000008e000000|100%| O|  |TAMS 0x000000008e000000, 0x000000008e000000| Untracked 
| 224|0x000000008e000000, 0x000000008e100000, 0x000000008e100000|100%| O|  |TAMS 0x000000008e100000, 0x000000008e100000| Untracked 
| 225|0x000000008e100000, 0x000000008e200000, 0x000000008e200000|100%| O|  |TAMS 0x000000008e200000, 0x000000008e200000| Untracked 
| 226|0x000000008e200000, 0x000000008e300000, 0x000000008e300000|100%| O|  |TAMS 0x000000008e300000, 0x000000008e300000| Untracked 
| 227|0x000000008e300000, 0x000000008e400000, 0x000000008e400000|100%| O|  |TAMS 0x000000008e3cc400, 0x000000008e400000| Untracked 
| 228|0x000000008e400000, 0x000000008e500000, 0x000000008e500000|100%| O|  |TAMS 0x000000008e400000, 0x000000008e500000| Untracked 
| 229|0x000000008e500000, 0x000000008e600000, 0x000000008e600000|100%| O|  |TAMS 0x000000008e500000, 0x000000008e600000| Untracked 
| 230|0x000000008e600000, 0x000000008e600000, 0x000000008e700000|  0%| F|  |TAMS 0x000000008e600000, 0x000000008e600000| Untracked 
| 231|0x000000008e700000, 0x000000008e800000, 0x000000008e800000|100%| O|  |TAMS 0x000000008e800000, 0x000000008e800000| Untracked 
| 232|0x000000008e800000, 0x000000008e900000, 0x000000008e900000|100%| O|  |TAMS 0x000000008e900000, 0x000000008e900000| Untracked 
| 233|0x000000008e900000, 0x000000008e900000, 0x000000008ea00000|  0%| F|  |TAMS 0x000000008e900000, 0x000000008e900000| Untracked 
| 234|0x000000008ea00000, 0x000000008ea00000, 0x000000008eb00000|  0%| F|  |TAMS 0x000000008ea00000, 0x000000008ea00000| Untracked 
| 235|0x000000008eb00000, 0x000000008eb00000, 0x000000008ec00000|  0%| F|  |TAMS 0x000000008eb00000, 0x000000008eb00000| Untracked 
| 236|0x000000008ec00000, 0x000000008ec00000, 0x000000008ed00000|  0%| F|  |TAMS 0x000000008ec00000, 0x000000008ec00000| Untracked 
| 237|0x000000008ed00000, 0x000000008ed00000, 0x000000008ee00000|  0%| F|  |TAMS 0x000000008ed00000, 0x000000008ed00000| Untracked 
| 238|0x000000008ee00000, 0x000000008ee00000, 0x000000008ef00000|  0%| F|  |TAMS 0x000000008ee00000, 0x000000008ee00000| Untracked 
| 239|0x000000008ef00000, 0x000000008efac200, 0x000000008f000000| 67%| S|CS|TAMS 0x000000008ef00000, 0x000000008ef00000| Complete 
| 240|0x000000008f000000, 0x000000008f100000, 0x000000008f100000|100%| O|  |TAMS 0x000000008f100000, 0x000000008f100000| Untracked 
| 241|0x000000008f100000, 0x000000008f200000, 0x000000008f200000|100%| O|  |TAMS 0x000000008f200000, 0x000000008f200000| Untracked 
| 242|0x000000008f200000, 0x000000008f300000, 0x000000008f300000|100%| O|  |TAMS 0x000000008f300000, 0x000000008f300000| Untracked 
| 243|0x000000008f300000, 0x000000008f400000, 0x000000008f400000|100%| O|  |TAMS 0x000000008f400000, 0x000000008f400000| Untracked 
| 244|0x000000008f400000, 0x000000008f500000, 0x000000008f500000|100%| O|  |TAMS 0x000000008f400000, 0x000000008f500000| Untracked 
| 245|0x000000008f500000, 0x000000008f600000, 0x000000008f600000|100%| O|  |TAMS 0x000000008f500000, 0x000000008f600000| Untracked 
| 246|0x000000008f600000, 0x000000008f700000, 0x000000008f700000|100%| O|  |TAMS 0x000000008f600000, 0x000000008f700000| Untracked 
| 247|0x000000008f700000, 0x000000008f800000, 0x000000008f800000|100%| O|  |TAMS 0x000000008f700000, 0x000000008f800000| Untracked 
| 248|0x000000008f800000, 0x000000008f900000, 0x000000008f900000|100%| O|  |TAMS 0x000000008f800000, 0x000000008f900000| Untracked 
| 249|0x000000008f900000, 0x000000008fa00000, 0x000000008fa00000|100%| S|CS|TAMS 0x000000008f900000, 0x000000008f900000| Complete 
| 250|0x000000008fa00000, 0x000000008faf5400, 0x000000008fb00000| 95%| O|  |TAMS 0x000000008fa00000, 0x000000008faf5400| Untracked 
| 251|0x000000008fb00000, 0x000000008fb00000, 0x000000008fc00000|  0%| F|  |TAMS 0x000000008fb00000, 0x000000008fb00000| Untracked 
| 252|0x000000008fc00000, 0x000000008fc00000, 0x000000008fd00000|  0%| F|  |TAMS 0x000000008fc00000, 0x000000008fc00000| Untracked 
| 253|0x000000008fd00000, 0x000000008fd00000, 0x000000008fe00000|  0%| F|  |TAMS 0x000000008fd00000, 0x000000008fd00000| Untracked 
| 254|0x000000008fe00000, 0x000000008fe00000, 0x000000008ff00000|  0%| F|  |TAMS 0x000000008fe00000, 0x000000008fe00000| Untracked 
| 255|0x000000008ff00000, 0x000000008ff00000, 0x0000000090000000|  0%| F|  |TAMS 0x000000008ff00000, 0x000000008ff00000| Untracked 
| 256|0x0000000090000000, 0x0000000090000000, 0x0000000090100000|  0%| F|  |TAMS 0x0000000090000000, 0x0000000090000000| Untracked 
| 257|0x0000000090100000, 0x0000000090100000, 0x0000000090200000|  0%| F|  |TAMS 0x0000000090100000, 0x0000000090100000| Untracked 
| 258|0x0000000090200000, 0x0000000090200000, 0x0000000090300000|  0%| F|  |TAMS 0x0000000090200000, 0x0000000090200000| Untracked 
| 259|0x0000000090300000, 0x0000000090300000, 0x0000000090400000|  0%| F|  |TAMS 0x0000000090300000, 0x0000000090300000| Untracked 
| 260|0x0000000090400000, 0x0000000090400000, 0x0000000090500000|  0%| F|  |TAMS 0x0000000090400000, 0x0000000090400000| Untracked 
| 261|0x0000000090500000, 0x0000000090500000, 0x0000000090600000|  0%| F|  |TAMS 0x0000000090500000, 0x0000000090500000| Untracked 
| 262|0x0000000090600000, 0x0000000090600000, 0x0000000090700000|  0%| F|  |TAMS 0x0000000090600000, 0x0000000090600000| Untracked 
| 263|0x0000000090700000, 0x0000000090700000, 0x0000000090800000|  0%| F|  |TAMS 0x0000000090700000, 0x0000000090700000| Untracked 

Card table byte_map: [0x000001ddbfdc0000,0x000001ddc01c0000] _byte_map_base: 0x000001ddbf9c0000

Marking Bits (Prev, Next): (CMBitMap*) 0x000001ddacbb2fb8, (CMBitMap*) 0x000001ddacbb2ff0
 Prev Bits: [0x000001ddc05c0000, 0x000001ddc25c0000)
 Next Bits: [0x000001ddc25c0000, 0x000001ddc45c0000)

Polling page: 0x000001ddac340000

Metaspace:

Usage:
  Non-class:    124.91 MB capacity,   122.01 MB ( 98%) used,     2.45 MB (  2%) free+waste,   465.75 KB ( <1%) overhead. 
      Class:     19.47 MB capacity,    17.69 MB ( 91%) used,     1.59 MB (  8%) free+waste,   208.06 KB (  1%) overhead. 
       Both:    144.38 MB capacity,   139.69 MB ( 97%) used,     4.03 MB (  3%) free+waste,   673.81 KB ( <1%) overhead. 

Virtual space:
  Non-class space:      126.00 MB reserved,     125.13 MB (>99%) committed 
      Class space:      504.00 MB reserved,      19.57 MB (  4%) committed 
             Both:      630.00 MB reserved,     144.70 MB ( 23%) committed 

Chunk freelists:
   Non-Class:  32.00 KB
       Class:  0 bytes
        Both:  32.00 KB

MaxMetaspaceSize: 512.00 MB
CompressedClassSpaceSize: 504.00 MB
Initial GC threshold: 20.80 MB
Current GC threshold: 240.13 MB
CDS: off

CodeHeap 'non-profiled nmethods': size=120000Kb used=13368Kb max_used=13368Kb free=106631Kb
 bounds [0x000001ddb8160000, 0x000001ddb8e70000, 0x000001ddbf690000]
CodeHeap 'profiled nmethods': size=120000Kb used=46341Kb max_used=46341Kb free=73658Kb
 bounds [0x000001ddb0c30000, 0x000001ddb3980000, 0x000001ddb8160000]
CodeHeap 'non-nmethods': size=5760Kb used=2447Kb max_used=2523Kb free=3312Kb
 bounds [0x000001ddb0690000, 0x000001ddb0910000, 0x000001ddb0c30000]
 total_blobs=21438 nmethods=20453 adapters=896
 compilation: enabled
              stopped_count=0, restarted_count=0
 full_count=0

Compilation events (20 events):
Event: 97.779 Thread 0x000001ddc7028000 nmethod 21566 0x000001ddb396c890 code [0x000001ddb396caa0, 0x000001ddb396d248]
Event: 97.780 Thread 0x000001ddc7021000 21567   !   4       org.gradle.internal.serialize.kryo.KryoBackedDecoder::readInt (15 bytes)
Event: 97.785 Thread 0x000001ddc7028000 21568       3       org.gradle.api.internal.file.archive.ZipFileTree$DetailsImpl::<init> (34 bytes)
Event: 97.785 Thread 0x000001ddc7021000 nmethod 21567 0x000001ddb8e6bc90 code [0x000001ddb8e6be60, 0x000001ddb8e6c2a8]
Event: 97.785 Thread 0x000001ddc7028000 nmethod 21568 0x000001ddb396d490 code [0x000001ddb396d660, 0x000001ddb396da58]
Event: 97.786 Thread 0x000001ddc7028000 21569       3       org.gradle.api.internal.file.archive.ZipFileTree$DetailsImpl::getRelativePath (32 bytes)
Event: 97.788 Thread 0x000001ddc7028000 nmethod 21569 0x000001ddb396db90 code [0x000001ddb396dec0, 0x000001ddb396f1c8]
Event: 97.788 Thread 0x000001ddc7028000 21570       3       org.gradle.api.internal.file.archive.ZipFileTree$DetailsImpl::safeEntryName (11 bytes)
Event: 97.789 Thread 0x000001ddc7028000 nmethod 21570 0x000001ddb396f890 code [0x000001ddb396fb40, 0x000001ddb3970858]
Event: 97.789 Thread 0x000001ddc7028000 21571       3       org.gradle.util.internal.ZipSlip::safeZipEntryName (30 bytes)
Event: 97.789 Thread 0x000001ddd44b2000 nmethod 21403 0x000001ddb8e6c690 code [0x000001ddb8e6c8c0, 0x000001ddb8e6d4e8]
Event: 97.789 Thread 0x000001ddc7028000 nmethod 21571 0x000001ddb3970c90 code [0x000001ddb3970f20, 0x000001ddb3971a58]
Event: 97.791 Thread 0x000001ddc7021000 21572       4       it.unimi.dsi.fastutil.ints.IntOpenHashSet::add (120 bytes)
Event: 97.794 Thread 0x000001ddc7021000 nmethod 21572 0x000001ddb8e6dc90 code [0x000001ddb8e6de40, 0x000001ddb8e6e038]
Event: 97.811 Thread 0x000001ddc7028000 21573       3       org.gradle.api.internal.tasks.compile.incremental.deps.ClassAnalysis$Serializer::read (6 bytes)
Event: 97.811 Thread 0x000001ddc7028000 nmethod 21573 0x000001ddb3971e10 code [0x000001ddb3971fc0, 0x000001ddb3972108]
Event: 97.811 Thread 0x000001ddc7028000 21574       3       org.gradle.api.internal.tasks.compile.incremental.deps.ClassAnalysis$Serializer::read (72 bytes)
Event: 97.812 Thread 0x000001ddc7028000 nmethod 21574 0x000001ddb3972190 code [0x000001ddb39723e0, 0x000001ddb3972d88]
Event: 97.812 Thread 0x000001ddc7028000 21575   !   3       java.util.concurrent.ArrayBlockingQueue::poll (38 bytes)
Event: 97.813 Thread 0x000001ddc7028000 nmethod 21575 0x000001ddb3973090 code [0x000001ddb39732e0, 0x000001ddb3973b28]

GC Heap History (20 events):
Event: 95.308 GC heap after
{Heap after GC invocations=147 (full 0):
 garbage-first heap   total 270336K, used 246947K [0x0000000080000000, 0x0000000100000000)
  region size 1024K, 2 young (2048K), 2 survivors (2048K)
 Metaspace       used 141105K, capacity 145917K, committed 146128K, reserved 643072K
  class space    used 17889K, capacity 19717K, committed 19788K, reserved 516096K
}
Event: 95.388 GC heap before
{Heap before GC invocations=147 (full 0):
 garbage-first heap   total 270336K, used 257187K [0x0000000080000000, 0x0000000100000000)
  region size 1024K, 13 young (13312K), 2 survivors (2048K)
 Metaspace       used 141201K, capacity 145990K, committed 146128K, reserved 643072K
  class space    used 17899K, capacity 19720K, committed 19788K, reserved 516096K
}
Event: 95.397 GC heap after
{Heap after GC invocations=148 (full 0):
 garbage-first heap   total 270336K, used 244781K [0x0000000080000000, 0x0000000100000000)
  region size 1024K, 2 young (2048K), 2 survivors (2048K)
 Metaspace       used 141201K, capacity 145990K, committed 146128K, reserved 643072K
  class space    used 17899K, capacity 19720K, committed 19788K, reserved 516096K
}
Event: 95.747 GC heap before
{Heap before GC invocations=148 (full 0):
 garbage-first heap   total 270336K, used 256045K [0x0000000080000000, 0x0000000100000000)
  region size 1024K, 13 young (13312K), 2 survivors (2048K)
 Metaspace       used 141538K, capacity 146248K, committed 146384K, reserved 643072K
  class space    used 17941K, capacity 19737K, committed 19788K, reserved 516096K
}
Event: 95.754 GC heap after
{Heap after GC invocations=149 (full 0):
 garbage-first heap   total 270336K, used 246317K [0x0000000080000000, 0x0000000100000000)
  region size 1024K, 2 young (2048K), 2 survivors (2048K)
 Metaspace       used 141538K, capacity 146248K, committed 146384K, reserved 643072K
  class space    used 17941K, capacity 19737K, committed 19788K, reserved 516096K
}
Event: 96.049 GC heap before
{Heap before GC invocations=149 (full 0):
 garbage-first heap   total 270336K, used 257581K [0x0000000080000000, 0x0000000100000000)
  region size 1024K, 13 young (13312K), 2 survivors (2048K)
 Metaspace       used 141930K, capacity 146638K, committed 146768K, reserved 643072K
  class space    used 17999K, capacity 19802K, committed 19916K, reserved 516096K
}
Event: 96.052 GC heap after
{Heap after GC invocations=150 (full 0):
 garbage-first heap   total 270336K, used 247644K [0x0000000080000000, 0x0000000100000000)
  region size 1024K, 2 young (2048K), 2 survivors (2048K)
 Metaspace       used 141930K, capacity 146638K, committed 146768K, reserved 643072K
  class space    used 17999K, capacity 19802K, committed 19916K, reserved 516096K
}
Event: 96.266 GC heap before
{Heap before GC invocations=150 (full 0):
 garbage-first heap   total 270336K, used 257884K [0x0000000080000000, 0x0000000100000000)
  region size 1024K, 13 young (13312K), 2 survivors (2048K)
 Metaspace       used 142176K, capacity 146904K, committed 147024K, reserved 645120K
  class space    used 18020K, capacity 19846K, committed 19916K, reserved 516096K
}
Event: 96.270 GC heap after
{Heap after GC invocations=151 (full 0):
 garbage-first heap   total 270336K, used 249408K [0x0000000080000000, 0x0000000100000000)
  region size 1024K, 2 young (2048K), 2 survivors (2048K)
 Metaspace       used 142176K, capacity 146904K, committed 147024K, reserved 645120K
  class space    used 18020K, capacity 19846K, committed 19916K, reserved 516096K
}
Event: 96.532 GC heap before
{Heap before GC invocations=151 (full 0):
 garbage-first heap   total 270336K, used 259648K [0x0000000080000000, 0x0000000100000000)
  region size 1024K, 13 young (13312K), 2 survivors (2048K)
 Metaspace       used 142524K, capacity 147257K, committed 147536K, reserved 645120K
  class space    used 18070K, capacity 19878K, committed 19916K, reserved 516096K
}
Event: 96.536 GC heap after
{Heap after GC invocations=152 (full 0):
 garbage-first heap   total 270336K, used 251064K [0x0000000080000000, 0x0000000100000000)
  region size 1024K, 2 young (2048K), 2 survivors (2048K)
 Metaspace       used 142524K, capacity 147257K, committed 147536K, reserved 645120K
  class space    used 18070K, capacity 19878K, committed 19916K, reserved 516096K
}
Event: 97.096 GC heap before
{Heap before GC invocations=153 (full 0):
 garbage-first heap   total 270336K, used 262328K [0x0000000080000000, 0x0000000100000000)
  region size 1024K, 13 young (13312K), 2 survivors (2048K)
 Metaspace       used 142736K, capacity 147511K, committed 147664K, reserved 645120K
  class space    used 18098K, capacity 19937K, committed 20044K, reserved 516096K
}
Event: 97.101 GC heap after
{Heap after GC invocations=154 (full 0):
 garbage-first heap   total 270336K, used 252630K [0x0000000080000000, 0x0000000100000000)
  region size 1024K, 2 young (2048K), 2 survivors (2048K)
 Metaspace       used 142736K, capacity 147511K, committed 147664K, reserved 645120K
  class space    used 18098K, capacity 19937K, committed 20044K, reserved 516096K
}
Event: 97.239 GC heap before
{Heap before GC invocations=154 (full 0):
 garbage-first heap   total 270336K, used 262870K [0x0000000080000000, 0x0000000100000000)
  region size 1024K, 13 young (13312K), 2 survivors (2048K)
 Metaspace       used 142771K, capacity 147517K, committed 147664K, reserved 645120K
  class space    used 18099K, capacity 19939K, committed 20044K, reserved 516096K
}
Event: 97.286 GC heap after
{Heap after GC invocations=155 (full 0):
 garbage-first heap   total 270336K, used 241007K [0x0000000080000000, 0x0000000100000000)
  region size 1024K, 1 young (1024K), 1 survivors (1024K)
 Metaspace       used 142771K, capacity 147517K, committed 147664K, reserved 645120K
  class space    used 18099K, capacity 19939K, committed 20044K, reserved 516096K
}
Event: 97.337 GC heap before
{Heap before GC invocations=155 (full 0):
 garbage-first heap   total 270336K, used 253295K [0x0000000080000000, 0x0000000100000000)
  region size 1024K, 13 young (13312K), 1 survivors (1024K)
 Metaspace       used 142796K, capacity 147518K, committed 147664K, reserved 645120K
  class space    used 18099K, capacity 19939K, committed 20044K, reserved 516096K
}
Event: 97.339 GC heap after
{Heap after GC invocations=156 (full 0):
 garbage-first heap   total 270336K, used 240897K [0x0000000080000000, 0x0000000100000000)
  region size 1024K, 1 young (1024K), 1 survivors (1024K)
 Metaspace       used 142796K, capacity 147518K, committed 147664K, reserved 645120K
  class space    used 18099K, capacity 19939K, committed 20044K, reserved 516096K
}
Event: 97.436 GC heap before
{Heap before GC invocations=156 (full 0):
 garbage-first heap   total 270336K, used 253185K [0x0000000080000000, 0x0000000100000000)
  region size 1024K, 13 young (13312K), 1 survivors (1024K)
 Metaspace       used 142833K, capacity 147582K, committed 147920K, reserved 645120K
  class space    used 18103K, capacity 19939K, committed 20044K, reserved 516096K
}
Event: 97.437 GC heap after
{Heap after GC invocations=157 (full 0):
 garbage-first heap   total 270336K, used 240785K [0x0000000080000000, 0x0000000100000000)
  region size 1024K, 1 young (1024K), 1 survivors (1024K)
 Metaspace       used 142833K, capacity 147582K, committed 147920K, reserved 645120K
  class space    used 18103K, capacity 19939K, committed 20044K, reserved 516096K
}
Event: 97.820 GC heap before
{Heap before GC invocations=157 (full 0):
 garbage-first heap   total 270336K, used 253073K [0x0000000080000000, 0x0000000100000000)
  region size 1024K, 13 young (13312K), 1 survivors (1024K)
 Metaspace       used 143046K, capacity 147849K, committed 148176K, reserved 645120K
  class space    used 18109K, capacity 19941K, committed 20044K, reserved 516096K
}

Deoptimization events (20 events):
Event: 97.463 Thread 0x000001ddcd717000 Uncommon trap: trap_request=0xffffffde fr.pc=0x000001ddb81b019c relative=0x000000000000025c
Event: 97.463 Thread 0x000001ddcd717000 Uncommon trap: reason=class_check action=maybe_recompile pc=0x000001ddb81b019c method=java.util.Spliterators$1Adapter.hasNext()Z @ 12 c2
Event: 97.463 Thread 0x000001ddcd717000 DEOPT PACKING pc=0x000001ddb81b019c sp=0x0000004ca53fc3f0
Event: 97.463 Thread 0x000001ddcd717000 DEOPT UNPACKING pc=0x000001ddb06da1af sp=0x0000004ca53fc3b8 mode 2
Event: 97.529 Thread 0x000001ddcd717000 Uncommon trap: trap_request=0xffffffc6 fr.pc=0x000001ddb835cf1c relative=0x000000000000081c
Event: 97.529 Thread 0x000001ddcd717000 Uncommon trap: reason=bimorphic_or_optimized_type_check action=maybe_recompile pc=0x000001ddb835cf1c method=org.gradle.internal.vfs.impl.DefaultFileSystemAccess.read(Ljava/lang/String;Ljava/util/function/Function;)Ljava/lang/Object; @ 6 c2
Event: 97.529 Thread 0x000001ddcd717000 DEOPT PACKING pc=0x000001ddb835cf1c sp=0x0000004ca53f9580
Event: 97.529 Thread 0x000001ddcd717000 DEOPT UNPACKING pc=0x000001ddb06da1af sp=0x0000004ca53f9568 mode 2
Event: 97.529 Thread 0x000001ddd5aa4000 Uncommon trap: trap_request=0xffffffc6 fr.pc=0x000001ddb835cf1c relative=0x000000000000081c
Event: 97.529 Thread 0x000001ddd5aa4000 Uncommon trap: reason=bimorphic_or_optimized_type_check action=maybe_recompile pc=0x000001ddb835cf1c method=org.gradle.internal.vfs.impl.DefaultFileSystemAccess.read(Ljava/lang/String;Ljava/util/function/Function;)Ljava/lang/Object; @ 6 c2
Event: 97.529 Thread 0x000001ddd5aa4000 DEOPT PACKING pc=0x000001ddb835cf1c sp=0x0000004ca95fe3b0
Event: 97.529 Thread 0x000001ddd5aa1800 Uncommon trap: trap_request=0xffffffc6 fr.pc=0x000001ddb835cf1c relative=0x000000000000081c
Event: 97.529 Thread 0x000001ddd5aa1800 Uncommon trap: reason=bimorphic_or_optimized_type_check action=maybe_recompile pc=0x000001ddb835cf1c method=org.gradle.internal.vfs.impl.DefaultFileSystemAccess.read(Ljava/lang/String;Ljava/util/function/Function;)Ljava/lang/Object; @ 6 c2
Event: 97.529 Thread 0x000001ddd5aa1800 DEOPT PACKING pc=0x000001ddb835cf1c sp=0x0000004ca96fe280
Event: 97.529 Thread 0x000001ddd5aa4000 DEOPT UNPACKING pc=0x000001ddb06da1af sp=0x0000004ca95fe398 mode 2
Event: 97.529 Thread 0x000001ddd5aa1800 DEOPT UNPACKING pc=0x000001ddb06da1af sp=0x0000004ca96fe268 mode 2
Event: 97.529 Thread 0x000001ddd1c1e800 Uncommon trap: trap_request=0xffffffc6 fr.pc=0x000001ddb835cf1c relative=0x000000000000081c
Event: 97.529 Thread 0x000001ddd1c1e800 Uncommon trap: reason=bimorphic_or_optimized_type_check action=maybe_recompile pc=0x000001ddb835cf1c method=org.gradle.internal.vfs.impl.DefaultFileSystemAccess.read(Ljava/lang/String;Ljava/util/function/Function;)Ljava/lang/Object; @ 6 c2
Event: 97.529 Thread 0x000001ddd1c1e800 DEOPT PACKING pc=0x000001ddb835cf1c sp=0x0000004ca9afe250
Event: 97.529 Thread 0x000001ddd1c1e800 DEOPT UNPACKING pc=0x000001ddb06da1af sp=0x0000004ca9afe238 mode 2

Classes redefined (0 events):
No events

Internal exceptions (20 events):
Event: 94.643 Thread 0x000001ddccc0e000 Exception <a 'sun/nio/fs/WindowsException'{0x00000000906cde50}> (0x00000000906cde50) thrown at [src/hotspot/share/prims/jni.cpp, line 617]
Event: 94.643 Thread 0x000001ddccc0e000 Exception <a 'sun/nio/fs/WindowsException'{0x00000000906cf3d8}> (0x00000000906cf3d8) thrown at [src/hotspot/share/prims/jni.cpp, line 617]
Event: 94.667 Thread 0x000001ddccc0e000 Exception <a 'sun/nio/fs/WindowsException'{0x000000009050c2e8}> (0x000000009050c2e8) thrown at [src/hotspot/share/prims/jni.cpp, line 617]
Event: 94.706 Thread 0x000001ddccc0e000 Exception <a 'sun/nio/fs/WindowsException'{0x0000000090548df8}> (0x0000000090548df8) thrown at [src/hotspot/share/prims/jni.cpp, line 617]
Event: 94.720 Thread 0x000001ddccc0e000 Exception <a 'sun/nio/fs/WindowsException'{0x00000000905715e0}> (0x00000000905715e0) thrown at [src/hotspot/share/prims/jni.cpp, line 617]
Event: 94.731 Thread 0x000001ddccc0e000 Exception <a 'sun/nio/fs/WindowsException'{0x00000000905a9a30}> (0x00000000905a9a30) thrown at [src/hotspot/share/prims/jni.cpp, line 617]
Event: 94.887 Thread 0x000001ddccc0e000 Exception <a 'sun/nio/fs/WindowsException'{0x00000000903f5380}> (0x00000000903f5380) thrown at [src/hotspot/share/prims/jni.cpp, line 617]
Event: 94.890 Thread 0x000001ddccc0e000 Exception <a 'sun/nio/fs/WindowsException'{0x00000000903fd6e0}> (0x00000000903fd6e0) thrown at [src/hotspot/share/prims/jni.cpp, line 617]
Event: 94.895 Thread 0x000001ddccc0e000 Exception <a 'sun/nio/fs/WindowsException'{0x000000009020f960}> (0x000000009020f960) thrown at [src/hotspot/share/prims/jni.cpp, line 617]
Event: 94.901 Thread 0x000001ddccc0e000 Exception <a 'sun/nio/fs/WindowsException'{0x0000000090226650}> (0x0000000090226650) thrown at [src/hotspot/share/prims/jni.cpp, line 617]
Event: 95.078 Thread 0x000001ddccc0e000 Implicit null exception at 0x000001ddb8ad1270 to 0x000001ddb8ad12aa
Event: 95.078 Thread 0x000001ddccc0e000 Implicit null exception at 0x000001ddb871becd to 0x000001ddb871c2f4
Event: 95.618 Thread 0x000001ddc9352800 Exception <a 'java/lang/NoSuchMethodError'{0x0000000090044dd8}: <clinit>> (0x0000000090044dd8) thrown at [src/hotspot/share/prims/jni.cpp, line 1367]
Event: 95.657 Thread 0x000001ddccc0e000 Exception <a 'sun/nio/fs/WindowsException'{0x00000000900ce3c0}> (0x00000000900ce3c0) thrown at [src/hotspot/share/prims/jni.cpp, line 617]
Event: 95.657 Thread 0x000001ddccc0e000 Exception <a 'sun/nio/fs/WindowsException'{0x00000000900cf558}> (0x00000000900cf558) thrown at [src/hotspot/share/prims/jni.cpp, line 617]
Event: 95.689 Thread 0x000001ddccc0e000 Exception <a 'java/lang/NoSuchMethodError'{0x000000008ff7f680}: <clinit>> (0x000000008ff7f680) thrown at [src/hotspot/share/prims/jni.cpp, line 1367]
Event: 95.709 Thread 0x000001ddd5a99800 Exception <a 'sun/nio/fs/WindowsException'{0x000000008feb5e08}> (0x000000008feb5e08) thrown at [src/hotspot/share/prims/jni.cpp, line 617]
Event: 95.712 Thread 0x000001ddd5a99800 Exception <a 'sun/nio/fs/WindowsException'{0x000000008febd410}> (0x000000008febd410) thrown at [src/hotspot/share/prims/jni.cpp, line 617]
Event: 95.712 Thread 0x000001ddd5a99800 Exception <a 'sun/nio/fs/WindowsException'{0x000000008febd4b0}> (0x000000008febd4b0) thrown at [src/hotspot/share/prims/jni.cpp, line 617]
Event: 95.712 Thread 0x000001ddd5a99800 Exception <a 'sun/nio/fs/WindowsException'{0x000000008febd5a0}> (0x000000008febd5a0) thrown at [src/hotspot/share/prims/jni.cpp, line 617]

Events (20 events):
Event: 97.457 loading class org/gradle/internal/execution/history/changes/ClasspathCompareStrategy$ChangeState done
Event: 97.464 loading class org/gradle/internal/execution/history/changes/IncrementalInputChanges
Event: 97.464 loading class org/gradle/internal/execution/history/changes/IncrementalInputChanges done
Event: 97.474 loading class org/gradle/api/internal/tasks/compile/incremental/recomp/CurrentCompilation
Event: 97.474 loading class org/gradle/api/internal/tasks/compile/incremental/recomp/CurrentCompilation done
Event: 97.510 loading class org/gradle/api/internal/tasks/compile/incremental/serialization/HierarchicalNameSerializer
Event: 97.510 loading class org/gradle/api/internal/tasks/compile/incremental/serialization/HierarchicalNameSerializer done
Event: 97.512 loading class org/gradle/api/internal/tasks/compile/incremental/serialization/HierarchicalNameSerializer
Event: 97.512 loading class org/gradle/api/internal/tasks/compile/incremental/serialization/HierarchicalNameSerializer done
Event: 97.518 loading class org/gradle/api/internal/tasks/compile/incremental/recomp/PreviousCompilation
Event: 97.518 loading class org/gradle/api/internal/tasks/compile/incremental/recomp/PreviousCompilation done
Event: 97.519 loading class org/gradle/api/internal/tasks/compile/incremental/deps/ClassSetAnalysis
Event: 97.519 loading class org/gradle/api/internal/tasks/compile/incremental/deps/ClassSetAnalysis done
Event: 97.520 loading class org/gradle/api/internal/tasks/compile/incremental/recomp/RecompilationSpec
Event: 97.520 loading class org/gradle/api/internal/tasks/compile/incremental/recomp/RecompilationSpec done
Event: 97.523 loading class org/gradle/api/internal/tasks/compile/incremental/recomp/FileNameDerivingClassNameConverter
Event: 97.523 loading class org/gradle/api/internal/tasks/compile/incremental/recomp/FileNameDerivingClassNameConverter done
Event: 97.524 loading class org/gradle/api/internal/tasks/compile/incremental/recomp/DefaultSourceFileClassNameConverter
Event: 97.524 loading class org/gradle/api/internal/tasks/compile/incremental/recomp/DefaultSourceFileClassNameConverter done
Event: 97.819 Executing VM operation: G1CollectForAllocation


Dynamic libraries:
0x00007ff7e14b0000 - 0x00007ff7e14ba000 	D:\AndroidStudio\jbr\bin\java.exe
0x00007ffd0a6f0000 - 0x00007ffd0a904000 	C:\Windows\SYSTEM32\ntdll.dll
0x00007ffd092f0000 - 0x00007ffd093b2000 	C:\Windows\System32\KERNEL32.DLL
0x00007ffd07b30000 - 0x00007ffd07ecc000 	C:\Windows\System32\KERNELBASE.dll
0x00007ffd08150000 - 0x00007ffd08261000 	C:\Windows\System32\ucrtbase.dll
0x00007ffce7c30000 - 0x00007ffce7c47000 	D:\AndroidStudio\jbr\bin\jli.dll
0x00007ffce7b40000 - 0x00007ffce7b5b000 	D:\AndroidStudio\jbr\bin\VCRUNTIME140.dll
0x00007ffd093d0000 - 0x00007ffd0957b000 	C:\Windows\System32\USER32.dll
0x00007ffcf28e0000 - 0x00007ffcf2b6e000 	C:\Windows\WinSxS\amd64_microsoft.windows.common-controls_6595b64144ccf1df_6.0.22621.608_none_a9444ca7c10bb01d\COMCTL32.dll
0x00007ffd08030000 - 0x00007ffd08056000 	C:\Windows\System32\win32u.dll
0x00007ffd09580000 - 0x00007ffd095a9000 	C:\Windows\System32\GDI32.dll
0x00007ffd0a4e0000 - 0x00007ffd0a587000 	C:\Windows\System32\msvcrt.dll
0x00007ffd08270000 - 0x00007ffd08383000 	C:\Windows\System32\gdi32full.dll
0x00007ffd07ed0000 - 0x00007ffd07f6a000 	C:\Windows\System32\msvcp_win.dll
0x00007ffd095b0000 - 0x00007ffd095e1000 	C:\Windows\System32\IMM32.DLL
0x00007ffd00420000 - 0x00007ffd0042c000 	D:\AndroidStudio\jbr\bin\vcruntime140_1.dll
0x00007ffcd1670000 - 0x00007ffcd16fd000 	D:\AndroidStudio\jbr\bin\msvcp140.dll
0x00007ffc93fc0000 - 0x00007ffc94b7c000 	D:\AndroidStudio\jbr\bin\server\jvm.dll
0x00007ffd0a430000 - 0x00007ffd0a4de000 	C:\Windows\System32\ADVAPI32.dll
0x00007ffd08550000 - 0x00007ffd085f4000 	C:\Windows\System32\sechost.dll
0x00007ffd091b0000 - 0x00007ffd092c7000 	C:\Windows\System32\RPCRT4.dll
0x00007ffd093c0000 - 0x00007ffd093c8000 	C:\Windows\System32\PSAPI.DLL
0x00007ffc9b100000 - 0x00007ffc9b109000 	C:\Windows\SYSTEM32\WSOCK32.dll
0x00007ffd00a50000 - 0x00007ffd00a84000 	C:\Windows\SYSTEM32\WINMM.dll
0x00007ffd099b0000 - 0x00007ffd09a21000 	C:\Windows\System32\WS2_32.dll
0x00007ffd009a0000 - 0x00007ffd009aa000 	C:\Windows\SYSTEM32\VERSION.dll
0x00007ffd06c30000 - 0x00007ffd06c48000 	C:\Windows\SYSTEM32\kernel.appcore.dll
0x00007ffd008e0000 - 0x00007ffd008f0000 	D:\AndroidStudio\jbr\bin\verify.dll
0x00007ffd054e0000 - 0x00007ffd0570e000 	C:\Windows\SYSTEM32\DBGHELP.DLL
0x00007ffd09f10000 - 0x00007ffd0a299000 	C:\Windows\System32\combase.dll
0x00007ffd08600000 - 0x00007ffd086d7000 	C:\Windows\System32\OLEAUT32.dll
0x00007ffcff960000 - 0x00007ffcff992000 	C:\Windows\SYSTEM32\dbgcore.DLL
0x00007ffd08060000 - 0x00007ffd080db000 	C:\Windows\System32\bcryptPrimitives.dll
0x00007ffce7c50000 - 0x00007ffce7c78000 	D:\AndroidStudio\jbr\bin\java.dll
0x00007ffd00480000 - 0x00007ffd0048a000 	D:\AndroidStudio\jbr\bin\jimage.dll
0x00007ffcff360000 - 0x00007ffcff378000 	D:\AndroidStudio\jbr\bin\zip.dll
0x00007ffd089a0000 - 0x00007ffd09190000 	C:\Windows\System32\SHELL32.dll
0x00007ffd05b00000 - 0x00007ffd063cd000 	C:\Windows\SYSTEM32\windows.storage.dll
0x00007ffd059c0000 - 0x00007ffd05afe000 	C:\Windows\SYSTEM32\wintypes.dll
0x00007ffd0a2a0000 - 0x00007ffd0a391000 	C:\Windows\System32\SHCORE.dll
0x00007ffd09eb0000 - 0x00007ffd09f0e000 	C:\Windows\System32\shlwapi.dll
0x00007ffd07a60000 - 0x00007ffd07a81000 	C:\Windows\SYSTEM32\profapi.dll
0x00007ffcfecb0000 - 0x00007ffcfecc9000 	D:\AndroidStudio\jbr\bin\net.dll
0x00007ffd01f60000 - 0x00007ffd02097000 	C:\Windows\SYSTEM32\WINHTTP.dll
0x00007ffd07090000 - 0x00007ffd070f9000 	C:\Windows\system32\mswsock.dll
0x00007ffcfeab0000 - 0x00007ffcfeac3000 	D:\AndroidStudio\jbr\bin\nio.dll
0x00007ffcd32e0000 - 0x00007ffcd3307000 	C:\Users\Alex\.gradle\native\e1d6ef7f7dcc3fd88c89a11ec53ec762bb8ba0a96d01ffa2cd45eb1d1d8dd5c5\windows-amd64\native-platform.dll
0x00007ffcd09e0000 - 0x00007ffcd0b24000 	C:\Users\Alex\.gradle\native\0d407fdbe67a94daf76414ababcb853783967236a71b16ec16e742cd7a986fd3\windows-amd64\native-platform-file-events.dll
0x00007ffcff3e0000 - 0x00007ffcff3ea000 	D:\AndroidStudio\jbr\bin\management.dll
0x00007ffcfec60000 - 0x00007ffcfec6b000 	D:\AndroidStudio\jbr\bin\management_ext.dll
0x00007ffd073b0000 - 0x00007ffd073cb000 	C:\Windows\SYSTEM32\CRYPTSP.dll
0x00007ffd06ba0000 - 0x00007ffd06bd5000 	C:\Windows\system32\rsaenh.dll
0x00007ffd07130000 - 0x00007ffd07158000 	C:\Windows\SYSTEM32\USERENV.dll
0x00007ffd07500000 - 0x00007ffd07528000 	C:\Windows\SYSTEM32\bcrypt.dll
0x00007ffd07390000 - 0x00007ffd0739c000 	C:\Windows\SYSTEM32\CRYPTBASE.dll
0x00007ffd06690000 - 0x00007ffd066bd000 	C:\Windows\SYSTEM32\IPHLPAPI.DLL
0x00007ffd08820000 - 0x00007ffd08829000 	C:\Windows\System32\NSI.dll
0x00007ffd01c70000 - 0x00007ffd01c89000 	C:\Windows\SYSTEM32\dhcpcsvc6.DLL
0x00007ffd01c30000 - 0x00007ffd01c4f000 	C:\Windows\SYSTEM32\dhcpcsvc.DLL
0x00007ffd06700000 - 0x00007ffd067f3000 	C:\Windows\SYSTEM32\DNSAPI.dll

dbghelp: loaded successfully - version: 4.0.5 - missing functions: none
symbol engine: initialized successfully - sym options: 0x614 - pdb path: .;D:\AndroidStudio\jbr\bin;C:\Windows\SYSTEM32;C:\Windows\WinSxS\amd64_microsoft.windows.common-controls_6595b64144ccf1df_6.0.22621.608_none_a9444ca7c10bb01d;D:\AndroidStudio\jbr\bin\server;C:\Users\Alex\.gradle\native\e1d6ef7f7dcc3fd88c89a11ec53ec762bb8ba0a96d01ffa2cd45eb1d1d8dd5c5\windows-amd64;C:\Users\Alex\.gradle\native\0d407fdbe67a94daf76414ababcb853783967236a71b16ec16e742cd7a986fd3\windows-amd64

VM Arguments:
jvm_args: -XX:MaxMetaspaceSize=512m --add-opens=java.base/java.util=ALL-UNNAMED --add-opens=java.base/java.lang=ALL-UNNAMED --add-opens=java.base/java.lang.invoke=ALL-UNNAMED --add-opens=java.base/java.util=ALL-UNNAMED --add-opens=java.prefs/java.util.prefs=ALL-UNNAMED --add-opens=java.prefs/java.util.prefs=ALL-UNNAMED --add-opens=java.base/java.nio.charset=ALL-UNNAMED --add-opens=java.base/java.net=ALL-UNNAMED --add-opens=java.base/java.util.concurrent.atomic=ALL-UNNAMED -Xmx2048m -Dfile.encoding=windows-1252 -Duser.country=US -Duser.language=en -Duser.variant 
java_command: org.gradle.launcher.daemon.bootstrap.GradleDaemon 7.5.1
java_class_path (initial): C:\Users\Alex\.gradle\wrapper\dists\gradle-7.5.1-all\1ehga6e77gqps5uk2kc5kf1vc\gradle-7.5.1\lib\gradle-launcher-7.5.1.jar
Launcher Type: SUN_STANDARD

[Global flags]
     intx CICompilerCount                          = 4                                         {product} {ergonomic}
   size_t CompressedClassSpaceSize                 = 528482304                                 {product} {ergonomic}
     uint ConcGCThreads                            = 2                                         {product} {ergonomic}
     uint G1ConcRefinementThreads                  = 8                                         {product} {ergonomic}
   size_t G1HeapRegionSize                         = 1048576                                   {product} {ergonomic}
    uintx GCDrainStackTargetSize                   = 64                                        {product} {ergonomic}
   size_t InitialHeapSize                          = 132120576                                 {product} {ergonomic}
   size_t MarkStackSize                            = 4194304                                   {product} {ergonomic}
   size_t MaxHeapSize                              = 2147483648                                {product} {command line}
   size_t MaxMetaspaceSize                         = 536870912                                 {product} {command line}
   size_t MaxNewSize                               = 1287651328                                {product} {ergonomic}
   size_t MinHeapDeltaBytes                        = 1048576                                   {product} {ergonomic}
    uintx NonNMethodCodeHeapSize                   = 5836300                                {pd product} {ergonomic}
    uintx NonProfiledCodeHeapSize                  = 122910970                              {pd product} {ergonomic}
    uintx ProfiledCodeHeapSize                     = 122910970                              {pd product} {ergonomic}
    uintx ReservedCodeCacheSize                    = 251658240                              {pd product} {ergonomic}
     bool SegmentedCodeCache                       = true                                      {product} {ergonomic}
     bool UseCompressedClassPointers               = true                                 {lp64_product} {ergonomic}
     bool UseCompressedOops                        = true                                 {lp64_product} {ergonomic}
     bool UseG1GC                                  = true                                      {product} {ergonomic}
     bool UseLargePagesIndividualAllocation        = false                                  {pd product} {ergonomic}

Logging:
Log output configuration:
 #0: stdout all=warning uptime,level,tags
 #1: stderr all=off uptime,level,tags

Environment Variables:
JAVA_HOME=C:\Program Files\Microsoft\jdk-11.0.18.10-hotspot\
PATH=C:\Program Files\Microsoft\jdk-11.0.18.10-hotspot\bin;C:\Program Files (x86)\Common Files\Oracle\Java\javapath;C:\Windows\system32;C:\Windows;C:\Windows\System32\Wbem;C:\Windows\System32\WindowsPowerShell\v1.0\;C:\Windows\System32\OpenSSH\;C:\ProgramData\chocolatey\bin;C:\Program Files\PuTTY\;C:\Program Files\nodejs\;C:\Program Files\Git\bin\;C:\Program Files\Git\cmd\;C:\Users\Alex\AppData\Roaming\Python\Scripts;C:\Users\Alex\AppData\Local\Android\Sdk\platform-tools;C:\MinGW;C:\Users\Alex\AppData\Local\Programs\Python\Python311\Scripts\;C:\Users\Alex\AppData\Local\Programs\Python\Python311\;C:\Users\Alex\AppData\Local\Microsoft\WindowsApps;D:\CLion 2022.3.1\bin;;C:\Users\Alex\AppData\Local\Programs\Microsoft VS Code\bin;D:\psn\modelsim_ase\win32aloem;C:\Users\Alex\AppData\Local\GitHubDesktop\bin;C:\Users\Alex\AppData\Roaming\npm
USERNAME=Alex
OS=Windows_NT
PROCESSOR_IDENTIFIER=Intel64 Family 6 Model 165 Stepping 2, GenuineIntel



---------------  S Y S T E M  ---------------

OS: Windows 11 , 64 bit Build 22621 (10.0.22621.1485)
OS uptime: 9 days 7:48 hours
Hyper-V role detected

CPU:total 8 (initial active 8) (4 cores per cpu, 2 threads per core) family 6 model 165 stepping 2 microcode 0xe0, cmov, cx8, fxsr, mmx, sse, sse2, sse3, ssse3, sse4.1, sse4.2, popcnt, avx, avx2, aes, clmul, erms, 3dnowpref, lzcnt, ht, tsc, tscinvbit, bmi1, bmi2, adx, fma

Memory: 4k page, system-wide physical 8029M (336M free)
TotalPageFile size 32605M (AvailPageFile size 45M)
current process WorkingSet (physical memory assigned to process): 499M, peak: 526M
current process commit charge ("private bytes"): 711M, peak: 764M

vm_info: OpenJDK 64-Bit Server VM (11.0.15+0-b2043.56-9505619) for windows-amd64 JRE (11.0.15+0-b2043.56-9505619), built on Jan 19 2023 02:48:00 by "builduser" with unknown MS VC++:1929

END.
